<?xml version="1.0" encoding="UTF-8"?>
<coverage generated="1763627032432" clover="3.2.0">
  <project timestamp="1763627032432" name="All files">
    <metrics statements="3266" coveredstatements="1968" conditionals="2942" coveredconditionals="1183" methods="727" coveredmethods="353" elements="6935" coveredelements="3504" complexity="0" loc="3266" ncloc="3266" packages="7" files="28" classes="28"/>
    <package name="job-labor-proto">
      <metrics statements="1134" coveredstatements="515" conditionals="1195" coveredconditionals="276" methods="361" coveredmethods="103"/>
      <file name="App.js" path="/Users/daniilglusenko/Desktop/solid-uzb-hh/job-labor-proto/App.js">
        <metrics statements="1121" coveredstatements="502" conditionals="1184" coveredconditionals="267" methods="360" coveredmethods="102"/>
        <line num="74" count="3" type="stmt"/>
        <line num="82" count="3" type="stmt"/>
        <line num="154" count="3" type="stmt"/>
        <line num="197" count="3" type="stmt"/>
        <line num="199" count="3" type="stmt"/>
        <line num="226" count="3" type="stmt"/>
        <line num="262" count="3" type="stmt"/>
        <line num="263" count="12" type="stmt"/>
        <line num="264" count="12" type="stmt"/>
        <line num="267" count="3" type="cond" truecount="1" falsecount="0"/>
        <line num="268" count="56" type="stmt"/>
        <line num="271" count="392" type="cond" truecount="1" falsecount="1"/>
        <line num="272" count="392" type="stmt"/>
        <line num="273" count="392" type="stmt"/>
        <line num="277" count="3" type="stmt"/>
        <line num="278" count="42" type="stmt"/>
        <line num="280" count="84" type="stmt"/>
        <line num="283" count="3" type="stmt"/>
        <line num="285" count="3" type="stmt"/>
        <line num="293" count="3" type="stmt"/>
        <line num="299" count="3" type="stmt"/>
        <line num="301" count="3" type="stmt"/>
        <line num="318" count="3" type="stmt"/>
        <line num="339" count="3" type="stmt"/>
        <line num="345" count="76" type="cond" truecount="0" falsecount="1"/>
        <line num="347" count="3" type="cond" truecount="0" falsecount="1"/>
        <line num="348" count="24" type="stmt"/>
        <line num="350" count="24" type="cond" truecount="1" falsecount="1"/>
        <line num="351" count="24" type="stmt"/>
        <line num="354" count="24" type="stmt"/>
        <line num="355" count="24" type="stmt"/>
        <line num="356" count="24" type="cond" truecount="1" falsecount="1"/>
        <line num="357" count="24" type="stmt"/>
        <line num="359" count="24" type="cond" truecount="1" falsecount="1"/>
        <line num="360" count="24" type="stmt"/>
        <line num="362" count="24" type="cond" truecount="1" falsecount="1"/>
        <line num="363" count="24" type="stmt"/>
        <line num="365" count="24" type="cond" truecount="1" falsecount="1"/>
        <line num="366" count="24" type="stmt"/>
        <line num="369" count="24" type="stmt"/>
        <line num="375" count="3" type="stmt"/>
        <line num="376" count="168" type="cond" truecount="2" falsecount="0"/>
        <line num="377" count="12" type="stmt"/>
        <line num="380" count="156" type="cond" truecount="2" falsecount="0"/>
        <line num="381" count="12" type="stmt"/>
        <line num="384" count="144" type="cond" truecount="4" falsecount="0"/>
        <line num="385" count="24" type="stmt"/>
        <line num="388" count="120" type="stmt"/>
        <line num="391" count="3" type="cond" truecount="0" falsecount="1"/>
        <line num="392" count="12" type="stmt"/>
        <line num="393" count="12" type="stmt"/>
        <line num="394" count="168" type="stmt"/>
        <line num="396" count="12" type="stmt"/>
        <line num="399" count="3" type="stmt"/>
        <line num="400" count="560" type="cond" truecount="3" falsecount="1"/>
        <line num="401" count="0" type="stmt"/>
        <line num="404" count="560" type="cond" truecount="3" falsecount="1"/>
        <line num="405" count="0" type="stmt"/>
        <line num="408" count="560" type="cond" truecount="3" falsecount="1"/>
        <line num="409" count="0" type="stmt"/>
        <line num="412" count="560" type="cond" truecount="1" falsecount="1"/>
        <line num="416" count="0" type="stmt"/>
        <line num="419" count="560" type="cond" truecount="4" falsecount="1"/>
        <line num="420" count="0" type="stmt"/>
        <line num="423" count="560" type="stmt"/>
        <line num="426" count="3" type="stmt"/>
        <line num="427" count="40" type="stmt"/>
        <line num="428" count="560" type="cond" truecount="1" falsecount="1"/>
        <line num="429" count="560" type="cond" truecount="1" falsecount="1"/>
        <line num="430" count="0" type="stmt"/>
        <line num="432" count="560" type="stmt"/>
        <line num="436" count="3" type="stmt"/>
        <line num="437" count="96" type="cond" truecount="4" falsecount="1"/>
        <line num="438" count="0" type="cond" truecount="0" falsecount="2"/>
        <line num="440" count="96" type="stmt"/>
        <line num="441" count="96" type="stmt"/>
        <line num="443" count="96" type="stmt"/>
        <line num="444" count="96" type="stmt"/>
        <line num="446" count="1344" type="cond" truecount="1" falsecount="1"/>
        <line num="447" count="0" type="stmt"/>
        <line num="449" count="1344" type="stmt"/>
        <line num="451" count="1344" type="stmt"/>
        <line num="452" count="1344" type="cond" truecount="1" falsecount="1"/>
        <line num="454" count="1344" type="cond" truecount="2" falsecount="3"/>
        <line num="455" count="0" type="stmt"/>
        <line num="458" count="1344" type="stmt"/>
        <line num="466" count="0" type="stmt"/>
        <line num="467" count="0" type="stmt"/>
        <line num="469" count="96" type="stmt"/>
        <line num="472" count="3" type="stmt"/>
        <line num="475" count="14" type="stmt"/>
        <line num="476" count="14" type="stmt"/>
        <line num="490" count="3" type="stmt"/>
        <line num="491" count="0" type="cond" truecount="0" falsecount="2"/>
        <line num="492" count="0" type="stmt"/>
        <line num="495" count="0" type="stmt"/>
        <line num="496" count="0" type="stmt"/>
        <line num="497" count="0" type="stmt"/>
        <line num="498" count="0" type="stmt"/>
        <line num="501" count="3" type="stmt"/>
        <line num="502" count="26" type="cond" truecount="2" falsecount="6"/>
        <line num="506" count="14" type="stmt"/>
        <line num="507" count="14" type="stmt"/>
        <line num="518" count="12" type="stmt"/>
        <line num="521" count="12" type="stmt"/>
        <line num="522" count="12" type="stmt"/>
        <line num="530" count="0" type="stmt"/>
        <line num="533" count="0" type="cond" truecount="0" falsecount="2"/>
        <line num="534" count="0" type="stmt"/>
        <line num="535" count="0" type="stmt"/>
        <line num="538" count="0" type="stmt"/>
        <line num="541" count="0" type="stmt"/>
        <line num="542" count="0" type="stmt"/>
        <line num="543" count="0" type="stmt"/>
        <line num="544" count="0" type="cond" truecount="0" falsecount="2"/>
        <line num="545" count="0" type="stmt"/>
        <line num="547" count="0" type="stmt"/>
        <line num="550" count="0" type="stmt"/>
        <line num="558" count="0" type="stmt"/>
        <line num="568" count="0" type="stmt"/>
        <line num="577" count="0" type="stmt"/>
        <line num="585" count="0" type="stmt"/>
        <line num="590" count="0" type="stmt"/>
        <line num="594" count="3" type="stmt"/>
        <line num="595" count="10060" type="stmt"/>
        <line num="601" count="10060" type="stmt"/>
        <line num="603" count="10060" type="stmt"/>
        <line num="606" count="14" type="cond" truecount="1" falsecount="1"/>
        <line num="609" count="14" type="cond" truecount="1" falsecount="1"/>
        <line num="614" count="14" type="cond" truecount="1" falsecount="1"/>
        <line num="615" count="14" type="stmt"/>
        <line num="616" count="14" type="stmt"/>
        <line num="620" count="10060" type="stmt"/>
        <line num="621" count="14" type="stmt"/>
        <line num="622" count="14" type="stmt"/>
        <line num="623" count="14" type="stmt"/>
        <line num="624" count="14" type="stmt"/>
        <line num="625" count="14" type="cond" truecount="4" falsecount="0"/>
        <line num="626" count="12" type="stmt"/>
        <line num="632" count="0" type="stmt"/>
        <line num="636" count="14" type="stmt"/>
        <line num="638" count="14" type="stmt"/>
        <line num="639" count="14" type="stmt"/>
        <line num="643" count="10060" type="stmt"/>
        <line num="644" count="40" type="cond" truecount="2" falsecount="0"/>
        <line num="645" count="14" type="stmt"/>
        <line num="648" count="26" type="stmt"/>
        <line num="649" count="8" type="stmt"/>
        <line num="650" count="0" type="stmt"/>
        <line num="654" count="26" type="stmt"/>
        <line num="657" count="10060" type="stmt"/>
        <line num="658" count="0" type="stmt"/>
        <line num="661" count="10060" type="stmt"/>
        <line num="662" count="0" type="stmt"/>
        <line num="665" count="10060" type="stmt"/>
        <line num="666" count="0" type="stmt"/>
        <line num="669" count="10060" type="stmt"/>
        <line num="670" count="0" type="cond" truecount="0" falsecount="2"/>
        <line num="676" count="0" type="stmt"/>
        <line num="681" count="0" type="stmt"/>
        <line num="682" count="0" type="stmt"/>
        <line num="684" count="0" type="stmt"/>
        <line num="685" count="0" type="stmt"/>
        <line num="686" count="0" type="stmt"/>
        <line num="687" count="0" type="stmt"/>
        <line num="689" count="0" type="stmt"/>
        <line num="703" count="10060" type="stmt"/>
        <line num="704" count="40" type="stmt"/>
        <line num="708" count="10060" type="stmt"/>
        <line num="763" count="3" type="stmt"/>
        <line num="764" count="18" type="stmt"/>
        <line num="765" count="18" type="stmt"/>
        <line num="766" count="18" type="stmt"/>
        <line num="768" count="0" type="stmt"/>
        <line num="769" count="0" type="stmt"/>
        <line num="772" count="18" type="stmt"/>
        <line num="773" count="18" type="stmt"/>
        <line num="777" count="3" type="cond" truecount="1" falsecount="0"/>
        <line num="779" count="18" type="stmt"/>
        <line num="780" count="18" type="stmt"/>
        <line num="782" count="18" type="stmt"/>
        <line num="789" count="18" type="cond" truecount="1" falsecount="1"/>
        <line num="790" count="0" type="stmt"/>
        <line num="791" count="0" type="stmt"/>
        <line num="794" count="18" type="stmt"/>
        <line num="799" count="0" type="cond" truecount="0" falsecount="2"/>
        <line num="800" count="0" type="stmt"/>
        <line num="804" count="0" type="stmt"/>
        <line num="805" count="0" type="stmt"/>
        <line num="808" count="0" type="stmt"/>
        <line num="811" count="0" type="cond" truecount="0" falsecount="2"/>
        <line num="813" count="0" type="cond" truecount="0" falsecount="3"/>
        <line num="818" count="0" type="stmt"/>
        <line num="819" count="0" type="stmt"/>
        <line num="822" count="0" type="stmt"/>
        <line num="825" count="0" type="cond" truecount="0" falsecount="4"/>
        <line num="826" count="0" type="stmt"/>
        <line num="829" count="0" type="stmt"/>
        <line num="832" count="0" type="stmt"/>
        <line num="835" count="18" type="cond" truecount="7" falsecount="1"/>
        <line num="841" count="0" type="stmt"/>
        <line num="845" count="18" type="stmt"/>
        <line num="848" count="18" type="cond" truecount="2" falsecount="2"/>
        <line num="849" count="0" type="stmt"/>
        <line num="852" count="18" type="stmt"/>
        <line num="856" count="3" type="stmt"/>
        <line num="857" count="8" type="stmt"/>
        <line num="859" count="3" type="stmt"/>
        <line num="870" count="3" type="stmt"/>
        <line num="888" count="3" type="stmt"/>
        <line num="896" count="3" type="stmt"/>
        <line num="904" count="3" type="stmt"/>
        <line num="925" count="3" type="stmt"/>
        <line num="949" count="3" type="stmt"/>
        <line num="967" count="3" type="stmt"/>
        <line num="972" count="3" type="stmt"/>
        <line num="978" count="3" type="stmt"/>
        <line num="1008" count="3" type="stmt"/>
        <line num="1032" count="3" type="stmt"/>
        <line num="1041" count="3" type="stmt"/>
        <line num="1049" count="3" type="stmt"/>
        <line num="1059" count="3" type="stmt"/>
        <line num="1093" count="10060" type="stmt"/>
        <line num="1094" count="10060" type="stmt"/>
        <line num="1095" count="10060" type="stmt"/>
        <line num="1096" count="10060" type="stmt"/>
        <line num="1101" count="10060" type="stmt"/>
        <line num="1102" count="10060" type="stmt"/>
        <line num="1103" count="10060" type="stmt"/>
        <line num="1108" count="10060" type="stmt"/>
        <line num="1109" count="10060" type="stmt"/>
        <line num="1110" count="10060" type="stmt"/>
        <line num="1111" count="10060" type="stmt"/>
        <line num="1112" count="10060" type="stmt"/>
        <line num="1113" count="10060" type="stmt"/>
        <line num="1117" count="10060" type="stmt"/>
        <line num="1121" count="10060" type="stmt"/>
        <line num="1125" count="10060" type="stmt"/>
        <line num="1129" count="10060" type="stmt"/>
        <line num="1131" count="10060" type="stmt"/>
        <line num="1132" count="10060" type="stmt"/>
        <line num="1135" count="10060" type="stmt"/>
        <line num="1136" count="10060" type="stmt"/>
        <line num="1143" count="10060" type="stmt"/>
        <line num="1144" count="10060" type="stmt"/>
        <line num="1145" count="10060" type="stmt"/>
        <line num="1146" count="10060" type="stmt"/>
        <line num="1148" count="10060" type="stmt"/>
        <line num="1149" count="10060" type="stmt"/>
        <line num="1150" count="10060" type="stmt"/>
        <line num="1152" count="10060" type="stmt"/>
        <line num="1153" count="10060" type="stmt"/>
        <line num="1154" count="10060" type="stmt"/>
        <line num="1156" count="10060" type="stmt"/>
        <line num="1157" count="10060" type="stmt"/>
        <line num="1164" count="10060" type="stmt"/>
        <line num="1169" count="10060" type="stmt"/>
        <line num="1172" count="10060" type="stmt"/>
        <line num="1177" count="10060" type="stmt"/>
        <line num="1180" count="10060" type="stmt"/>
        <line num="1191" count="10060" type="stmt"/>
        <line num="1196" count="10060" type="stmt"/>
        <line num="1197" count="10060" type="stmt"/>
        <line num="1198" count="10060" type="stmt"/>
        <line num="1200" count="10060" type="stmt"/>
        <line num="1207" count="10060" type="stmt"/>
        <line num="1223" count="10060" type="stmt"/>
        <line num="1232" count="10060" type="stmt"/>
        <line num="1238" count="10060" type="stmt"/>
        <line num="1244" count="10060" type="stmt"/>
        <line num="1256" count="10060" type="stmt"/>
        <line num="1262" count="10060" type="stmt"/>
        <line num="1269" count="10060" type="stmt"/>
        <line num="1279" count="10060" type="stmt"/>
        <line num="1280" count="10060" type="stmt"/>
        <line num="1283" count="10060" type="stmt"/>
        <line num="1284" count="10060" type="cond" truecount="1" falsecount="1"/>
        <line num="1285" count="10060" type="cond" truecount="1" falsecount="1"/>
        <line num="1292" count="10060" type="stmt"/>
        <line num="1293" count="0" type="cond" truecount="0" falsecount="2"/>
        <line num="1294" count="0" type="cond" truecount="0" falsecount="2"/>
        <line num="1295" count="0" type="stmt"/>
        <line num="1309" count="10060" type="stmt"/>
        <line num="1313" count="10060" type="stmt"/>
        <line num="1314" count="14" type="stmt"/>
        <line num="1315" count="14" type="stmt"/>
        <line num="1316" count="14" type="stmt"/>
        <line num="1317" count="14" type="cond" truecount="1" falsecount="1"/>
        <line num="1319" count="14" type="stmt"/>
        <line num="1320" count="14" type="stmt"/>
        <line num="1321" count="98" type="stmt"/>
        <line num="1322" count="98" type="stmt"/>
        <line num="1323" count="98" type="stmt"/>
        <line num="1325" count="14" type="stmt"/>
        <line num="1328" count="10060" type="stmt"/>
        <line num="1330" count="10060" type="stmt"/>
        <line num="1342" count="10060" type="stmt"/>
        <line num="1352" count="10060" type="stmt"/>
        <line num="1353" count="10060" type="stmt"/>
        <line num="1361" count="10060" type="stmt"/>
        <line num="1367" count="10060" type="stmt"/>
        <line num="1370" count="10060" type="cond" truecount="0" falsecount="1"/>
        <line num="1371" count="0" type="stmt"/>
        <line num="1372" count="0" type="stmt"/>
        <line num="1373" count="0" type="stmt"/>
        <line num="1374" count="0" type="cond" truecount="0" falsecount="2"/>
        <line num="1376" count="0" type="stmt"/>
        <line num="1377" count="0" type="stmt"/>
        <line num="1378" count="0" type="stmt"/>
        <line num="1380" count="0" type="stmt"/>
        <line num="1381" count="0" type="stmt"/>
        <line num="1382" count="0" type="stmt"/>
        <line num="1383" count="0" type="stmt"/>
        <line num="1386" count="0" type="stmt"/>
        <line num="1387" count="0" type="stmt"/>
        <line num="1388" count="0" type="cond" truecount="0" falsecount="2"/>
        <line num="1389" count="0" type="cond" truecount="0" falsecount="2"/>
        <line num="1390" count="0" type="stmt"/>
        <line num="1392" count="0" type="stmt"/>
        <line num="1396" count="0" type="stmt"/>
        <line num="1397" count="0" type="stmt"/>
        <line num="1398" count="0" type="stmt"/>
        <line num="1400" count="0" type="cond" truecount="0" falsecount="2"/>
        <line num="1401" count="0" type="cond" truecount="0" falsecount="2"/>
        <line num="1402" count="0" type="cond" truecount="0" falsecount="2"/>
        <line num="1404" count="0" type="cond" truecount="0" falsecount="2"/>
        <line num="1405" count="0" type="stmt"/>
        <line num="1406" count="0" type="cond" truecount="0" falsecount="3"/>
        <line num="1407" count="0" type="cond" truecount="0" falsecount="2"/>
        <line num="1408" count="0" type="cond" truecount="0" falsecount="2"/>
        <line num="1409" count="0" type="stmt"/>
        <line num="1410" count="0" type="cond" truecount="0" falsecount="2"/>
        <line num="1411" count="0" type="stmt"/>
        <line num="1412" count="0" type="cond" truecount="0" falsecount="3"/>
        <line num="1413" count="0" type="cond" truecount="0" falsecount="2"/>
        <line num="1414" count="0" type="cond" truecount="0" falsecount="2"/>
        <line num="1415" count="0" type="stmt"/>
        <line num="1419" count="0" type="stmt"/>
        <line num="1420" count="0" type="stmt"/>
        <line num="1422" count="0" type="stmt"/>
        <line num="1434" count="0" type="stmt"/>
        <line num="1438" count="10060" type="stmt"/>
        <line num="1439" count="14" type="cond" truecount="1" falsecount="1"/>
        <line num="1441" count="0" type="cond" truecount="0" falsecount="4"/>
        <line num="1442" count="0" type="stmt"/>
        <line num="1445" count="14" type="stmt"/>
        <line num="1449" count="10060" type="stmt"/>
        <line num="1450" count="0" type="stmt"/>
        <line num="1451" count="0" type="stmt"/>
        <line num="1455" count="0" type="stmt"/>
        <line num="1456" count="0" type="stmt"/>
        <line num="1458" count="0" type="cond" truecount="0" falsecount="2"/>
        <line num="1462" count="10060" type="stmt"/>
        <line num="1463" count="0" type="stmt"/>
        <line num="1464" count="0" type="stmt"/>
        <line num="1468" count="0" type="stmt"/>
        <line num="1469" count="0" type="stmt"/>
        <line num="1471" count="0" type="cond" truecount="0" falsecount="2"/>
        <line num="1476" count="10060" type="stmt"/>
        <line num="1477" count="15" type="stmt"/>
        <line num="1478" count="15" type="stmt"/>
        <line num="1479" count="15" type="stmt"/>
        <line num="1482" count="10060" type="stmt"/>
        <line num="1483" count="0" type="stmt"/>
        <line num="1484" count="0" type="stmt"/>
        <line num="1486" count="0" type="stmt"/>
        <line num="1488" count="0" type="stmt"/>
        <line num="1489" count="0" type="stmt"/>
        <line num="1490" count="0" type="stmt"/>
        <line num="1491" count="0" type="stmt"/>
        <line num="1492" count="0" type="stmt"/>
        <line num="1493" count="0" type="stmt"/>
        <line num="1494" count="0" type="stmt"/>
        <line num="1495" count="0" type="stmt"/>
        <line num="1500" count="10060" type="stmt"/>
        <line num="1501" count="0" type="stmt"/>
        <line num="1507" count="0" type="stmt"/>
        <line num="1514" count="10060" type="stmt"/>
        <line num="1515" count="10060" type="stmt"/>
        <line num="1516" count="10060" type="stmt"/>
        <line num="1517" count="10060" type="stmt"/>
        <line num="1518" count="10060" type="stmt"/>
        <line num="1521" count="10060" type="stmt"/>
        <line num="1522" count="14" type="stmt"/>
        <line num="1525" count="10060" type="stmt"/>
        <line num="1526" count="14" type="stmt"/>
        <line num="1530" count="10060" type="stmt"/>
        <line num="1531" count="14" type="stmt"/>
        <line num="1532" count="14" type="stmt"/>
        <line num="1533" count="14" type="stmt"/>
        <line num="1534" count="14" type="stmt"/>
        <line num="1535" count="14" type="stmt"/>
        <line num="1536" count="14" type="stmt"/>
        <line num="1537" count="14" type="stmt"/>
        <line num="1538" count="14" type="stmt"/>
        <line num="1539" count="14" type="stmt"/>
        <line num="1540" count="14" type="stmt"/>
        <line num="1541" count="14" type="stmt"/>
        <line num="1546" count="10060" type="stmt"/>
        <line num="1547" count="14" type="stmt"/>
        <line num="1549" count="14" type="stmt"/>
        <line num="1552" count="14" type="cond" truecount="2" falsecount="2"/>
        <line num="1553" count="0" type="stmt"/>
        <line num="1557" count="0" type="stmt"/>
        <line num="1560" count="0" type="stmt"/>
        <line num="1563" count="0" type="stmt"/>
        <line num="1566" count="0" type="stmt"/>
        <line num="1569" count="0" type="stmt"/>
        <line num="1570" count="0" type="stmt"/>
        <line num="1573" count="0" type="stmt"/>
        <line num="1575" count="0" type="stmt"/>
        <line num="1582" count="0" type="stmt"/>
        <line num="1584" count="0" type="stmt"/>
        <line num="1585" count="0" type="stmt"/>
        <line num="1588" count="0" type="cond" truecount="0" falsecount="2"/>
        <line num="1589" count="0" type="stmt"/>
        <line num="1590" count="0" type="stmt"/>
        <line num="1592" count="0" type="stmt"/>
        <line num="1594" count="0" type="cond" truecount="0" falsecount="2"/>
        <line num="1596" count="0" type="cond" truecount="0" falsecount="3"/>
        <line num="1597" count="0" type="cond" truecount="0" falsecount="2"/>
        <line num="1598" count="0" type="stmt"/>
        <line num="1600" count="0" type="stmt"/>
        <line num="1602" count="0" type="cond" truecount="0" falsecount="4"/>
        <line num="1603" count="0" type="cond" truecount="0" falsecount="3"/>
        <line num="1604" count="0" type="cond" truecount="0" falsecount="2"/>
        <line num="1605" count="0" type="stmt"/>
        <line num="1607" count="0" type="stmt"/>
        <line num="1610" count="0" type="stmt"/>
        <line num="1614" count="0" type="cond" truecount="0" falsecount="4"/>
        <line num="1615" count="0" type="stmt"/>
        <line num="1616" count="0" type="stmt"/>
        <line num="1619" count="0" type="stmt"/>
        <line num="1623" count="0" type="cond" truecount="0" falsecount="6"/>
        <line num="1625" count="0" type="stmt"/>
        <line num="1626" count="0" type="stmt"/>
        <line num="1632" count="0" type="stmt"/>
        <line num="1635" count="0" type="cond" truecount="0" falsecount="4"/>
        <line num="1637" count="0" type="stmt"/>
        <line num="1638" count="0" type="stmt"/>
        <line num="1640" count="0" type="cond" truecount="0" falsecount="2"/>
        <line num="1641" count="0" type="cond" truecount="0" falsecount="2"/>
        <line num="1644" count="0" type="cond" truecount="0" falsecount="2"/>
        <line num="1645" count="0" type="cond" truecount="0" falsecount="2"/>
        <line num="1649" count="0" type="cond" truecount="0" falsecount="6"/>
        <line num="1652" count="0" type="stmt"/>
        <line num="1660" count="0" type="stmt"/>
        <line num="1662" count="0" type="stmt"/>
        <line num="1665" count="0" type="stmt"/>
        <line num="1669" count="0" type="stmt"/>
        <line num="1670" count="0" type="stmt"/>
        <line num="1674" count="14" type="stmt"/>
        <line num="1676" count="14" type="stmt"/>
        <line num="1678" count="14" type="cond" truecount="1" falsecount="1"/>
        <line num="1679" count="0" type="stmt"/>
        <line num="1681" count="14" type="cond" truecount="1" falsecount="1"/>
        <line num="1683" count="0" type="cond" truecount="0" falsecount="2"/>
        <line num="1684" count="0" type="stmt"/>
        <line num="1685" count="0" type="stmt"/>
        <line num="1688" count="0" type="cond" truecount="0" falsecount="2"/>
        <line num="1689" count="0" type="stmt"/>
        <line num="1690" count="0" type="stmt"/>
        <line num="1692" count="0" type="stmt"/>
        <line num="1698" count="10060" type="stmt"/>
        <line num="1699" count="14" type="cond" truecount="2" falsecount="2"/>
        <line num="1700" count="0" type="stmt"/>
        <line num="1702" count="14" type="cond" truecount="2" falsecount="2"/>
        <line num="1703" count="0" type="stmt"/>
        <line num="1708" count="10060" type="stmt"/>
        <line num="1710" count="0" type="stmt"/>
        <line num="1717" count="10060" type="stmt"/>
        <line num="1718" count="14" type="cond" truecount="2" falsecount="0"/>
        <line num="1722" count="10060" type="stmt"/>
        <line num="1728" count="10060" type="stmt"/>
        <line num="1729" count="17" type="cond" truecount="3" falsecount="1"/>
        <line num="1730" count="0" type="stmt"/>
        <line num="1732" count="17" type="stmt"/>
        <line num="1733" count="17" type="cond" truecount="2" falsecount="0"/>
        <line num="1734" count="1" type="stmt"/>
        <line num="1736" count="16" type="stmt"/>
        <line num="1740" count="10060" type="stmt"/>
        <line num="1741" count="6" type="cond" truecount="3" falsecount="1"/>
        <line num="1742" count="0" type="stmt"/>
        <line num="1744" count="6" type="stmt"/>
        <line num="1745" count="6" type="cond" truecount="1" falsecount="1"/>
        <line num="1746" count="0" type="stmt"/>
        <line num="1748" count="6" type="stmt"/>
        <line num="1752" count="10060" type="cond" truecount="0" falsecount="1"/>
        <line num="1753" count="10" type="cond" truecount="1" falsecount="1"/>
        <line num="1754" count="0" type="stmt"/>
        <line num="1756" count="10" type="cond" truecount="2" falsecount="0"/>
        <line num="1757" count="3" type="cond" truecount="1" falsecount="1"/>
        <line num="1758" count="0" type="stmt"/>
        <line num="1760" count="3" type="cond" truecount="1" falsecount="1"/>
        <line num="1761" count="0" type="stmt"/>
        <line num="1763" count="3" type="cond" truecount="1" falsecount="1"/>
        <line num="1764" count="0" type="stmt"/>
        <line num="1767" count="10" type="stmt"/>
        <line num="1770" count="10060" type="stmt"/>
        <line num="1772" count="9" type="cond" truecount="1" falsecount="1"/>
        <line num="1773" count="0" type="stmt"/>
        <line num="1777" count="9" type="cond" truecount="2" falsecount="0"/>
        <line num="1778" count="6" type="stmt"/>
        <line num="1779" count="6" type="cond" truecount="2" falsecount="0"/>
        <line num="1780" count="1" type="stmt"/>
        <line num="1782" count="3" type="cond" truecount="1" falsecount="1"/>
        <line num="1783" count="3" type="stmt"/>
        <line num="1784" count="3" type="cond" truecount="1" falsecount="1"/>
        <line num="1785" count="0" type="stmt"/>
        <line num="1789" count="8" type="stmt"/>
        <line num="1798" count="10060" type="stmt"/>
        <line num="1800" count="10" type="stmt"/>
        <line num="1807" count="10060" type="stmt"/>
        <line num="1808" count="14" type="stmt"/>
        <line num="1809" count="14" type="stmt"/>
        <line num="1811" count="14" type="stmt"/>
        <line num="1812" count="14" type="stmt"/>
        <line num="1827" count="0" type="stmt"/>
        <line num="1831" count="14" type="stmt"/>
        <line num="1834" count="10060" type="stmt"/>
        <line num="1835" count="14" type="cond" truecount="1" falsecount="1"/>
        <line num="1836" count="84" type="stmt"/>
        <line num="1839" count="14" type="cond" truecount="1" falsecount="1"/>
        <line num="1840" count="0" type="stmt"/>
        <line num="1844" count="10060" type="stmt"/>
        <line num="1845" count="21" type="cond" truecount="2" falsecount="0"/>
        <line num="1846" count="15" type="stmt"/>
        <line num="1849" count="21" type="cond" truecount="2" falsecount="0"/>
        <line num="1850" count="1" type="stmt"/>
        <line num="1858" count="10060" type="stmt"/>
        <line num="1860" count="0" type="cond" truecount="0" falsecount="2"/>
        <line num="1861" count="0" type="stmt"/>
        <line num="1864" count="0" type="cond" truecount="0" falsecount="2"/>
        <line num="1865" count="0" type="stmt"/>
        <line num="1867" count="0" type="stmt"/>
        <line num="1868" count="0" type="stmt"/>
        <line num="1869" count="0" type="cond" truecount="0" falsecount="2"/>
        <line num="1870" count="0" type="stmt"/>
        <line num="1871" count="0" type="stmt"/>
        <line num="1873" count="0" type="cond" truecount="0" falsecount="2"/>
        <line num="1874" count="0" type="stmt"/>
        <line num="1877" count="0" type="cond" truecount="0" falsecount="2"/>
        <line num="1879" count="0" type="stmt"/>
        <line num="1888" count="10060" type="stmt"/>
        <line num="1889" count="42" type="stmt"/>
        <line num="1891" count="10060" type="stmt"/>
        <line num="1893" count="9" type="cond" truecount="2" falsecount="0"/>
        <line num="1895" count="9" type="cond" truecount="1" falsecount="1"/>
        <line num="1896" count="0" type="stmt"/>
        <line num="1901" count="0" type="stmt"/>
        <line num="1904" count="9" type="stmt"/>
        <line num="1906" count="9" type="stmt"/>
        <line num="1907" count="9" type="stmt"/>
        <line num="1909" count="0" type="cond" truecount="0" falsecount="2"/>
        <line num="1910" count="0" type="stmt"/>
        <line num="1914" count="0" type="stmt"/>
        <line num="1919" count="0" type="cond" truecount="0" falsecount="2"/>
        <line num="1920" count="0" type="stmt"/>
        <line num="1921" count="0" type="stmt"/>
        <line num="1924" count="0" type="cond" truecount="0" falsecount="2"/>
        <line num="1926" count="0" type="stmt"/>
        <line num="1933" count="9" type="stmt"/>
        <line num="1936" count="9" type="cond" truecount="4" falsecount="0"/>
        <line num="1937" count="8" type="stmt"/>
        <line num="1938" count="8" type="stmt"/>
        <line num="1939" count="8" type="stmt"/>
        <line num="1940" count="8" type="stmt"/>
        <line num="1943" count="8" type="cond" truecount="2" falsecount="0"/>
        <line num="1945" count="8" type="stmt"/>
        <line num="1949" count="8" type="stmt"/>
        <line num="1953" count="1" type="stmt"/>
        <line num="1954" count="1" type="stmt"/>
        <line num="1959" count="9" type="stmt"/>
        <line num="1965" count="10060" type="stmt"/>
        <line num="1967" count="9" type="cond" truecount="2" falsecount="0"/>
        <line num="1968" count="1" type="stmt"/>
        <line num="1969" count="1" type="stmt"/>
        <line num="1972" count="8" type="cond" truecount="2" falsecount="0"/>
        <line num="1973" count="1" type="stmt"/>
        <line num="1974" count="1" type="stmt"/>
        <line num="1977" count="7" type="stmt"/>
        <line num="1978" count="7" type="stmt"/>
        <line num="1987" count="10060" type="stmt"/>
        <line num="1988" count="11" type="cond" truecount="1" falsecount="1"/>
        <line num="1989" count="0" type="stmt"/>
        <line num="1992" count="11" type="stmt"/>
        <line num="1993" count="11" type="stmt"/>
        <line num="1995" count="11" type="cond" truecount="2" falsecount="0"/>
        <line num="1996" count="1" type="cond" truecount="2" falsecount="2"/>
        <line num="1997" count="0" type="stmt"/>
        <line num="2001" count="0" type="stmt"/>
        <line num="2005" count="1" type="cond" truecount="1" falsecount="1"/>
        <line num="2006" count="1" type="stmt"/>
        <line num="2007" count="1" type="cond" truecount="1" falsecount="1"/>
        <line num="2008" count="0" type="stmt"/>
        <line num="2009" count="0" type="stmt"/>
        <line num="2012" count="1" type="cond" truecount="1" falsecount="1"/>
        <line num="2013" count="0" type="stmt"/>
        <line num="2014" count="0" type="cond" truecount="0" falsecount="2"/>
        <line num="2015" count="0" type="stmt"/>
        <line num="2016" count="0" type="stmt"/>
        <line num="2020" count="1" type="stmt"/>
        <line num="2022" count="1" type="stmt"/>
        <line num="2024" count="1" type="stmt"/>
        <line num="2029" count="1" type="stmt"/>
        <line num="2031" count="0" type="stmt"/>
        <line num="2037" count="0" type="stmt"/>
        <line num="2039" count="1" type="stmt"/>
        <line num="2040" count="1" type="stmt"/>
        <line num="2045" count="1" type="stmt"/>
        <line num="2048" count="1" type="stmt"/>
        <line num="2052" count="10" type="stmt"/>
        <line num="2053" count="10" type="cond" truecount="1" falsecount="1"/>
        <line num="2054" count="0" type="stmt"/>
        <line num="2055" count="0" type="stmt"/>
        <line num="2059" count="10" type="stmt"/>
        <line num="2060" count="10" type="cond" truecount="1" falsecount="1"/>
        <line num="2061" count="0" type="stmt"/>
        <line num="2062" count="0" type="stmt"/>
        <line num="2065" count="10" type="cond" truecount="2" falsecount="0"/>
        <line num="2067" count="3" type="stmt"/>
        <line num="2068" count="3" type="cond" truecount="1" falsecount="1"/>
        <line num="2069" count="0" type="stmt"/>
        <line num="2070" count="0" type="stmt"/>
        <line num="2073" count="3" type="cond" truecount="4" falsecount="0"/>
        <line num="2074" count="1" type="stmt"/>
        <line num="2075" count="1" type="stmt"/>
        <line num="2078" count="2" type="cond" truecount="3" falsecount="1"/>
        <line num="2079" count="0" type="stmt"/>
        <line num="2083" count="0" type="stmt"/>
        <line num="2087" count="9" type="stmt"/>
        <line num="2089" count="9" type="stmt"/>
        <line num="2090" count="9" type="stmt"/>
        <line num="2106" count="9" type="cond" truecount="2" falsecount="0"/>
        <line num="2107" count="2" type="stmt"/>
        <line num="2113" count="9" type="stmt"/>
        <line num="2115" count="0" type="cond" truecount="0" falsecount="2"/>
        <line num="2116" count="0" type="stmt"/>
        <line num="2120" count="0" type="stmt"/>
        <line num="2123" count="0" type="cond" truecount="0" falsecount="4"/>
        <line num="2124" count="0" type="cond" truecount="0" falsecount="3"/>
        <line num="2126" count="0" type="cond" truecount="0" falsecount="2"/>
        <line num="2128" count="0" type="stmt"/>
        <line num="2129" count="0" type="stmt"/>
        <line num="2132" count="0" type="stmt"/>
        <line num="2135" count="0" type="cond" truecount="0" falsecount="2"/>
        <line num="2136" count="0" type="stmt"/>
        <line num="2144" count="0" type="stmt"/>
        <line num="2146" count="0" type="stmt"/>
        <line num="2148" count="0" type="stmt"/>
        <line num="2154" count="0" type="stmt"/>
        <line num="2160" count="9" type="stmt"/>
        <line num="2163" count="9" type="cond" truecount="3" falsecount="2"/>
        <line num="2164" count="0" type="stmt"/>
        <line num="2175" count="0" type="stmt"/>
        <line num="2177" count="0" type="stmt"/>
        <line num="2186" count="0" type="stmt"/>
        <line num="2192" count="9" type="stmt"/>
        <line num="2198" count="9" type="stmt"/>
        <line num="2301" count="10060" type="stmt"/>
        <line num="2302" count="0" type="stmt"/>
        <line num="2303" count="0" type="stmt"/>
        <line num="2305" count="0" type="stmt"/>
        <line num="2308" count="0" type="stmt"/>
        <line num="2309" count="0" type="stmt"/>
        <line num="2310" count="0" type="stmt"/>
        <line num="2311" count="0" type="stmt"/>
        <line num="2312" count="0" type="stmt"/>
        <line num="2313" count="0" type="stmt"/>
        <line num="2314" count="0" type="stmt"/>
        <line num="2315" count="0" type="stmt"/>
        <line num="2332" count="10060" type="stmt"/>
        <line num="2334" count="10060" type="stmt"/>
        <line num="2336" count="0" type="stmt"/>
        <line num="2341" count="10060" type="stmt"/>
        <line num="2343" count="0" type="stmt"/>
        <line num="2344" count="0" type="stmt"/>
        <line num="2345" count="0" type="stmt"/>
        <line num="2346" count="0" type="cond" truecount="0" falsecount="2"/>
        <line num="2350" count="0" type="cond" truecount="0" falsecount="2"/>
        <line num="2360" count="10060" type="stmt"/>
        <line num="2362" count="0" type="stmt"/>
        <line num="2363" count="0" type="stmt"/>
        <line num="2364" count="0" type="cond" truecount="0" falsecount="2"/>
        <line num="2368" count="0" type="cond" truecount="0" falsecount="2"/>
        <line num="2380" count="10060" type="stmt"/>
        <line num="2382" count="0" type="stmt"/>
        <line num="2383" count="0" type="stmt"/>
        <line num="2384" count="0" type="cond" truecount="0" falsecount="2"/>
        <line num="2395" count="0" type="stmt"/>
        <line num="2400" count="10060" type="stmt"/>
        <line num="2402" count="0" type="stmt"/>
        <line num="2403" count="0" type="stmt"/>
        <line num="2406" count="0" type="cond" truecount="0" falsecount="2"/>
        <line num="2407" count="0" type="stmt"/>
        <line num="2410" count="0" type="stmt"/>
        <line num="2411" count="0" type="stmt"/>
        <line num="2416" count="10060" type="stmt"/>
        <line num="2417" count="0" type="stmt"/>
        <line num="2420" count="10060" type="stmt"/>
        <line num="2421" count="14" type="cond" truecount="1" falsecount="1"/>
        <line num="2424" count="10060" type="cond" truecount="1" falsecount="1"/>
        <line num="2425" count="10060" type="stmt"/>
        <line num="2426" count="0" type="stmt"/>
        <line num="2428" count="10060" type="stmt"/>
        <line num="2429" count="0" type="stmt"/>
        <line num="2436" count="0" type="stmt"/>
        <line num="2501" count="0" type="stmt"/>
        <line num="2507" count="0" type="stmt"/>
        <line num="2508" count="0" type="stmt"/>
        <line num="2516" count="0" type="stmt"/>
        <line num="2521" count="0" type="stmt"/>
        <line num="2527" count="0" type="stmt"/>
        <line num="2534" count="0" type="stmt"/>
        <line num="2555" count="0" type="stmt"/>
        <line num="2570" count="0" type="stmt"/>
        <line num="2585" count="0" type="stmt"/>
        <line num="2610" count="0" type="stmt"/>
        <line num="2618" count="0" type="cond" truecount="0" falsecount="2"/>
        <line num="2660" count="0" type="cond" truecount="0" falsecount="2"/>
        <line num="2668" count="0" type="cond" truecount="0" falsecount="2"/>
        <line num="2681" count="0" type="stmt"/>
        <line num="2704" count="0" type="stmt"/>
        <line num="2714" count="0" type="stmt"/>
        <line num="2728" count="10060" type="stmt"/>
        <line num="2729" count="0" type="stmt"/>
        <line num="2732" count="10060" type="stmt"/>
        <line num="2733" count="0" type="stmt"/>
        <line num="2734" count="0" type="stmt"/>
        <line num="2737" count="10060" type="stmt"/>
        <line num="2738" count="0" type="cond" truecount="0" falsecount="2"/>
        <line num="2740" count="0" type="stmt"/>
        <line num="2741" count="0" type="stmt"/>
        <line num="2748" count="0" type="stmt"/>
        <line num="2755" count="0" type="stmt"/>
        <line num="2756" count="0" type="stmt"/>
        <line num="2757" count="0" type="stmt"/>
        <line num="2763" count="0" type="stmt"/>
        <line num="2770" count="10060" type="stmt"/>
        <line num="2771" count="0" type="stmt"/>
        <line num="2772" count="0" type="stmt"/>
        <line num="2773" count="0" type="stmt"/>
        <line num="2777" count="10060" type="stmt"/>
        <line num="2778" count="0" type="cond" truecount="0" falsecount="2"/>
        <line num="2779" count="0" type="stmt"/>
        <line num="2780" count="0" type="stmt"/>
        <line num="2783" count="0" type="cond" truecount="0" falsecount="5"/>
        <line num="2784" count="0" type="stmt"/>
        <line num="2785" count="0" type="stmt"/>
        <line num="2788" count="0" type="stmt"/>
        <line num="2789" count="0" type="stmt"/>
        <line num="2796" count="0" type="stmt"/>
        <line num="2803" count="0" type="stmt"/>
        <line num="2804" count="0" type="stmt"/>
        <line num="2810" count="0" type="stmt"/>
        <line num="2816" count="0" type="stmt"/>
        <line num="2817" count="0" type="stmt"/>
        <line num="2824" count="10060" type="stmt"/>
        <line num="2825" count="0" type="stmt"/>
        <line num="2826" count="0" type="stmt"/>
        <line num="2834" count="10060" type="stmt"/>
        <line num="2835" count="0" type="stmt"/>
        <line num="2841" count="0" type="cond" truecount="0" falsecount="2"/>
        <line num="2844" count="10060" type="stmt"/>
        <line num="2845" count="0" type="stmt"/>
        <line num="2851" count="0" type="cond" truecount="0" falsecount="2"/>
        <line num="2855" count="10060" type="cond" truecount="0" falsecount="1"/>
        <line num="2856" count="0" type="stmt"/>
        <line num="2857" count="0" type="stmt"/>
        <line num="2862" count="0" type="stmt"/>
        <line num="2863" count="0" type="stmt"/>
        <line num="2865" count="0" type="cond" truecount="0" falsecount="2"/>
        <line num="2869" count="10060" type="cond" truecount="0" falsecount="1"/>
        <line num="2870" count="0" type="stmt"/>
        <line num="2871" count="0" type="stmt"/>
        <line num="2876" count="0" type="stmt"/>
        <line num="2877" count="0" type="stmt"/>
        <line num="2879" count="0" type="cond" truecount="0" falsecount="2"/>
        <line num="2883" count="10060" type="stmt"/>
        <line num="2884" count="0" type="stmt"/>
        <line num="2893" count="0" type="stmt"/>
        <line num="2894" count="0" type="stmt"/>
        <line num="2895" count="0" type="stmt"/>
        <line num="2896" count="0" type="stmt"/>
        <line num="2898" count="0" type="cond" truecount="0" falsecount="2"/>
        <line num="2906" count="10060" type="stmt"/>
        <line num="2907" count="0" type="stmt"/>
        <line num="2908" count="0" type="stmt"/>
        <line num="2911" count="10060" type="stmt"/>
        <line num="2912" count="0" type="stmt"/>
        <line num="2913" count="0" type="stmt"/>
        <line num="2917" count="10060" type="cond" truecount="0" falsecount="1"/>
        <line num="2918" count="0" type="cond" truecount="0" falsecount="2"/>
        <line num="2919" count="0" type="stmt"/>
        <line num="2920" count="0" type="cond" truecount="0" falsecount="2"/>
        <line num="2921" count="0" type="cond" truecount="0" falsecount="2"/>
        <line num="2922" count="0" type="stmt"/>
        <line num="2923" count="0" type="stmt"/>
        <line num="2924" count="0" type="cond" truecount="0" falsecount="2"/>
        <line num="2925" count="0" type="cond" truecount="0" falsecount="2"/>
        <line num="2926" count="0" type="stmt"/>
        <line num="2928" count="0" type="stmt"/>
        <line num="2932" count="0" type="stmt"/>
        <line num="2935" count="0" type="stmt"/>
        <line num="2944" count="10060" type="stmt"/>
        <line num="2945" count="14" type="cond" truecount="1" falsecount="1"/>
        <line num="2946" count="0" type="cond" truecount="0" falsecount="2"/>
        <line num="2955" count="10060" type="stmt"/>
        <line num="2956" count="14" type="cond" truecount="1" falsecount="1"/>
        <line num="2957" count="0" type="cond" truecount="0" falsecount="2"/>
        <line num="2966" count="10060" type="stmt"/>
        <line num="2968" count="0" type="stmt"/>
        <line num="2977" count="0" type="stmt"/>
        <line num="2993" count="0" type="stmt"/>
        <line num="3021" count="0" type="stmt"/>
        <line num="3032" count="0" type="stmt"/>
        <line num="3039" count="0" type="stmt"/>
        <line num="3089" count="0" type="stmt"/>
        <line num="3102" count="0" type="stmt"/>
        <line num="3113" count="0" type="stmt"/>
        <line num="3123" count="0" type="stmt"/>
        <line num="3135" count="0" type="stmt"/>
        <line num="3146" count="0" type="stmt"/>
        <line num="3167" count="0" type="stmt"/>
        <line num="3183" count="0" type="cond" truecount="0" falsecount="2"/>
        <line num="3185" count="0" type="stmt"/>
        <line num="3196" count="0" type="stmt"/>
        <line num="3256" count="0" type="stmt"/>
        <line num="3268" count="0" type="stmt"/>
        <line num="3317" count="10060" type="stmt"/>
        <line num="3318" count="0" type="cond" truecount="0" falsecount="2"/>
        <line num="3319" count="0" type="stmt"/>
        <line num="3320" count="0" type="stmt"/>
        <line num="3323" count="0" type="stmt"/>
        <line num="3324" count="0" type="stmt"/>
        <line num="3325" count="0" type="stmt"/>
        <line num="3327" count="0" type="cond" truecount="0" falsecount="2"/>
        <line num="3328" count="0" type="stmt"/>
        <line num="3329" count="0" type="stmt"/>
        <line num="3335" count="10060" type="stmt"/>
        <line num="3336" count="0" type="stmt"/>
        <line num="3337" count="0" type="stmt"/>
        <line num="3338" count="0" type="stmt"/>
        <line num="3342" count="10060" type="stmt"/>
        <line num="3343" count="0" type="cond" truecount="0" falsecount="4"/>
        <line num="3345" count="0" type="stmt"/>
        <line num="3346" count="0" type="stmt"/>
        <line num="3348" count="0" type="stmt"/>
        <line num="3350" count="0" type="stmt"/>
        <line num="3355" count="0" type="stmt"/>
        <line num="3356" count="0" type="cond" truecount="0" falsecount="2"/>
        <line num="3357" count="0" type="stmt"/>
        <line num="3362" count="0" type="cond" truecount="0" falsecount="2"/>
        <line num="3363" count="0" type="stmt"/>
        <line num="3364" count="0" type="stmt"/>
        <line num="3370" count="0" type="stmt"/>
        <line num="3375" count="0" type="stmt"/>
        <line num="3376" count="0" type="stmt"/>
        <line num="3377" count="0" type="stmt"/>
        <line num="3382" count="10060" type="stmt"/>
        <line num="3383" count="14" type="cond" truecount="1" falsecount="1"/>
        <line num="3384" count="0" type="cond" truecount="0" falsecount="2"/>
        <line num="3393" count="10060" type="stmt"/>
        <line num="3395" count="0" type="stmt"/>
        <line num="3410" count="0" type="stmt"/>
        <line num="3423" count="0" type="cond" truecount="0" falsecount="2"/>
        <line num="3425" count="0" type="stmt"/>
        <line num="3426" count="0" type="cond" truecount="0" falsecount="2"/>
        <line num="3455" count="0" type="stmt"/>
        <line num="3484" count="0" type="cond" truecount="0" falsecount="5"/>
        <line num="3485" count="0" type="cond" truecount="0" falsecount="2"/>
        <line num="3497" count="0" type="cond" truecount="0" falsecount="2"/>
        <line num="3498" count="0" type="stmt"/>
        <line num="3514" count="0" type="stmt"/>
        <line num="3520" count="0" type="cond" truecount="0" falsecount="2"/>
        <line num="3521" count="0" type="stmt"/>
        <line num="3529" count="0" type="cond" truecount="0" falsecount="2"/>
        <line num="3530" count="0" type="stmt"/>
        <line num="3538" count="0" type="stmt"/>
        <line num="3541" count="0" type="cond" truecount="0" falsecount="3"/>
        <line num="3543" count="0" type="stmt"/>
        <line num="3551" count="0" type="cond" truecount="0" falsecount="2"/>
        <line num="3552" count="0" type="stmt"/>
        <line num="3594" count="10060" type="stmt"/>
        <line num="3596" count="0" type="cond" truecount="0" falsecount="2"/>
        <line num="3598" count="0" type="stmt"/>
        <line num="3605" count="0" type="stmt"/>
        <line num="3606" count="0" type="stmt"/>
        <line num="3607" count="0" type="cond" truecount="0" falsecount="4"/>
        <line num="3608" count="0" type="stmt"/>
        <line num="3622" count="0" type="stmt"/>
        <line num="3623" count="0" type="cond" truecount="0" falsecount="2"/>
        <line num="3624" count="0" type="stmt"/>
        <line num="3626" count="0" type="stmt"/>
        <line num="3644" count="0" type="stmt"/>
        <line num="3654" count="0" type="stmt"/>
        <line num="3664" count="0" type="stmt"/>
        <line num="3674" count="0" type="stmt"/>
        <line num="3684" count="0" type="stmt"/>
        <line num="3696" count="0" type="stmt"/>
        <line num="3700" count="0" type="stmt"/>
        <line num="3749" count="10060" type="stmt"/>
        <line num="3750" count="0" type="stmt"/>
        <line num="3754" count="0" type="stmt"/>
        <line num="3761" count="0" type="cond" truecount="0" falsecount="2"/>
        <line num="3763" count="0" type="stmt"/>
        <line num="3776" count="10060" type="stmt"/>
        <line num="3777" count="14" type="cond" truecount="1" falsecount="1"/>
        <line num="3778" count="0" type="cond" truecount="0" falsecount="4"/>
        <line num="3780" count="0" type="stmt"/>
        <line num="3781" count="0" type="cond" truecount="0" falsecount="2"/>
        <line num="3788" count="0" type="stmt"/>
        <line num="3799" count="10060" type="stmt"/>
        <line num="3800" count="0" type="stmt"/>
        <line num="3804" count="0" type="stmt"/>
        <line num="3822" count="0" type="stmt"/>
        <line num="3839" count="0" type="cond" truecount="0" falsecount="3"/>
        <line num="3841" count="0" type="stmt"/>
        <line num="3857" count="0" type="stmt"/>
        <line num="3867" count="10060" type="stmt"/>
        <line num="3868" count="0" type="stmt"/>
        <line num="3872" count="0" type="cond" truecount="0" falsecount="2"/>
        <line num="3874" count="0" type="stmt"/>
        <line num="3890" count="0" type="stmt"/>
        <line num="3900" count="10060" type="stmt"/>
        <line num="3901" count="618" type="cond" truecount="1" falsecount="1"/>
        <line num="3909" count="2" type="stmt"/>
        <line num="3916" count="2" type="stmt"/>
        <line num="3927" count="0" type="stmt"/>
        <line num="3934" count="0" type="stmt"/>
        <line num="3939" count="10060" type="stmt"/>
        <line num="3940" count="10060" type="stmt"/>
        <line num="3955" count="10060" type="cond" truecount="2" falsecount="0"/>
        <line num="3961" count="10060" type="stmt"/>
        <line num="3984" count="30180" type="stmt"/>
        <line num="3990" count="14" type="stmt"/>
        <line num="4012" count="20084" type="stmt"/>
        <line num="4018" count="0" type="stmt"/>
        <line num="4050" count="14" type="stmt"/>
        <line num="4063" count="5" type="stmt"/>
        <line num="4073" count="13" type="stmt"/>
        <line num="4083" count="6" type="stmt"/>
        <line num="4103" count="6" type="stmt"/>
        <line num="4119" count="6" type="stmt"/>
        <line num="4127" count="6" type="stmt"/>
        <line num="4150" count="3" type="stmt"/>
        <line num="4166" count="3" type="stmt"/>
        <line num="4174" count="3" type="stmt"/>
        <line num="4215" count="0" type="stmt"/>
        <line num="4220" count="0" type="stmt"/>
        <line num="4225" count="1" type="stmt"/>
        <line num="4234" count="30180" type="stmt"/>
        <line num="4245" count="10060" type="cond" truecount="1" falsecount="1"/>
        <line num="4246" count="10060" type="stmt"/>
        <line num="4252" count="0" type="cond" truecount="0" falsecount="5"/>
        <line num="4254" count="0" type="cond" truecount="0" falsecount="2"/>
        <line num="4255" count="0" type="stmt"/>
        <line num="4256" count="0" type="stmt"/>
        <line num="4260" count="0" type="cond" truecount="0" falsecount="8"/>
        <line num="4270" count="0" type="cond" truecount="0" falsecount="2"/>
        <line num="4272" count="0" type="stmt"/>
        <line num="4273" count="0" type="stmt"/>
        <line num="4283" count="0" type="stmt"/>
        <line num="4293" count="0" type="stmt"/>
        <line num="4350" count="0" type="stmt"/>
        <line num="4356" count="0" type="stmt"/>
        <line num="4375" count="0" type="stmt"/>
        <line num="4383" count="0" type="cond" truecount="0" falsecount="2"/>
        <line num="4385" count="0" type="stmt"/>
        <line num="4388" count="0" type="stmt"/>
        <line num="4389" count="0" type="stmt"/>
        <line num="4415" count="0" type="stmt"/>
        <line num="4416" count="0" type="stmt"/>
        <line num="4428" count="0" type="stmt"/>
        <line num="4429" count="0" type="stmt"/>
        <line num="4493" count="0" type="cond" truecount="0" falsecount="2"/>
        <line num="4494" count="0" type="cond" truecount="0" falsecount="2"/>
        <line num="4496" count="0" type="stmt"/>
        <line num="4511" count="0" type="cond" truecount="0" falsecount="2"/>
        <line num="4512" count="0" type="cond" truecount="0" falsecount="2"/>
        <line num="4514" count="0" type="stmt"/>
        <line num="4562" count="0" type="stmt"/>
        <line num="4564" count="0" type="stmt"/>
        <line num="4591" count="0" type="stmt"/>
        <line num="4603" count="0" type="stmt"/>
        <line num="4615" count="0" type="stmt"/>
        <line num="4656" count="3" type="stmt"/>
        <line num="4657" count="0" type="cond" truecount="0" falsecount="2"/>
        <line num="4663" count="3" type="stmt"/>
        <line num="4664" count="0" type="stmt"/>
        <line num="4668" count="0" type="stmt"/>
        <line num="4676" count="0" type="stmt"/>
        <line num="4683" count="0" type="stmt"/>
        <line num="4691" count="0" type="stmt"/>
        <line num="4696" count="0" type="stmt"/>
        <line num="4704" count="0" type="stmt"/>
        <line num="4712" count="0" type="stmt"/>
        <line num="4720" count="0" type="stmt"/>
        <line num="4728" count="0" type="stmt"/>
        <line num="4734" count="0" type="stmt"/>
        <line num="4743" count="3" type="stmt"/>
        <line num="4753" count="0" type="stmt"/>
        <line num="4774" count="3" type="stmt"/>
        <line num="4775" count="0" type="stmt"/>
        <line num="4779" count="0" type="stmt"/>
        <line num="4780" count="0" type="stmt"/>
        <line num="4787" count="0" type="stmt"/>
        <line num="4804" count="3" type="stmt"/>
        <line num="4815" count="0" type="stmt"/>
        <line num="4841" count="0" type="stmt"/>
        <line num="4846" count="0" type="stmt"/>
        <line num="4851" count="0" type="stmt"/>
        <line num="4879" count="3" type="stmt"/>
        <line num="4880" count="0" type="stmt"/>
        <line num="4881" count="0" type="stmt"/>
        <line num="4883" count="0" type="stmt"/>
        <line num="4884" count="0" type="stmt"/>
        <line num="4887" count="0" type="stmt"/>
        <line num="4888" count="0" type="stmt"/>
        <line num="4889" count="0" type="stmt"/>
        <line num="4892" count="0" type="cond" truecount="0" falsecount="2"/>
        <line num="4893" count="0" type="stmt"/>
        <line num="4905" count="0" type="stmt"/>
        <line num="4930" count="3" type="stmt"/>
        <line num="4933" count="3" type="stmt"/>
        <line num="4934" count="0" type="stmt"/>
        <line num="4935" count="0" type="cond" truecount="0" falsecount="2"/>
        <line num="4938" count="0" type="stmt"/>
        <line num="4961" count="0" type="cond" truecount="0" falsecount="2"/>
        <line num="4968" count="0" type="stmt"/>
        <line num="4982" count="3" type="stmt"/>
        <line num="4985" count="3" type="stmt"/>
        <line num="4986" count="0" type="stmt"/>
        <line num="5022" count="0" type="cond" truecount="0" falsecount="2"/>
        <line num="5029" count="0" type="cond" truecount="0" falsecount="2"/>
        <line num="5039" count="3" type="stmt"/>
        <line num="5041" count="3" type="cond" truecount="0" falsecount="1"/>
        <line num="5042" count="0" type="stmt"/>
        <line num="5061" count="3" type="stmt"/>
        <line num="5063" count="3" type="stmt"/>
        <line num="5064" count="0" type="stmt"/>
        <line num="5069" count="3" type="stmt"/>
        <line num="5071" count="3" type="stmt"/>
        <line num="5081" count="0" type="stmt"/>
        <line num="5098" count="0" type="stmt"/>
        <line num="5112" count="3" type="stmt"/>
        <line num="5114" count="3" type="stmt"/>
        <line num="5122" count="0" type="stmt"/>
        <line num="5131" count="0" type="stmt"/>
        <line num="5143" count="3" type="stmt"/>
        <line num="5145" count="3" type="stmt"/>
        <line num="5146" count="0" type="cond" truecount="0" falsecount="2"/>
        <line num="5158" count="3" type="stmt"/>
        <line num="5159" count="0" type="cond" truecount="0" falsecount="2"/>
        <line num="5179" count="3" type="stmt"/>
        <line num="5182" count="3" type="stmt"/>
        <line num="5184" count="0" type="cond" truecount="0" falsecount="5"/>
        <line num="5190" count="0" type="stmt"/>
        <line num="5232" count="3" type="stmt"/>
        <line num="5234" count="3" type="stmt"/>
        <line num="5241" count="0" type="cond" truecount="0" falsecount="2"/>
        <line num="5255" count="3" type="stmt"/>
        <line num="5256" count="0" type="stmt"/>
        <line num="5263" count="3" type="stmt"/>
        <line num="5264" count="0" type="stmt"/>
        <line num="5266" count="0" type="stmt"/>
        <line num="5280" count="0" type="stmt"/>
        <line num="5293" count="3" type="stmt"/>
        <line num="5294" count="0" type="stmt"/>
        <line num="5304" count="0" type="stmt"/>
        <line num="5317" count="0" type="stmt"/>
        <line num="5324" count="0" type="stmt"/>
        <line num="5335" count="0" type="stmt"/>
        <line num="5351" count="3" type="stmt"/>
        <line num="5365" count="0" type="stmt"/>
        <line num="5386" count="0" type="stmt"/>
        <line num="5389" count="0" type="stmt"/>
        <line num="5403" count="3" type="stmt"/>
        <line num="5404" count="0" type="stmt"/>
        <line num="5410" count="0" type="cond" truecount="0" falsecount="2"/>
        <line num="5411" count="0" type="cond" truecount="0" falsecount="2"/>
        <line num="5413" count="0" type="cond" truecount="0" falsecount="2"/>
        <line num="5414" count="0" type="cond" truecount="0" falsecount="2"/>
        <line num="5416" count="0" type="stmt"/>
        <line num="5417" count="0" type="cond" truecount="0" falsecount="2"/>
        <line num="5420" count="0" type="stmt"/>
        <line num="5428" count="0" type="cond" truecount="0" falsecount="5"/>
        <line num="5429" count="0" type="stmt"/>
        <line num="5436" count="0" type="stmt"/>
        <line num="5441" count="0" type="cond" truecount="0" falsecount="4"/>
        <line num="5442" count="0" type="stmt"/>
        <line num="5443" count="0" type="cond" truecount="0" falsecount="2"/>
        <line num="5445" count="0" type="cond" truecount="0" falsecount="2"/>
        <line num="5446" count="0" type="stmt"/>
        <line num="5453" count="0" type="stmt"/>
        <line num="5485" count="3" type="stmt"/>
        <line num="5486" count="0" type="stmt"/>
        <line num="5492" count="0" type="stmt"/>
        <line num="5498" count="0" type="stmt"/>
        <line num="5504" count="0" type="stmt"/>
        <line num="5505" count="0" type="stmt"/>
        <line num="5512" count="0" type="stmt"/>
        <line num="5525" count="3" type="stmt"/>
        <line num="5526" count="0" type="stmt"/>
        <line num="5537" count="3" type="stmt"/>
        <line num="5538" count="0" type="stmt"/>
        <line num="5561" count="3" type="stmt"/>
        <line num="5562" count="30180" type="stmt"/>
        <line num="5573" count="3" type="stmt"/>
        <line num="5574" count="0" type="stmt"/>
        <line num="5582" count="0" type="stmt"/>
        <line num="5594" count="3" type="stmt"/>
        <line num="5596" count="3" type="stmt"/>
        <line num="5597" count="0" type="cond" truecount="0" falsecount="2"/>
        <line num="5617" count="3" type="stmt"/>
        <line num="5619" count="3" type="stmt"/>
        <line num="5620" count="0" type="stmt"/>
        <line num="5636" count="3" type="stmt"/>
        <line num="5637" count="0" type="cond" truecount="0" falsecount="2"/>
        <line num="5639" count="0" type="stmt"/>
        <line num="5642" count="0" type="stmt"/>
      </file>
      <file name="AppStyles.js" path="/Users/daniilglusenko/Desktop/solid-uzb-hh/job-labor-proto/AppStyles.js">
        <metrics statements="2" coveredstatements="2" conditionals="0" coveredconditionals="0" methods="0" coveredmethods="0"/>
        <line num="3" count="3" type="stmt"/>
        <line num="13" count="3" type="stmt"/>
      </file>
      <file name="config.js" path="/Users/daniilglusenko/Desktop/solid-uzb-hh/job-labor-proto/config.js">
        <metrics statements="11" coveredstatements="11" conditionals="11" coveredconditionals="9" methods="1" coveredmethods="1"/>
        <line num="9" count="9" type="stmt"/>
        <line num="10" count="9" type="cond" truecount="1" falsecount="2"/>
        <line num="12" count="9" type="stmt"/>
        <line num="20" count="9" type="stmt"/>
        <line num="23" count="9" type="stmt"/>
        <line num="36" count="9" type="stmt"/>
        <line num="39" count="9" type="stmt"/>
        <line num="42" count="9" type="stmt"/>
        <line num="45" count="9" type="stmt"/>
        <line num="48" count="9" type="stmt"/>
        <line num="51" count="9" type="stmt"/>
      </file>
    </package>
    <package name="job-labor-proto.__tests__">
      <metrics statements="37" coveredstatements="29" conditionals="25" coveredconditionals="9" methods="11" coveredmethods="7"/>
      <file name="mockHelpers.js" path="/Users/daniilglusenko/Desktop/solid-uzb-hh/job-labor-proto/__tests__/mockHelpers.js">
        <metrics statements="25" coveredstatements="17" conditionals="20" coveredconditionals="5" methods="7" coveredmethods="3"/>
        <line num="8" count="2" type="stmt"/>
        <line num="9" count="14" type="stmt"/>
        <line num="15" count="14" type="stmt"/>
        <line num="22" count="2" type="stmt"/>
        <line num="23" count="14" type="cond" truecount="1" falsecount="1"/>
        <line num="25" count="14" type="cond" truecount="1" falsecount="1"/>
        <line num="26" count="14" type="stmt"/>
        <line num="28" count="14" type="cond" truecount="1" falsecount="1"/>
        <line num="29" count="14" type="stmt"/>
        <line num="31" count="14" type="cond" truecount="1" falsecount="1"/>
        <line num="32" count="14" type="stmt"/>
        <line num="34" count="14" type="cond" truecount="1" falsecount="1"/>
        <line num="35" count="14" type="stmt"/>
        <line num="43" count="2" type="stmt"/>
        <line num="44" count="0" type="stmt"/>
        <line num="45" count="0" type="stmt"/>
        <line num="51" count="2" type="cond" truecount="0" falsecount="1"/>
        <line num="52" count="0" type="stmt"/>
        <line num="63" count="2" type="cond" truecount="0" falsecount="1"/>
        <line num="64" count="0" type="cond" truecount="0" falsecount="2"/>
        <line num="65" count="0" type="stmt"/>
        <line num="67" count="0" type="stmt"/>
        <line num="79" count="2" type="stmt"/>
        <line num="80" count="0" type="cond" truecount="0" falsecount="4"/>
        <line num="81" count="0" type="stmt"/>
      </file>
      <file name="testUtils.js" path="/Users/daniilglusenko/Desktop/solid-uzb-hh/job-labor-proto/__tests__/testUtils.js">
        <metrics statements="12" coveredstatements="12" conditionals="5" coveredconditionals="4" methods="4" coveredmethods="4"/>
        <line num="10" count="14" type="stmt"/>
        <line num="30" count="14" type="cond" truecount="2" falsecount="0"/>
        <line num="32" count="14" type="stmt"/>
        <line num="33" count="14" type="stmt"/>
        <line num="38" count="14" type="stmt"/>
        <line num="41" count="14" type="stmt"/>
        <line num="43" count="14" type="stmt"/>
        <line num="51" count="14" type="cond" truecount="1" falsecount="1"/>
        <line num="52" count="14" type="stmt"/>
        <line num="54" count="14" type="stmt"/>
        <line num="56" count="14" type="stmt"/>
        <line num="58" count="14" type="stmt"/>
      </file>
    </package>
    <package name="job-labor-proto.components">
      <metrics statements="22" coveredstatements="22" conditionals="27" coveredconditionals="27" methods="7" coveredmethods="7"/>
      <file name="ErrorBoundary.js" path="/Users/daniilglusenko/Desktop/solid-uzb-hh/job-labor-proto/components/ErrorBoundary.js">
        <metrics statements="15" coveredstatements="15" conditionals="13" coveredconditionals="13" methods="5" coveredmethods="5"/>
        <line num="10" count="21" type="stmt"/>
        <line num="11" count="21" type="stmt"/>
        <line num="16" count="24" type="stmt"/>
        <line num="21" count="12" type="stmt"/>
        <line num="23" count="12" type="stmt"/>
        <line num="32" count="21" type="stmt"/>
        <line num="33" count="2" type="stmt"/>
        <line num="36" count="2" type="cond" truecount="2" falsecount="0"/>
        <line num="37" count="1" type="stmt"/>
        <line num="42" count="61" type="cond" truecount="2" falsecount="0"/>
        <line num="44" count="36" type="cond" truecount="2" falsecount="0"/>
        <line num="45" count="3" type="stmt"/>
        <line num="49" count="33" type="stmt"/>
        <line num="100" count="25" type="stmt"/>
        <line num="104" count="4" type="stmt"/>
      </file>
      <file name="ErrorDisplay.js" path="/Users/daniilglusenko/Desktop/solid-uzb-hh/job-labor-proto/components/ErrorDisplay.js">
        <metrics statements="7" coveredstatements="7" conditionals="14" coveredconditionals="14" methods="2" coveredmethods="2"/>
        <line num="8" count="4" type="stmt"/>
        <line num="16" count="14" type="cond" truecount="3" falsecount="0"/>
        <line num="18" count="14" type="stmt"/>
        <line num="66" count="4" type="stmt"/>
        <line num="67" count="5" type="cond" truecount="2" falsecount="0"/>
        <line num="69" count="3" type="stmt"/>
        <line num="77" count="4" type="stmt"/>
      </file>
    </package>
    <package name="job-labor-proto.hooks">
      <metrics statements="357" coveredstatements="294" conditionals="281" coveredconditionals="164" methods="103" coveredmethods="84"/>
      <file name="useChats.js" path="/Users/daniilglusenko/Desktop/solid-uzb-hh/job-labor-proto/hooks/useChats.js">
        <metrics statements="114" coveredstatements="88" conditionals="128" coveredconditionals="64" methods="30" coveredmethods="24"/>
        <line num="18" count="4" type="cond" truecount="1" falsecount="1"/>
        <line num="19" count="10064" type="stmt"/>
        <line num="21" count="10064" type="stmt"/>
        <line num="24" count="2" type="stmt"/>
        <line num="25" count="1" type="stmt"/>
        <line num="39" count="4" type="cond" truecount="1" falsecount="0"/>
        <line num="40" count="3" type="stmt"/>
        <line num="42" count="3" type="stmt"/>
        <line num="45" count="1" type="stmt"/>
        <line num="46" count="1" type="stmt"/>
        <line num="59" count="4" type="cond" truecount="1" falsecount="1"/>
        <line num="60" count="4" type="stmt"/>
        <line num="62" count="4" type="stmt"/>
        <line num="65" count="3" type="stmt"/>
        <line num="69" count="3" type="stmt"/>
        <line num="70" count="3" type="stmt"/>
        <line num="75" count="10" type="cond" truecount="3" falsecount="1"/>
        <line num="76" count="10" type="stmt"/>
        <line num="78" count="0" type="cond" truecount="0" falsecount="5"/>
        <line num="79" count="0" type="stmt"/>
        <line num="81" count="0" type="stmt"/>
        <line num="94" count="4" type="cond" truecount="1" falsecount="1"/>
        <line num="95" count="10063" type="stmt"/>
        <line num="97" count="10063" type="stmt"/>
        <line num="101" count="3" type="stmt"/>
        <line num="103" count="3" type="stmt"/>
        <line num="105" count="3" type="stmt"/>
        <line num="108" count="2" type="stmt"/>
        <line num="110" count="2" type="stmt"/>
        <line num="113" count="1" type="cond" truecount="1" falsecount="1"/>
        <line num="114" count="1" type="stmt"/>
        <line num="115" count="1" type="stmt"/>
        <line num="117" count="0" type="stmt"/>
        <line num="128" count="20109" type="stmt"/>
        <line num="129" count="20109" type="stmt"/>
        <line num="130" count="3" type="stmt"/>
        <line num="132" count="20106" type="stmt"/>
        <line num="141" count="4" type="cond" truecount="1" falsecount="0"/>
        <line num="142" count="10066" type="stmt"/>
        <line num="145" count="10066" type="stmt"/>
        <line num="147" count="10066" type="stmt"/>
        <line num="149" count="3" type="stmt"/>
        <line num="150" count="2" type="stmt"/>
        <line num="154" count="2" type="cond" truecount="2" falsecount="0"/>
        <line num="157" count="2" type="stmt"/>
        <line num="158" count="4" type="cond" truecount="1" falsecount="1"/>
        <line num="160" count="4" type="stmt"/>
        <line num="162" count="4" type="cond" truecount="3" falsecount="1"/>
        <line num="163" count="4" type="stmt"/>
        <line num="172" count="0" type="cond" truecount="0" falsecount="2"/>
        <line num="173" count="0" type="stmt"/>
        <line num="175" count="0" type="stmt"/>
        <line num="179" count="4" type="cond" truecount="2" falsecount="0"/>
        <line num="180" count="4" type="stmt"/>
        <line num="182" count="4" type="cond" truecount="2" falsecount="3"/>
        <line num="183" count="0" type="stmt"/>
        <line num="192" count="4" type="stmt"/>
        <line num="195" count="0" type="cond" truecount="0" falsecount="4"/>
        <line num="196" count="0" type="stmt"/>
        <line num="197" count="0" type="cond" truecount="0" falsecount="4"/>
        <line num="198" count="0" type="stmt"/>
        <line num="206" count="0" type="cond" truecount="0" falsecount="2"/>
        <line num="207" count="0" type="stmt"/>
        <line num="209" count="0" type="stmt"/>
        <line num="212" count="0" type="cond" truecount="0" falsecount="2"/>
        <line num="213" count="0" type="stmt"/>
        <line num="215" count="0" type="cond" truecount="0" falsecount="5"/>
        <line num="216" count="0" type="stmt"/>
        <line num="228" count="0" type="stmt"/>
        <line num="232" count="0" type="cond" truecount="0" falsecount="2"/>
        <line num="236" count="2" type="stmt"/>
        <line num="237" count="2" type="stmt"/>
        <line num="240" count="2" type="stmt"/>
        <line num="241" count="2" type="cond" truecount="1" falsecount="1"/>
        <line num="242" count="2" type="cond" truecount="1" falsecount="1"/>
        <line num="245" count="2" type="stmt"/>
        <line num="246" count="0" type="stmt"/>
        <line num="251" count="2" type="stmt"/>
        <line num="253" count="2" type="stmt"/>
        <line num="258" count="3" type="stmt"/>
        <line num="259" count="3" type="stmt"/>
        <line num="262" count="3" type="stmt"/>
        <line num="263" count="3" type="cond" truecount="2" falsecount="0"/>
        <line num="264" count="1" type="stmt"/>
        <line num="268" count="3" type="stmt"/>
        <line num="282" count="3" type="stmt"/>
        <line num="283" count="6" type="cond" truecount="2" falsecount="0"/>
        <line num="285" count="2" type="cond" truecount="2" falsecount="1"/>
        <line num="286" count="2" type="cond" truecount="1" falsecount="1"/>
        <line num="287" count="2" type="stmt"/>
        <line num="289" count="4" type="cond" truecount="2" falsecount="2"/>
        <line num="290" count="0" type="cond" truecount="0" falsecount="3"/>
        <line num="291" count="0" type="cond" truecount="0" falsecount="2"/>
        <line num="292" count="0" type="stmt"/>
        <line num="294" count="4" type="stmt"/>
        <line num="297" count="3" type="stmt"/>
        <line num="298" count="3" type="stmt"/>
        <line num="301" count="3" type="stmt"/>
        <line num="302" count="3" type="cond" truecount="1" falsecount="1"/>
        <line num="303" count="3" type="cond" truecount="1" falsecount="1"/>
        <line num="306" count="3" type="stmt"/>
        <line num="307" count="0" type="stmt"/>
        <line num="311" count="3" type="stmt"/>
        <line num="315" count="1" type="cond" truecount="1" falsecount="1"/>
        <line num="316" count="1" type="cond" truecount="1" falsecount="1"/>
        <line num="317" count="1" type="stmt"/>
        <line num="326" count="4" type="stmt"/>
        <line num="327" count="10064" type="stmt"/>
        <line num="329" count="10064" type="stmt"/>
        <line num="331" count="2" type="stmt"/>
        <line num="332" count="2" type="stmt"/>
        <line num="336" count="2" type="stmt"/>
        <line num="338" count="2" type="stmt"/>
        <line num="340" count="2" type="stmt"/>
      </file>
      <file name="useDocuments.js" path="/Users/daniilglusenko/Desktop/solid-uzb-hh/job-labor-proto/hooks/useDocuments.js">
        <metrics statements="51" coveredstatements="50" conditionals="41" coveredconditionals="29" methods="20" coveredmethods="19"/>
        <line num="14" count="4" type="cond" truecount="1" falsecount="0"/>
        <line num="15" count="10065" type="stmt"/>
        <line num="17" count="10065" type="stmt"/>
        <line num="20" count="2" type="stmt"/>
        <line num="21" count="2" type="stmt"/>
        <line num="22" count="1" type="stmt"/>
        <line num="24" count="1" type="stmt"/>
        <line num="25" count="1" type="cond" truecount="1" falsecount="1"/>
        <line num="29" count="1" type="cond" truecount="3" falsecount="1"/>
        <line num="30" count="1" type="stmt"/>
        <line num="33" count="1" type="stmt"/>
        <line num="47" count="4" type="cond" truecount="1" falsecount="0"/>
        <line num="48" count="10064" type="stmt"/>
        <line num="51" count="2" type="stmt"/>
        <line num="52" count="2" type="stmt"/>
        <line num="53" count="1" type="stmt"/>
        <line num="55" count="1" type="stmt"/>
        <line num="56" count="1" type="cond" truecount="1" falsecount="1"/>
        <line num="60" count="1" type="cond" truecount="3" falsecount="1"/>
        <line num="61" count="1" type="stmt"/>
        <line num="64" count="1" type="stmt"/>
        <line num="78" count="4" type="stmt"/>
        <line num="79" count="10066" type="stmt"/>
        <line num="81" count="10066" type="stmt"/>
        <line num="83" count="3" type="stmt"/>
        <line num="87" count="2" type="stmt"/>
        <line num="89" count="2" type="cond" truecount="1" falsecount="1"/>
        <line num="90" count="2" type="stmt"/>
        <line num="94" count="1" type="stmt"/>
        <line num="102" count="4" type="stmt"/>
        <line num="103" count="10062" type="stmt"/>
        <line num="105" count="10062" type="stmt"/>
        <line num="107" count="1" type="stmt"/>
        <line num="111" count="1" type="stmt"/>
        <line num="113" count="1" type="cond" truecount="1" falsecount="1"/>
        <line num="114" count="1" type="stmt"/>
        <line num="118" count="0" type="stmt"/>
        <line num="126" count="4" type="stmt"/>
        <line num="127" count="10065" type="stmt"/>
        <line num="129" count="10065" type="stmt"/>
        <line num="131" count="3" type="stmt"/>
        <line num="135" count="3" type="stmt"/>
        <line num="138" count="3" type="stmt"/>
        <line num="141" count="3" type="stmt"/>
        <line num="142" count="6" type="cond" truecount="1" falsecount="1"/>
        <line num="145" count="3" type="stmt"/>
        <line num="149" count="1" type="cond" truecount="1" falsecount="1"/>
        <line num="150" count="1" type="stmt"/>
        <line num="155" count="2" type="stmt"/>
        <line num="157" count="2" type="stmt"/>
        <line num="161" count="3" type="stmt"/>
      </file>
      <file name="useJobs.js" path="/Users/daniilglusenko/Desktop/solid-uzb-hh/job-labor-proto/hooks/useJobs.js">
        <metrics statements="28" coveredstatements="13" conditionals="26" coveredconditionals="13" methods="11" coveredmethods="4"/>
        <line num="7" count="3" type="cond" truecount="0" falsecount="2"/>
        <line num="8" count="10060" type="stmt"/>
        <line num="10" count="10060" type="stmt"/>
        <line num="13" count="0" type="stmt"/>
        <line num="14" count="0" type="stmt"/>
        <line num="27" count="3" type="cond" truecount="0" falsecount="1"/>
        <line num="28" count="10060" type="stmt"/>
        <line num="30" count="10060" type="stmt"/>
        <line num="33" count="0" type="stmt"/>
        <line num="34" count="0" type="stmt"/>
        <line num="47" count="3" type="stmt"/>
        <line num="48" count="10060" type="stmt"/>
        <line num="50" count="10060" type="stmt"/>
        <line num="52" count="0" type="stmt"/>
[...]
        <line num="299" count="0" type="stmt"/>
        <line num="307" count="17" type="stmt"/>
        <line num="308" count="10" type="stmt"/>
        <line num="309" count="5" type="stmt"/>
        <line num="310" count="5" type="stmt"/>
        <line num="312" count="0" type="stmt"/>
        <line num="320" count="17" type="stmt"/>
        <line num="321" count="0" type="stmt"/>
        <line num="322" count="0" type="stmt"/>
        <line num="323" count="0" type="stmt"/>
        <line num="325" count="0" type="stmt"/>
        <line num="333" count="17" type="stmt"/>
        <line num="334" count="0" type="stmt"/>
        <line num="335" count="0" type="stmt"/>
        <line num="336" count="0" type="stmt"/>
        <line num="338" count="0" type="stmt"/>
        <line num="346" count="17" type="stmt"/>
        <line num="347" count="11" type="cond" truecount="2" falsecount="0"/>
        <line num="348" count="3" type="cond" truecount="2" falsecount="0"/>
        <line num="354" count="17" type="stmt"/>
        <line num="355" count="1" type="stmt"/>
        <line num="356" count="1" type="cond" truecount="1" falsecount="1"/>
        <line num="358" count="1" type="stmt"/>
        <line num="359" count="1" type="stmt"/>
        <line num="366" count="17" type="stmt"/>
        <line num="367" count="0" type="cond" truecount="0" falsecount="2"/>
        <line num="368" count="0" type="stmt"/>
        <line num="369" count="0" type="stmt"/>
        <line num="372" count="0" type="stmt"/>
        <line num="373" count="0" type="stmt"/>
        <line num="374" count="0" type="stmt"/>
        <line num="376" count="0" type="stmt"/>
        <line num="377" count="0" type="stmt"/>
        <line num="383" count="1" type="stmt"/>
        <line num="388" count="1" type="stmt"/>
        <line num="392" count="2" type="cond" truecount="2" falsecount="0"/>
        <line num="393" count="1" type="stmt"/>
        <line num="395" count="2" type="stmt"/>
        <line num="401" count="1" type="stmt"/>
        <line num="405" count="1" type="stmt"/>
        <line num="406" count="1" type="stmt"/>
      </file>
    </package>
    <package name="job-labor-proto.tests.msw">
      <metrics statements="167" coveredstatements="17" conditionals="162" coveredconditionals="2" methods="28" coveredmethods="0"/>
      <file name="handlers.js" path="/Users/daniilglusenko/Desktop/solid-uzb-hh/job-labor-proto/tests/msw/handlers.js">
        <metrics statements="163" coveredstatements="13" conditionals="162" coveredconditionals="2" methods="28" coveredmethods="0"/>
        <line num="1" count="22" type="stmt"/>
        <line num="5" count="22" type="cond" truecount="2" falsecount="0"/>
        <line num="6" count="22" type="stmt"/>
        <line num="7" count="22" type="stmt"/>
        <line num="8" count="22" type="stmt"/>
        <line num="9" count="22" type="stmt"/>
        <line num="10" count="22" type="stmt"/>
        <line num="11" count="22" type="stmt"/>
        <line num="12" count="22" type="stmt"/>
        <line num="13" count="22" type="stmt"/>
        <line num="14" count="22" type="stmt"/>
        <line num="16" count="22" type="stmt"/>
        <line num="18" count="0" type="stmt"/>
        <line num="20" count="0" type="stmt"/>
        <line num="30" count="0" type="stmt"/>
        <line num="32" count="0" type="stmt"/>
        <line num="43" count="0" type="stmt"/>
        <line num="55" count="0" type="stmt"/>
        <line num="56" count="0" type="cond" truecount="0" falsecount="4"/>
        <line num="57" count="0" type="stmt"/>
        <line num="60" count="0" type="stmt"/>
        <line num="76" count="0" type="stmt"/>
        <line num="77" count="0" type="cond" truecount="0" falsecount="4"/>
        <line num="78" count="0" type="stmt"/>
        <line num="81" count="0" type="stmt"/>
        <line num="83" count="0" type="stmt"/>
        <line num="95" count="0" type="stmt"/>
        <line num="96" count="0" type="cond" truecount="0" falsecount="4"/>
        <line num="97" count="0" type="stmt"/>
        <line num="100" count="0" type="stmt"/>
        <line num="113" count="0" type="stmt"/>
        <line num="115" count="0" type="cond" truecount="0" falsecount="2"/>
        <line num="116" count="0" type="stmt"/>
        <line num="119" count="0" type="stmt"/>
        <line num="131" count="0" type="stmt"/>
        <line num="132" count="0" type="cond" truecount="0" falsecount="4"/>
        <line num="133" count="0" type="stmt"/>
        <line num="136" count="0" type="stmt"/>
        <line num="137" count="0" type="cond" truecount="0" falsecount="2"/>
        <line num="138" count="0" type="cond" truecount="0" falsecount="2"/>
        <line num="139" count="0" type="cond" truecount="0" falsecount="2"/>
        <line num="141" count="0" type="stmt"/>
        <line num="164" count="0" type="cond" truecount="0" falsecount="2"/>
        <line num="166" count="0" type="stmt"/>
        <line num="182" count="0" type="stmt"/>
        <line num="183" count="0" type="cond" truecount="0" falsecount="4"/>
        <line num="184" count="0" type="stmt"/>
        <line num="187" count="0" type="stmt"/>
        <line num="189" count="0" type="cond" truecount="0" falsecount="2"/>
        <line num="190" count="0" type="stmt"/>
        <line num="193" count="0" type="stmt"/>
        <line num="210" count="0" type="stmt"/>
        <line num="211" count="0" type="cond" truecount="0" falsecount="4"/>
        <line num="212" count="0" type="stmt"/>
        <line num="215" count="0" type="stmt"/>
        <line num="248" count="0" type="stmt"/>
        <line num="258" count="0" type="stmt"/>
        <line num="259" count="0" type="cond" truecount="0" falsecount="4"/>
        <line num="260" count="0" type="stmt"/>
        <line num="263" count="0" type="stmt"/>
        <line num="265" count="0" type="stmt"/>
        <line num="278" count="0" type="stmt"/>
        <line num="288" count="0" type="stmt"/>
        <line num="289" count="0" type="cond" truecount="0" falsecount="4"/>
        <line num="290" count="0" type="stmt"/>
        <line num="293" count="0" type="stmt"/>
        <line num="294" count="0" type="cond" truecount="0" falsecount="2"/>
        <line num="297" count="0" type="stmt"/>
        <line num="298" count="0" type="stmt"/>
        <line num="299" count="0" type="stmt"/>
        <line num="300" count="0" type="stmt"/>
        <line num="301" count="0" type="stmt"/>
        <line num="323" count="0" type="stmt"/>
        <line num="333" count="0" type="stmt"/>
        <line num="334" count="0" type="cond" truecount="0" falsecount="4"/>
        <line num="335" count="0" type="stmt"/>
        <line num="338" count="0" type="stmt"/>
        <line num="339" count="0" type="stmt"/>
        <line num="341" count="0" type="cond" truecount="0" falsecount="2"/>
        <line num="342" count="0" type="stmt"/>
        <line num="345" count="0" type="stmt"/>
        <line num="361" count="0" type="stmt"/>
        <line num="362" count="0" type="cond" truecount="0" falsecount="4"/>
        <line num="363" count="0" type="stmt"/>
        <line num="366" count="0" type="stmt"/>
        <line num="367" count="0" type="stmt"/>
        <line num="369" count="0" type="stmt"/>
        <line num="382" count="0" type="stmt"/>
        <line num="383" count="0" type="cond" truecount="0" falsecount="4"/>
        <line num="384" count="0" type="stmt"/>
        <line num="387" count="0" type="stmt"/>
        <line num="412" count="0" type="stmt"/>
        <line num="422" count="0" type="stmt"/>
        <line num="423" count="0" type="cond" truecount="0" falsecount="4"/>
        <line num="424" count="0" type="stmt"/>
        <line num="427" count="0" type="stmt"/>
        <line num="429" count="0" type="stmt"/>
        <line num="444" count="0" type="stmt"/>
        <line num="445" count="0" type="cond" truecount="0" falsecount="4"/>
        <line num="446" count="0" type="stmt"/>
        <line num="449" count="0" type="stmt"/>
        <line num="468" count="0" type="stmt"/>
        <line num="478" count="0" type="stmt"/>
        <line num="479" count="0" type="cond" truecount="0" falsecount="4"/>
        <line num="480" count="0" type="stmt"/>
        <line num="483" count="0" type="stmt"/>
        <line num="485" count="0" type="cond" truecount="0" falsecount="4"/>
        <line num="486" count="0" type="stmt"/>
        <line num="489" count="0" type="stmt"/>
        <line num="506" count="0" type="stmt"/>
        <line num="507" count="0" type="cond" truecount="0" falsecount="4"/>
        <line num="508" count="0" type="stmt"/>
        <line num="511" count="0" type="stmt"/>
        <line num="512" count="0" type="cond" truecount="0" falsecount="2"/>
        <line num="513" count="0" type="cond" truecount="0" falsecount="2"/>
        <line num="514" count="0" type="cond" truecount="0" falsecount="2"/>
        <line num="515" count="0" type="stmt"/>
        <line num="517" count="0" type="stmt"/>
        <line num="549" count="0" type="cond" truecount="0" falsecount="4"/>
        <line num="550" count="0" type="cond" truecount="0" falsecount="4"/>
        <line num="551" count="0" type="cond" truecount="0" falsecount="4"/>
        <line num="552" count="0" type="cond" truecount="0" falsecount="4"/>
        <line num="553" count="0" type="stmt"/>
        <line num="556" count="0" type="stmt"/>
        <line num="567" count="0" type="stmt"/>
        <line num="568" count="0" type="cond" truecount="0" falsecount="4"/>
        <line num="569" count="0" type="stmt"/>
        <line num="572" count="0" type="stmt"/>
        <line num="611" count="0" type="stmt"/>
        <line num="619" count="0" type="stmt"/>
        <line num="620" count="0" type="cond" truecount="0" falsecount="4"/>
        <line num="621" count="0" type="stmt"/>
        <line num="624" count="0" type="stmt"/>
        <line num="625" count="0" type="stmt"/>
        <line num="627" count="0" type="stmt"/>
        <line num="666" count="0" type="stmt"/>
        <line num="668" count="0" type="cond" truecount="0" falsecount="2"/>
        <line num="669" count="0" type="stmt"/>
        <line num="672" count="0" type="stmt"/>
        <line num="680" count="0" type="stmt"/>
        <line num="681" count="0" type="cond" truecount="0" falsecount="4"/>
        <line num="682" count="0" type="stmt"/>
        <line num="686" count="0" type="stmt"/>
        <line num="687" count="0" type="cond" truecount="0" falsecount="2"/>
        <line num="688" count="0" type="cond" truecount="0" falsecount="2"/>
        <line num="689" count="0" type="cond" truecount="0" falsecount="2"/>
        <line num="691" count="0" type="stmt"/>
        <line num="704" count="0" type="stmt"/>
        <line num="712" count="0" type="stmt"/>
        <line num="713" count="0" type="cond" truecount="0" falsecount="4"/>
        <line num="714" count="0" type="stmt"/>
        <line num="718" count="0" type="stmt"/>
        <line num="719" count="0" type="cond" truecount="0" falsecount="2"/>
        <line num="720" count="0" type="cond" truecount="0" falsecount="2"/>
        <line num="721" count="0" type="cond" truecount="0" falsecount="2"/>
        <line num="723" count="0" type="stmt"/>
        <line num="736" count="0" type="stmt"/>
        <line num="744" count="0" type="stmt"/>
        <line num="745" count="0" type="cond" truecount="0" falsecount="4"/>
        <line num="746" count="0" type="stmt"/>
        <line num="749" count="0" type="stmt"/>
        <line num="751" count="0" type="stmt"/>
        <line num="759" count="22" type="stmt"/>
      </file>
      <file name="server.js" path="/Users/daniilglusenko/Desktop/solid-uzb-hh/job-labor-proto/tests/msw/server.js">
        <metrics statements="4" coveredstatements="4" conditionals="0" coveredconditionals="0" methods="0" coveredmethods="0"/>
        <line num="1" count="22" type="stmt"/>
        <line num="2" count="22" type="stmt"/>
        <line num="4" count="22" type="stmt"/>
        <line num="6" count="22" type="stmt"/>
      </file>
    </package>
    <package name="job-labor-proto.utils">
      <metrics statements="119" coveredstatements="81" conditionals="187" coveredconditionals="115" methods="10" coveredmethods="9"/>
      <file name="errorHandler.js" path="/Users/daniilglusenko/Desktop/solid-uzb-hh/job-labor-proto/utils/errorHandler.js">
        <metrics statements="119" coveredstatements="81" conditionals="187" coveredconditionals="115" methods="10" coveredmethods="9"/>
        <line num="10" count="11" type="stmt"/>
        <line num="11" count="11" type="stmt"/>
        <line num="12" count="11" type="stmt"/>
        <line num="13" count="11" type="stmt"/>
        <line num="14" count="11" type="stmt"/>
        <line num="20" count="21" type="cond" truecount="2" falsecount="0"/>
        <line num="21" count="21" type="stmt"/>
        <line num="22" count="21" type="stmt"/>
        <line num="28" count="5" type="cond" truecount="2" falsecount="0"/>
        <line num="29" count="5" type="stmt"/>
        <line num="30" count="5" type="stmt"/>
        <line num="36" count="4" type="cond" truecount="2" falsecount="0"/>
        <line num="37" count="4" type="stmt"/>
        <line num="38" count="4" type="stmt"/>
        <line num="44" count="3" type="cond" truecount="2" falsecount="0"/>
        <line num="45" count="3" type="stmt"/>
        <line num="46" count="3" type="stmt"/>
        <line num="52" count="0" type="cond" truecount="0" falsecount="2"/>
        <line num="53" count="0" type="stmt"/>
        <line num="54" count="0" type="stmt"/>
        <line num="61" count="17" type="stmt"/>
        <line num="63" count="28" type="cond" truecount="8" falsecount="0"/>
        <line num="69" count="1" type="stmt"/>
        <line num="73" count="27" type="cond" truecount="2" falsecount="0"/>
        <line num="74" count="6" type="stmt"/>
        <line num="76" count="6" type="cond" truecount="8" falsecount="2"/>
        <line num="78" count="1" type="stmt"/>
        <line num="83" count="1" type="stmt"/>
        <line num="88" count="1" type="stmt"/>
        <line num="95" count="0" type="stmt"/>
        <line num="102" count="1" type="stmt"/>
        <line num="109" count="1" type="stmt"/>
        <line num="118" count="1" type="stmt"/>
        <line num="125" count="0" type="stmt"/>
        <line num="135" count="21" type="cond" truecount="4" falsecount="0"/>
        <line num="136" count="3" type="stmt"/>
        <line num="140" count="18" type="cond" truecount="1" falsecount="1"/>
        <line num="141" count="18" type="cond" truecount="1" falsecount="1"/>
        <line num="145" count="18" type="cond" truecount="8" falsecount="1"/>
        <line num="153" count="18" type="cond" truecount="1" falsecount="1"/>
        <line num="154" count="0" type="stmt"/>
        <line num="161" count="18" type="cond" truecount="10" falsecount="1"/>
        <line num="171" count="18" type="cond" truecount="2" falsecount="0"/>
        <line num="172" count="17" type="stmt"/>
        <line num="176" count="1" type="stmt"/>
        <line num="179" count="1" type="cond" truecount="4" falsecount="1"/>
        <line num="180" count="1" type="stmt"/>
        <line num="182" count="1" type="cond" truecount="4" falsecount="2"/>
        <line num="183" count="1" type="stmt"/>
        <line num="188" count="1" type="cond" truecount="1" falsecount="1"/>
        <line num="189" count="0" type="stmt"/>
        <line num="193" count="1" type="cond" truecount="4" falsecount="1"/>
        <line num="194" count="0" type="cond" truecount="0" falsecount="2"/>
        <line num="195" count="0" type="stmt"/>
        <line num="196" count="0" type="cond" truecount="0" falsecount="5"/>
        <line num="197" count="0" type="stmt"/>
        <line num="202" count="1" type="cond" truecount="3" falsecount="1"/>
        <line num="203" count="1" type="cond" truecount="1" falsecount="1"/>
        <line num="204" count="0" type="stmt"/>
        <line num="205" count="0" type="stmt"/>
        <line num="206" count="0" type="cond" truecount="0" falsecount="4"/>
        <line num="207" count="0" type="cond" truecount="0" falsecount="2"/>
        <line num="213" count="1" type="cond" truecount="2" falsecount="3"/>
        <line num="214" count="0" type="cond" truecount="0" falsecount="2"/>
        <line num="219" count="1" type="stmt"/>
        <line num="230" count="17" type="stmt"/>
        <line num="231" count="21" type="cond" truecount="2" falsecount="0"/>
        <line num="232" count="1" type="stmt"/>
        <line num="235" count="20" type="cond" truecount="2" falsecount="0"/>
        <line num="236" count="1" type="stmt"/>
        <line num="239" count="19" type="cond" truecount="1" falsecount="1"/>
        <line num="240" count="0" type="cond" truecount="0" falsecount="2"/>
        <line num="243" count="19" type="cond" truecount="2" falsecount="0"/>
        <line num="244" count="9" type="stmt"/>
        <line num="247" count="10" type="cond" truecount="2" falsecount="0"/>
        <line num="248" count="3" type="stmt"/>
        <line num="251" count="7" type="cond" truecount="2" falsecount="0"/>
        <line num="252" count="1" type="cond" truecount="1" falsecount="1"/>
        <line num="256" count="6" type="cond" truecount="2" falsecount="0"/>
        <line num="257" count="5" type="stmt"/>
        <line num="258" count="5" type="stmt"/>
        <line num="261" count="5" type="cond" truecount="8" falsecount="1"/>
        <line num="267" count="3" type="stmt"/>
        <line num="271" count="2" type="cond" truecount="3" falsecount="1"/>
        <line num="272" count="0" type="stmt"/>
        <line num="276" count="2" type="cond" truecount="1" falsecount="1"/>
        <line num="277" count="0" type="cond" truecount="0" falsecount="2"/>
        <line num="278" count="0" type="stmt"/>
        <line num="280" count="0" type="cond" truecount="0" falsecount="2"/>
        <line num="281" count="0" type="stmt"/>
        <line num="283" count="0" type="cond" truecount="0" falsecount="2"/>
        <line num="284" count="0" type="stmt"/>
        <line num="286" count="0" type="cond" truecount="0" falsecount="2"/>
        <line num="287" count="0" type="stmt"/>
        <line num="289" count="0" type="cond" truecount="0" falsecount="5"/>
        <line num="290" count="0" type="stmt"/>
        <line num="292" count="0" type="cond" truecount="0" falsecount="2"/>
        <line num="296" count="2" type="cond" truecount="1" falsecount="1"/>
        <line num="297" count="0" type="stmt"/>
        <line num="300" count="2" type="stmt"/>
        <line num="304" count="1" type="cond" truecount="1" falsecount="1"/>
        <line num="305" count="0" type="stmt"/>
        <line num="309" count="1" type="cond" truecount="2" falsecount="2"/>
        <line num="311" count="0" type="cond" truecount="0" falsecount="2"/>
        <line num="312" count="0" type="stmt"/>
        <line num="314" count="0" type="cond" truecount="0" falsecount="2"/>
        <line num="315" count="0" type="cond" truecount="0" falsecount="2"/>
        <line num="317" count="0" type="cond" truecount="0" falsecount="4"/>
        <line num="318" count="0" type="stmt"/>
        <line num="322" count="1" type="stmt"/>
        <line num="328" count="17" type="stmt"/>
        <line num="329" count="3" type="cond" truecount="3" falsecount="0"/>
        <line num="336" count="17" type="stmt"/>
        <line num="337" count="4" type="cond" truecount="2" falsecount="0"/>
        <line num="338" count="1" type="stmt"/>
        <line num="341" count="3" type="cond" truecount="1" falsecount="1"/>
        <line num="342" count="0" type="stmt"/>
        <line num="345" count="3" type="stmt"/>
        <line num="346" count="3" type="cond" truecount="7" falsecount="1"/>
      </file>
    </package>
  </project>
</coverage>
