{"/Users/daniilglusenko/Desktop/solid-uzb-hh/job-labor-proto/App.js": {"path":"/Users/daniilglusenko/Desktop/solid-uzb-hh/job-labor-proto/App.js","statementMap":{"0":{"start":{"line":74,"column":25},"end":{"line":80,"column":1}},"1":{"start":{"line":82,"column":30},"end":{"line":152,"column":1}},"2":{"start":{"line":154,"column":26},"end":{"line":195,"column":1}},"3":{"start":{"line":197,"column":17},"end":{"line":197,"column":59}},"4":{"start":{"line":199,"column":31},"end":{"line":224,"column":1}},"5":{"start":{"line":226,"column":35},"end":{"line":260,"column":1}},"6":{"start":{"line":262,"column":28},"end":{"line":265,"column":6}},"7":{"start":{"line":263,"column":2},"end":{"line":263,"column":39}},"8":{"start":{"line":264,"column":2},"end":{"line":264,"column":13}},"9":{"start":{"line":267,"column":25},"end":{"line":275,"column":5}},"10":{"start":{"line":268,"column":2},"end":{"line":275,"column":5}},"11":{"start":{"line":268,"column":39},"end":{"line":275,"column":3}},"12":{"start":{"line":271,"column":25},"end":{"line":271,"column":65}},"13":{"start":{"line":272,"column":6},"end":{"line":272,"column":42}},"14":{"start":{"line":273,"column":6},"end":{"line":273,"column":17}},"15":{"start":{"line":277,"column":29},"end":{"line":281,"column":5}},"16":{"start":{"line":278,"column":2},"end":{"line":281,"column":5}},"17":{"start":{"line":278,"column":43},"end":{"line":281,"column":3}},"18":{"start":{"line":280,"column":44},"end":{"line":280,"column":56}},"19":{"start":{"line":283,"column":18},"end":{"line":283,"column":73}},"20":{"start":{"line":285,"column":18},"end":{"line":291,"column":1}},"21":{"start":{"line":293,"column":26},"end":{"line":297,"column":1}},"22":{"start":{"line":299,"column":26},"end":{"line":299,"column":43}},"23":{"start":{"line":301,"column":27},"end":{"line":316,"column":1}},"24":{"start":{"line":318,"column":18},"end":{"line":337,"column":1}},"25":{"start":{"line":339,"column":27},"end":{"line":343,"column":1}},"26":{"start":{"line":345,"column":24},"end":{"line":345,"column":64}},"27":{"start":{"line":345,"column":40},"end":{"line":345,"column":64}},"28":{"start":{"line":347,"column":25},"end":{"line":373,"column":1}},"29":{"start":{"line":348,"column":15},"end":{"line":348,"column":37}},"30":{"start":{"line":350,"column":2},"end":{"line":352,"column":3}},"31":{"start":{"line":351,"column":4},"end":{"line":351,"column":29}},"32":{"start":{"line":354,"column":2},"end":{"line":354,"column":30}},"33":{"start":{"line":355,"column":16},"end":{"line":355,"column":18}},"34":{"start":{"line":356,"column":2},"end":{"line":358,"column":3}},"35":{"start":{"line":357,"column":4},"end":{"line":357,"column":35}},"36":{"start":{"line":359,"column":2},"end":{"line":361,"column":3}},"37":{"start":{"line":360,"column":4},"end":{"line":360,"column":35}},"38":{"start":{"line":362,"column":2},"end":{"line":364,"column":3}},"39":{"start":{"line":363,"column":4},"end":{"line":363,"column":35}},"40":{"start":{"line":365,"column":2},"end":{"line":367,"column":3}},"41":{"start":{"line":366,"column":4},"end":{"line":366,"column":35}},"42":{"start":{"line":369,"column":2},"end":{"line":372,"column":12}},"43":{"start":{"line":375,"column":29},"end":{"line":389,"column":1}},"44":{"start":{"line":376,"column":2},"end":{"line":378,"column":3}},"45":{"start":{"line":377,"column":4},"end":{"line":377,"column":72}},"46":{"start":{"line":380,"column":2},"end":{"line":382,"column":3}},"47":{"start":{"line":381,"column":4},"end":{"line":381,"column":46}},"48":{"start":{"line":384,"column":2},"end":{"line":386,"column":3}},"49":{"start":{"line":385,"column":4},"end":{"line":385,"column":35}},"50":{"start":{"line":388,"column":2},"end":{"line":388,"column":15}},"51":{"start":{"line":391,"column":30},"end":{"line":397,"column":1}},"52":{"start":{"line":392,"column":21},"end":{"line":392,"column":23}},"53":{"start":{"line":393,"column":2},"end":{"line":395,"column":5}},"54":{"start":{"line":394,"column":4},"end":{"line":394,"column":62}},"55":{"start":{"line":396,"column":2},"end":{"line":396,"column":20}},"56":{"start":{"line":399,"column":29},"end":{"line":424,"column":1}},"57":{"start":{"line":400,"column":2},"end":{"line":402,"column":3}},"58":{"start":{"line":401,"column":4},"end":{"line":401,"column":53}},"59":{"start":{"line":404,"column":2},"end":{"line":406,"column":3}},"60":{"start":{"line":405,"column":4},"end":{"line":405,"column":39}},"61":{"start":{"line":408,"column":2},"end":{"line":410,"column":3}},"62":{"start":{"line":409,"column":4},"end":{"line":409,"column":43}},"63":{"start":{"line":412,"column":2},"end":{"line":417,"column":3}},"64":{"start":{"line":416,"column":4},"end":{"line":416,"column":57}},"65":{"start":{"line":419,"column":2},"end":{"line":421,"column":3}},"66":{"start":{"line":420,"column":4},"end":{"line":420,"column":38}},"67":{"start":{"line":423,"column":2},"end":{"line":423,"column":14}},"68":{"start":{"line":426,"column":28},"end":{"line":433,"column":8}},"69":{"start":{"line":427,"column":2},"end":{"line":433,"column":8}},"70":{"start":{"line":428,"column":18},"end":{"line":428,"column":63}},"71":{"start":{"line":429,"column":4},"end":{"line":431,"column":5}},"72":{"start":{"line":430,"column":6},"end":{"line":430,"column":23}},"73":{"start":{"line":432,"column":4},"end":{"line":432,"column":15}},"74":{"start":{"line":436,"column":23},"end":{"line":470,"column":1}},"75":{"start":{"line":437,"column":2},"end":{"line":439,"column":3}},"76":{"start":{"line":438,"column":4},"end":{"line":438,"column":25}},"77":{"start":{"line":440,"column":17},"end":{"line":440,"column":19}},"78":{"start":{"line":441,"column":2},"end":{"line":468,"column":3}},"79":{"start":{"line":443,"column":17},"end":{"line":443,"column":33}},"80":{"start":{"line":444,"column":4},"end":{"line":463,"column":5}},"81":{"start":{"line":446,"column":6},"end":{"line":448,"column":7}},"82":{"start":{"line":447,"column":8},"end":{"line":447,"column":17}},"83":{"start":{"line":449,"column":6},"end":{"line":462,"column":7}},"84":{"start":{"line":451,"column":27},"end":{"line":451,"column":68}},"85":{"start":{"line":452,"column":8},"end":{"line":457,"column":9}},"86":{"start":{"line":454,"column":10},"end":{"line":456,"column":11}},"87":{"start":{"line":455,"column":12},"end":{"line":455,"column":21}},"88":{"start":{"line":458,"column":8},"end":{"line":458,"column":31}},"89":{"start":{"line":466,"column":4},"end":{"line":466,"column":72}},"90":{"start":{"line":467,"column":4},"end":{"line":467,"column":14}},"91":{"start":{"line":469,"column":2},"end":{"line":469,"column":16}},"92":{"start":{"line":472,"column":27},"end":{"line":488,"column":1}},"93":{"start":{"line":475,"column":19},"end":{"line":475,"column":49}},"94":{"start":{"line":476,"column":2},"end":{"line":487,"column":4}},"95":{"start":{"line":490,"column":24},"end":{"line":499,"column":1}},"96":{"start":{"line":491,"column":2},"end":{"line":493,"column":3}},"97":{"start":{"line":492,"column":4},"end":{"line":492,"column":16}},"98":{"start":{"line":495,"column":15},"end":{"line":495,"column":34}},"99":{"start":{"line":496,"column":16},"end":{"line":496,"column":59}},"100":{"start":{"line":497,"column":18},"end":{"line":497,"column":63}},"101":{"start":{"line":498,"column":2},"end":{"line":498,"column":31}},"102":{"start":{"line":501,"column":23},"end":{"line":592,"column":1}},"103":{"start":{"line":502,"column":2},"end":{"line":591,"column":3}},"104":{"start":{"line":506,"column":23},"end":{"line":506,"column":53}},"105":{"start":{"line":507,"column":6},"end":{"line":515,"column":8}},"106":{"start":{"line":518,"column":29},"end":{"line":518,"column":66}},"107":{"start":{"line":521,"column":20},"end":{"line":521,"column":82}},"108":{"start":{"line":522,"column":6},"end":{"line":527,"column":8}},"109":{"start":{"line":530,"column":31},"end":{"line":530,"column":45}},"110":{"start":{"line":533,"column":6},"end":{"line":536,"column":7}},"111":{"start":{"line":534,"column":8},"end":{"line":534,"column":107}},"112":{"start":{"line":535,"column":8},"end":{"line":535,"column":21}},"113":{"start":{"line":538,"column":24},"end":{"line":538,"column":58}},"114":{"start":{"line":541,"column":20},"end":{"line":541,"column":90}},"115":{"start":{"line":542,"column":25},"end":{"line":542,"column":44}},"116":{"start":{"line":543,"column":20},"end":{"line":543,"column":58}},"117":{"start":{"line":544,"column":6},"end":{"line":548,"column":7}},"118":{"start":{"line":545,"column":8},"end":{"line":545,"column":34}},"119":{"start":{"line":547,"column":8},"end":{"line":547,"column":33}},"120":{"start":{"line":550,"column":6},"end":{"line":555,"column":8}},"121":{"start":{"line":558,"column":6},"end":{"line":566,"column":8}},"122":{"start":{"line":568,"column":6},"end":{"line":575,"column":8}},"123":{"start":{"line":577,"column":6},"end":{"line":583,"column":8}},"124":{"start":{"line":585,"column":6},"end":{"line":588,"column":8}},"125":{"start":{"line":590,"column":6},"end":{"line":590,"column":19}},"126":{"start":{"line":594,"column":24},"end":{"line":723,"column":1}},"127":{"start":{"line":595,"column":28},"end":{"line":599,"column":3}},"128":{"start":{"line":601,"column":32},"end":{"line":601,"column":44}},"129":{"start":{"line":603,"column":2},"end":{"line":618,"column":23}},"130":{"start":{"line":606,"column":27},"end":{"line":608,"column":12}},"131":{"start":{"line":609,"column":30},"end":{"line":611,"column":12}},"132":{"start":{"line":614,"column":4},"end":{"line":617,"column":5}},"133":{"start":{"line":615,"column":6},"end":{"line":615,"column":53}},"134":{"start":{"line":616,"column":6},"end":{"line":616,"column":66}},"135":{"start":{"line":620,"column":2},"end":{"line":641,"column":9}},"136":{"start":{"line":621,"column":20},"end":{"line":621,"column":24}},"137":{"start":{"line":622,"column":25},"end":{"line":634,"column":5}},"138":{"start":{"line":623,"column":6},"end":{"line":633,"column":7}},"139":{"start":{"line":624,"column":23},"end":{"line":624,"column":68}},"140":{"start":{"line":625,"column":8},"end":{"line":630,"column":9}},"141":{"start":{"line":626,"column":10},"end":{"line":629,"column":13}},"142":{"start":{"line":632,"column":8},"end":{"line":632,"column":72}},"143":{"start":{"line":636,"column":4},"end":{"line":636,"column":19}},"144":{"start":{"line":638,"column":4},"end":{"line":640,"column":6}},"145":{"start":{"line":639,"column":6},"end":{"line":639,"column":24}},"146":{"start":{"line":643,"column":2},"end":{"line":655,"column":38}},"147":{"start":{"line":644,"column":4},"end":{"line":646,"column":5}},"148":{"start":{"line":645,"column":6},"end":{"line":645,"column":13}},"149":{"start":{"line":648,"column":22},"end":{"line":652,"column":11}},"150":{"start":{"line":649,"column":6},"end":{"line":651,"column":8}},"151":{"start":{"line":650,"column":19},"end":{"line":650,"column":79}},"152":{"start":{"line":654,"column":4},"end":{"line":654,"column":41}},"153":{"start":{"line":654,"column":17},"end":{"line":654,"column":40}},"154":{"start":{"line":657,"column":19},"end":{"line":659,"column":8}},"155":{"start":{"line":658,"column":4},"end":{"line":658,"column":66}},"156":{"start":{"line":661,"column":21},"end":{"line":663,"column":8}},"157":{"start":{"line":662,"column":4},"end":{"line":662,"column":54}},"158":{"start":{"line":665,"column":22},"end":{"line":667,"column":8}},"159":{"start":{"line":666,"column":4},"end":{"line":666,"column":55}},"160":{"start":{"line":669,"column":22},"end":{"line":701,"column":4}},"161":{"start":{"line":670,"column":4},"end":{"line":677,"column":5}},"162":{"start":{"line":676,"column":6},"end":{"line":676,"column":13}},"163":{"start":{"line":681,"column":20},"end":{"line":681,"column":47}},"164":{"start":{"line":682,"column":4},"end":{"line":682,"column":46}},"165":{"start":{"line":684,"column":4},"end":{"line":693,"column":5}},"166":{"start":{"line":685,"column":6},"end":{"line":685,"column":40}},"167":{"start":{"line":686,"column":6},"end":{"line":686,"column":64}},"168":{"start":{"line":687,"column":6},"end":{"line":687,"column":55}},"169":{"start":{"line":689,"column":6},"end":{"line":692,"column":9}},"170":{"start":{"line":703,"column":18},"end":{"line":706,"column":3}},"171":{"start":{"line":704,"column":10},"end":{"line":704,"column":48}},"172":{"start":{"line":708,"column":2},"end":{"line":722,"column":4}},"173":{"start":{"line":763,"column":27},"end":{"line":775,"column":4}},"174":{"start":{"line":764,"column":2},"end":{"line":775,"column":4}},"175":{"start":{"line":765,"column":18},"end":{"line":765,"column":73}},"176":{"start":{"line":765,"column":35},"end":{"line":765,"column":63}},"177":{"start":{"line":766,"column":4},"end":{"line":774,"column":9}},"178":{"start":{"line":768,"column":8},"end":{"line":768,"column":28}},"179":{"start":{"line":769,"column":8},"end":{"line":769,"column":23}},"180":{"start":{"line":772,"column":8},"end":{"line":772,"column":28}},"181":{"start":{"line":773,"column":8},"end":{"line":773,"column":22}},"182":{"start":{"line":777,"column":17},"end":{"line":854,"column":1}},"183":{"start":{"line":779,"column":21},"end":{"line":779,"column":23}},"184":{"start":{"line":780,"column":2},"end":{"line":853,"column":3}},"185":{"start":{"line":782,"column":25},"end":{"line":786,"column":5}},"186":{"start":{"line":789,"column":4},"end":{"line":792,"column":5}},"187":{"start":{"line":790,"column":6},"end":{"line":790,"column":33}},"188":{"start":{"line":791,"column":6},"end":{"line":791,"column":40}},"189":{"start":{"line":794,"column":4},"end":{"line":797,"column":6}},"190":{"start":{"line":799,"column":4},"end":{"line":801,"column":5}},"191":{"start":{"line":800,"column":6},"end":{"line":800,"column":69}},"192":{"start":{"line":804,"column":4},"end":{"line":809,"column":5}},"193":{"start":{"line":805,"column":6},"end":{"line":805,"column":43}},"194":{"start":{"line":808,"column":6},"end":{"line":808,"column":24}},"195":{"start":{"line":811,"column":4},"end":{"line":830,"column":5}},"196":{"start":{"line":813,"column":27},"end":{"line":815,"column":44}},"197":{"start":{"line":818,"column":23},"end":{"line":818,"column":46}},"198":{"start":{"line":819,"column":6},"end":{"line":819,"column":43}},"199":{"start":{"line":822,"column":20},"end":{"line":822,"column":54}},"200":{"start":{"line":825,"column":6},"end":{"line":827,"column":7}},"201":{"start":{"line":826,"column":8},"end":{"line":826,"column":45}},"202":{"start":{"line":829,"column":6},"end":{"line":829,"column":18}},"203":{"start":{"line":832,"column":4},"end":{"line":832,"column":24}},"204":{"start":{"line":835,"column":4},"end":{"line":842,"column":5}},"205":{"start":{"line":841,"column":6},"end":{"line":841,"column":18}},"206":{"start":{"line":845,"column":27},"end":{"line":845,"column":58}},"207":{"start":{"line":848,"column":4},"end":{"line":850,"column":5}},"208":{"start":{"line":849,"column":6},"end":{"line":849,"column":52}},"209":{"start":{"line":852,"column":4},"end":{"line":852,"column":25}},"210":{"start":{"line":856,"column":33},"end":{"line":857,"column":56}},"211":{"start":{"line":857,"column":2},"end":{"line":857,"column":56}},"212":{"start":{"line":859,"column":29},"end":{"line":868,"column":1}},"213":{"start":{"line":870,"column":21},"end":{"line":886,"column":1}},"214":{"start":{"line":888,"column":22},"end":{"line":894,"column":1}},"215":{"start":{"line":896,"column":22},"end":{"line":902,"column":1}},"216":{"start":{"line":904,"column":23},"end":{"line":923,"column":1}},"217":{"start":{"line":925,"column":20},"end":{"line":947,"column":1}},"218":{"start":{"line":949,"column":23},"end":{"line":965,"column":1}},"219":{"start":{"line":967,"column":18},"end":{"line":970,"column":1}},"220":{"start":{"line":972,"column":27},"end":{"line":976,"column":1}},"221":{"start":{"line":978,"column":21},"end":{"line":1006,"column":1}},"222":{"start":{"line":1008,"column":20},"end":{"line":1030,"column":1}},"223":{"start":{"line":1032,"column":18},"end":{"line":1039,"column":1}},"224":{"start":{"line":1041,"column":26},"end":{"line":1047,"column":1}},"225":{"start":{"line":1049,"column":18},"end":{"line":1057,"column":1}},"226":{"start":{"line":1059,"column":20},"end":{"line":1090,"column":1}},"227":{"start":{"line":1093,"column":40},"end":{"line":1093,"column":78}},"228":{"start":{"line":1093,"column":55},"end":{"line":1093,"column":77}},"229":{"start":{"line":1094,"column":50},"end":{"line":1094,"column":84}},"230":{"start":{"line":1094,"column":65},"end":{"line":1094,"column":83}},"231":{"start":{"line":1095,"column":46},"end":{"line":1095,"column":60}},"232":{"start":{"line":1096,"column":46},"end":{"line":1100,"column":4}},"233":{"start":{"line":1101,"column":36},"end":{"line":1101,"column":55}},"234":{"start":{"line":1102,"column":38},"end":{"line":1102,"column":53}},"235":{"start":{"line":1103,"column":44},"end":{"line":1107,"column":4}},"236":{"start":{"line":1108,"column":48},"end":{"line":1108,"column":63}},"237":{"start":{"line":1109,"column":34},"end":{"line":1109,"column":52}},"238":{"start":{"line":1110,"column":34},"end":{"line":1110,"column":79}},"239":{"start":{"line":1110,"column":50},"end":{"line":1110,"column":77}},"240":{"start":{"line":1111,"column":34},"end":{"line":1111,"column":51}},"241":{"start":{"line":1112,"column":50},"end":{"line":1112,"column":65}},"242":{"start":{"line":1113,"column":52},"end":{"line":1116,"column":4}},"243":{"start":{"line":1117,"column":54},"end":{"line":1120,"column":4}},"244":{"start":{"line":1121,"column":54},"end":{"line":1124,"column":4}},"245":{"start":{"line":1125,"column":60},"end":{"line":1128,"column":4}},"246":{"start":{"line":1129,"column":28},"end":{"line":1129,"column":42}},"247":{"start":{"line":1131,"column":20},"end":{"line":1131,"column":41}},"248":{"start":{"line":1132,"column":20},"end":{"line":1132,"column":31}},"249":{"start":{"line":1135,"column":46},"end":{"line":1135,"column":58}},"250":{"start":{"line":1136,"column":38},"end":{"line":1142,"column":4}},"251":{"start":{"line":1143,"column":44},"end":{"line":1143,"column":58}},"252":{"start":{"line":1144,"column":70},"end":{"line":1144,"column":85}},"253":{"start":{"line":1145,"column":50},"end":{"line":1145,"column":65}},"254":{"start":{"line":1146,"column":54},"end":{"line":1146,"column":66}},"255":{"start":{"line":1148,"column":46},"end":{"line":1148,"column":60}},"256":{"start":{"line":1149,"column":50},"end":{"line":1149,"column":65}},"257":{"start":{"line":1150,"column":46},"end":{"line":1150,"column":58}},"258":{"start":{"line":1152,"column":60},"end":{"line":1152,"column":75}},"259":{"start":{"line":1153,"column":54},"end":{"line":1153,"column":68}},"260":{"start":{"line":1154,"column":66},"end":{"line":1154,"column":81}},"261":{"start":{"line":1156,"column":54},"end":{"line":1156,"column":69}},"262":{"start":{"line":1157,"column":38},"end":{"line":1162,"column":4}},"263":{"start":{"line":1164,"column":4},"end":{"line":1164,"column":12}},"264":{"start":{"line":1169,"column":30},"end":{"line":1169,"column":46}},"265":{"start":{"line":1172,"column":82},"end":{"line":1175,"column":3}},"266":{"start":{"line":1177,"column":32},"end":{"line":1177,"column":55}},"267":{"start":{"line":1180,"column":37},"end":{"line":1183,"column":3}},"268":{"start":{"line":1191,"column":6},"end":{"line":1194,"column":3}},"269":{"start":{"line":1196,"column":33},"end":{"line":1196,"column":57}},"270":{"start":{"line":1197,"column":38},"end":{"line":1197,"column":67}},"271":{"start":{"line":1198,"column":33},"end":{"line":1198,"column":57}},"272":{"start":{"line":1200,"column":37},"end":{"line":1204,"column":3}},"273":{"start":{"line":1207,"column":21},"end":{"line":1216,"column":35}},"274":{"start":{"line":1207,"column":36},"end":{"line":1216,"column":3}},"275":{"start":{"line":1223,"column":6},"end":{"line":1227,"column":3}},"276":{"start":{"line":1232,"column":6},"end":{"line":1236,"column":3}},"277":{"start":{"line":1238,"column":29},"end":{"line":1238,"column":49}},"278":{"start":{"line":1244,"column":6},"end":{"line":1248,"column":3}},"279":{"start":{"line":1256,"column":6},"end":{"line":1260,"column":3}},"280":{"start":{"line":1262,"column":25},"end":{"line":1262,"column":60}},"281":{"start":{"line":1262,"column":40},"end":{"line":1262,"column":54}},"282":{"start":{"line":1269,"column":6},"end":{"line":1277,"column":3}},"283":{"start":{"line":1279,"column":30},"end":{"line":1279,"column":83}},"284":{"start":{"line":1280,"column":29},"end":{"line":1280,"column":73}},"285":{"start":{"line":1283,"column":25},"end":{"line":1297,"column":20}},"286":{"start":{"line":1284,"column":4},"end":{"line":1284,"column":33}},"287":{"start":{"line":1284,"column":23},"end":{"line":1284,"column":33}},"288":{"start":{"line":1285,"column":21},"end":{"line":1291,"column":14}},"289":{"start":{"line":1292,"column":4},"end":{"line":1296,"column":7}},"290":{"start":{"line":1293,"column":20},"end":{"line":1293,"column":56}},"291":{"start":{"line":1294,"column":20},"end":{"line":1294,"column":56}},"292":{"start":{"line":1295,"column":6},"end":{"line":1295,"column":27}},"293":{"start":{"line":1309,"column":6},"end":{"line":1309,"column":39}},"294":{"start":{"line":1313,"column":23},"end":{"line":1326,"column":8}},"295":{"start":{"line":1314,"column":18},"end":{"line":1314,"column":28}},"296":{"start":{"line":1315,"column":23},"end":{"line":1315,"column":37}},"297":{"start":{"line":1316,"column":19},"end":{"line":1316,"column":34}},"298":{"start":{"line":1317,"column":4},"end":{"line":1317,"column":78}},"299":{"start":{"line":1319,"column":22},"end":{"line":1319,"column":24}},"300":{"start":{"line":1320,"column":4},"end":{"line":1324,"column":5}},"301":{"start":{"line":1320,"column":17},"end":{"line":1320,"column":18}},"302":{"start":{"line":1321,"column":19},"end":{"line":1321,"column":35}},"303":{"start":{"line":1322,"column":6},"end":{"line":1322,"column":41}},"304":{"start":{"line":1323,"column":6},"end":{"line":1323,"column":55}},"305":{"start":{"line":1325,"column":4},"end":{"line":1325,"column":62}},"306":{"start":{"line":1328,"column":20},"end":{"line":1328,"column":65}},"307":{"start":{"line":1328,"column":34},"end":{"line":1328,"column":48}},"308":{"start":{"line":1330,"column":23},"end":{"line":1335,"column":18}},"309":{"start":{"line":1330,"column":38},"end":{"line":1335,"column":3}},"310":{"start":{"line":1342,"column":6},"end":{"line":1350,"column":3}},"311":{"start":{"line":1352,"column":30},"end":{"line":1352,"column":51}},"312":{"start":{"line":1353,"column":30},"end":{"line":1353,"column":51}},"313":{"start":{"line":1361,"column":6},"end":{"line":1365,"column":3}},"314":{"start":{"line":1367,"column":31},"end":{"line":1367,"column":53}},"315":{"start":{"line":1370,"column":36},"end":{"line":1435,"column":8}},"316":{"start":{"line":1371,"column":18},"end":{"line":1371,"column":28}},"317":{"start":{"line":1372,"column":23},"end":{"line":1372,"column":37}},"318":{"start":{"line":1373,"column":19},"end":{"line":1373,"column":34}},"319":{"start":{"line":1374,"column":4},"end":{"line":1374,"column":78}},"320":{"start":{"line":1376,"column":25},"end":{"line":1376,"column":27}},"321":{"start":{"line":1377,"column":27},"end":{"line":1377,"column":69}},"322":{"start":{"line":1378,"column":23},"end":{"line":1378,"column":107}},"323":{"start":{"line":1380,"column":4},"end":{"line":1432,"column":5}},"324":{"start":{"line":1380,"column":17},"end":{"line":1380,"column":18}},"325":{"start":{"line":1381,"column":19},"end":{"line":1381,"column":35}},"326":{"start":{"line":1382,"column":6},"end":{"line":1382,"column":41}},"327":{"start":{"line":1383,"column":22},"end":{"line":1383,"column":54}},"328":{"start":{"line":1386,"column":24},"end":{"line":1394,"column":8}},"329":{"start":{"line":1387,"column":8},"end":{"line":1393,"column":9}},"330":{"start":{"line":1388,"column":28},"end":{"line":1388,"column":67}},"331":{"start":{"line":1389,"column":10},"end":{"line":1389,"column":55}},"332":{"start":{"line":1389,"column":42},"end":{"line":1389,"column":55}},"333":{"start":{"line":1390,"column":10},"end":{"line":1390,"column":67}},"334":{"start":{"line":1392,"column":10},"end":{"line":1392,"column":23}},"335":{"start":{"line":1396,"column":19},"end":{"line":1396,"column":25}},"336":{"start":{"line":1397,"column":18},"end":{"line":1397,"column":28}},"337":{"start":{"line":1398,"column":18},"end":{"line":1398,"column":37}},"338":{"start":{"line":1400,"column":6},"end":{"line":1417,"column":7}},"339":{"start":{"line":1401,"column":30},"end":{"line":1401,"column":102}},"340":{"start":{"line":1401,"column":50},"end":{"line":1401,"column":101}},"341":{"start":{"line":1402,"column":31},"end":{"line":1402,"column":102}},"342":{"start":{"line":1402,"column":51},"end":{"line":1402,"column":101}},"343":{"start":{"line":1404,"column":8},"end":{"line":1416,"column":9}},"344":{"start":{"line":1405,"column":10},"end":{"line":1405,"column":28}},"345":{"start":{"line":1406,"column":10},"end":{"line":1406,"column":75}},"346":{"start":{"line":1407,"column":28},"end":{"line":1407,"column":62}},"347":{"start":{"line":1408,"column":26},"end":{"line":1408,"column":58}},"348":{"start":{"line":1409,"column":10},"end":{"line":1409,"column":46}},"349":{"start":{"line":1410,"column":15},"end":{"line":1416,"column":9}},"350":{"start":{"line":1411,"column":10},"end":{"line":1411,"column":26}},"351":{"start":{"line":1412,"column":10},"end":{"line":1412,"column":87}},"352":{"start":{"line":1413,"column":28},"end":{"line":1413,"column":63}},"353":{"start":{"line":1414,"column":26},"end":{"line":1414,"column":59}},"354":{"start":{"line":1415,"column":10},"end":{"line":1415,"column":46}},"355":{"start":{"line":1419,"column":23},"end":{"line":1419,"column":40}},"356":{"start":{"line":1420,"column":24},"end":{"line":1420,"column":74}},"357":{"start":{"line":1422,"column":6},"end":{"line":1431,"column":9}},"358":{"start":{"line":1434,"column":4},"end":{"line":1434,"column":24}},"359":{"start":{"line":1438,"column":23},"end":{"line":1446,"column":45}},"360":{"start":{"line":1439,"column":4},"end":{"line":1443,"column":5}},"361":{"start":{"line":1441,"column":21},"end":{"line":1441,"column":87}},"362":{"start":{"line":1442,"column":6},"end":{"line":1442,"column":47}},"363":{"start":{"line":1445,"column":4},"end":{"line":1445,"column":29}},"364":{"start":{"line":1449,"column":28},"end":{"line":1460,"column":42}},"365":{"start":{"line":1450,"column":4},"end":{"line":1459,"column":5}},"366":{"start":{"line":1451,"column":6},"end":{"line":1454,"column":9}},"367":{"start":{"line":1455,"column":6},"end":{"line":1455,"column":46}},"368":{"start":{"line":1456,"column":6},"end":{"line":1456,"column":22}},"369":{"start":{"line":1458,"column":6},"end":{"line":1458,"column":82}},"370":{"start":{"line":1462,"column":28},"end":{"line":1473,"column":42}},"371":{"start":{"line":1463,"column":4},"end":{"line":1472,"column":5}},"372":{"start":{"line":1464,"column":6},"end":{"line":1467,"column":9}},"373":{"start":{"line":1468,"column":6},"end":{"line":1468,"column":48}},"374":{"start":{"line":1469,"column":6},"end":{"line":1469,"column":22}},"375":{"start":{"line":1471,"column":6},"end":{"line":1471,"column":84}},"376":{"start":{"line":1476,"column":33},"end":{"line":1480,"column":8}},"377":{"start":{"line":1477,"column":4},"end":{"line":1477,"column":52}},"378":{"start":{"line":1478,"column":4},"end":{"line":1478,"column":51}},"379":{"start":{"line":1479,"column":4},"end":{"line":1479,"column":58}},"380":{"start":{"line":1482,"column":23},"end":{"line":1497,"column":30}},"381":{"start":{"line":1483,"column":4},"end":{"line":1496,"column":5}},"382":{"start":{"line":1484,"column":6},"end":{"line":1484,"column":29}},"383":{"start":{"line":1486,"column":6},"end":{"line":1486,"column":54}},"384":{"start":{"line":1488,"column":6},"end":{"line":1488,"column":32}},"385":{"start":{"line":1489,"column":6},"end":{"line":1489,"column":21}},"386":{"start":{"line":1490,"column":6},"end":{"line":1490,"column":27}},"387":{"start":{"line":1491,"column":6},"end":{"line":1491,"column":28}},"388":{"start":{"line":1492,"column":6},"end":{"line":1492,"column":30}},"389":{"start":{"line":1493,"column":6},"end":{"line":1493,"column":27}},"390":{"start":{"line":1494,"column":6},"end":{"line":1494,"column":55}},"391":{"start":{"line":1494,"column":25},"end":{"line":1494,"column":52}},"392":{"start":{"line":1495,"column":6},"end":{"line":1495,"column":31}},"393":{"start":{"line":1500,"column":29},"end":{"line":1511,"column":20}},"394":{"start":{"line":1501,"column":4},"end":{"line":1510,"column":6}},"395":{"start":{"line":1507,"column":25},"end":{"line":1507,"column":39}},"396":{"start":{"line":1514,"column":25},"end":{"line":1514,"column":37}},"397":{"start":{"line":1515,"column":23},"end":{"line":1515,"column":35}},"398":{"start":{"line":1516,"column":28},"end":{"line":1516,"column":50}},"399":{"start":{"line":1517,"column":25},"end":{"line":1517,"column":44}},"400":{"start":{"line":1518,"column":28},"end":{"line":1518,"column":40}},"401":{"start":{"line":1521,"column":2},"end":{"line":1523,"column":23}},"402":{"start":{"line":1522,"column":4},"end":{"line":1522,"column":47}},"403":{"start":{"line":1525,"column":2},"end":{"line":1527,"column":20}},"404":{"start":{"line":1526,"column":4},"end":{"line":1526,"column":41}},"405":{"start":{"line":1530,"column":2},"end":{"line":1543,"column":27}},"406":{"start":{"line":1531,"column":4},"end":{"line":1531,"column":47}},"407":{"start":{"line":1532,"column":4},"end":{"line":1532,"column":51}},"408":{"start":{"line":1533,"column":4},"end":{"line":1533,"column":53}},"409":{"start":{"line":1534,"column":4},"end":{"line":1534,"column":56}},"410":{"start":{"line":1535,"column":4},"end":{"line":1535,"column":54}},"411":{"start":{"line":1536,"column":4},"end":{"line":1542,"column":6}},"412":{"start":{"line":1537,"column":6},"end":{"line":1537,"column":35}},"413":{"start":{"line":1538,"column":6},"end":{"line":1538,"column":39}},"414":{"start":{"line":1539,"column":6},"end":{"line":1539,"column":41}},"415":{"start":{"line":1540,"column":6},"end":{"line":1540,"column":44}},"416":{"start":{"line":1541,"column":6},"end":{"line":1541,"column":42}},"417":{"start":{"line":1546,"column":2},"end":{"line":1695,"column":52}},"418":{"start":{"line":1547,"column":25},"end":{"line":1672,"column":5}},"419":{"start":{"line":1549,"column":6},"end":{"line":1549,"column":27}},"420":{"start":{"line":1552,"column":6},"end":{"line":1671,"column":7}},"421":{"start":{"line":1553,"column":8},"end":{"line":1565,"column":11}},"422":{"start":{"line":1557,"column":12},"end":{"line":1557,"column":48}},"423":{"start":{"line":1560,"column":12},"end":{"line":1560,"column":51}},"424":{"start":{"line":1563,"column":12},"end":{"line":1563,"column":57}},"425":{"start":{"line":1566,"column":8},"end":{"line":1566,"column":39}},"426":{"start":{"line":1569,"column":8},"end":{"line":1569,"column":67}},"427":{"start":{"line":1570,"column":8},"end":{"line":1570,"column":39}},"428":{"start":{"line":1573,"column":8},"end":{"line":1579,"column":11}},"429":{"start":{"line":1575,"column":10},"end":{"line":1578,"column":14}},"430":{"start":{"line":1575,"column":82},"end":{"line":1578,"column":11}},"431":{"start":{"line":1582,"column":40},"end":{"line":1657,"column":10}},"432":{"start":{"line":1584,"column":40},"end":{"line":1584,"column":65}},"433":{"start":{"line":1585,"column":37},"end":{"line":1585,"column":59}},"434":{"start":{"line":1588,"column":10},"end":{"line":1629,"column":11}},"435":{"start":{"line":1589,"column":27},"end":{"line":1589,"column":41}},"436":{"start":{"line":1590,"column":37},"end":{"line":1590,"column":80}},"437":{"start":{"line":1592,"column":12},"end":{"line":1620,"column":15}},"438":{"start":{"line":1594,"column":14},"end":{"line":1611,"column":15}},"439":{"start":{"line":1596,"column":31},"end":{"line":1596,"column":110}},"440":{"start":{"line":1596,"column":45},"end":{"line":1596,"column":109}},"441":{"start":{"line":1597,"column":16},"end":{"line":1601,"column":17}},"442":{"start":{"line":1598,"column":18},"end":{"line":1598,"column":46}},"443":{"start":{"line":1600,"column":18},"end":{"line":1600,"column":32}},"444":{"start":{"line":1602,"column":21},"end":{"line":1611,"column":15}},"445":{"start":{"line":1603,"column":31},"end":{"line":1603,"column":119}},"446":{"start":{"line":1603,"column":54},"end":{"line":1603,"column":118}},"447":{"start":{"line":1604,"column":16},"end":{"line":1608,"column":17}},"448":{"start":{"line":1605,"column":18},"end":{"line":1605,"column":77}},"449":{"start":{"line":1607,"column":18},"end":{"line":1607,"column":32}},"450":{"start":{"line":1610,"column":16},"end":{"line":1610,"column":36}},"451":{"start":{"line":1614,"column":38},"end":{"line":1614,"column":98}},"452":{"start":{"line":1615,"column":14},"end":{"line":1617,"column":17}},"453":{"start":{"line":1616,"column":16},"end":{"line":1616,"column":80}},"454":{"start":{"line":1619,"column":14},"end":{"line":1619,"column":29}},"455":{"start":{"line":1623,"column":12},"end":{"line":1628,"column":13}},"456":{"start":{"line":1625,"column":14},"end":{"line":1627,"column":17}},"457":{"start":{"line":1626,"column":16},"end":{"line":1626,"column":83}},"458":{"start":{"line":1632,"column":10},"end":{"line":1632,"column":73}},"459":{"start":{"line":1635,"column":10},"end":{"line":1656,"column":11}},"460":{"start":{"line":1637,"column":35},"end":{"line":1637,"column":109}},"461":{"start":{"line":1638,"column":27},"end":{"line":1638,"column":31}},"462":{"start":{"line":1640,"column":12},"end":{"line":1647,"column":13}},"463":{"start":{"line":1641,"column":28},"end":{"line":1643,"column":69}},"464":{"start":{"line":1644,"column":14},"end":{"line":1646,"column":23}},"465":{"start":{"line":1645,"column":34},"end":{"line":1645,"column":68}},"466":{"start":{"line":1649,"column":31},"end":{"line":1650,"column":77}},"467":{"start":{"line":1652,"column":12},"end":{"line":1655,"column":15}},"468":{"start":{"line":1660,"column":35},"end":{"line":1666,"column":10}},"469":{"start":{"line":1662,"column":10},"end":{"line":1662,"column":72}},"470":{"start":{"line":1665,"column":10},"end":{"line":1665,"column":28}},"471":{"start":{"line":1669,"column":8},"end":{"line":1669,"column":80}},"472":{"start":{"line":1670,"column":8},"end":{"line":1670,"column":70}},"473":{"start":{"line":1674,"column":4},"end":{"line":1674,"column":19}},"474":{"start":{"line":1676,"column":4},"end":{"line":1694,"column":6}},"475":{"start":{"line":1678,"column":6},"end":{"line":1680,"column":7}},"476":{"start":{"line":1679,"column":8},"end":{"line":1679,"column":38}},"477":{"start":{"line":1681,"column":6},"end":{"line":1693,"column":7}},"478":{"start":{"line":1683,"column":8},"end":{"line":1686,"column":9}},"479":{"start":{"line":1684,"column":10},"end":{"line":1684,"column":58}},"480":{"start":{"line":1685,"column":10},"end":{"line":1685,"column":63}},"481":{"start":{"line":1688,"column":8},"end":{"line":1691,"column":9}},"482":{"start":{"line":1689,"column":10},"end":{"line":1689,"column":53}},"483":{"start":{"line":1690,"column":10},"end":{"line":1690,"column":58}},"484":{"start":{"line":1692,"column":8},"end":{"line":1692,"column":42}},"485":{"start":{"line":1698,"column":2},"end":{"line":1705,"column":14}},"486":{"start":{"line":1699,"column":4},"end":{"line":1701,"column":5}},"487":{"start":{"line":1700,"column":6},"end":{"line":1700,"column":48}},"488":{"start":{"line":1702,"column":4},"end":{"line":1704,"column":5}},"489":{"start":{"line":1703,"column":6},"end":{"line":1703,"column":46}},"490":{"start":{"line":1708,"column":28},"end":{"line":1713,"column":3}},"491":{"start":{"line":1710,"column":6},"end":{"line":1710,"column":63}},"492":{"start":{"line":1717,"column":25},"end":{"line":1720,"column":3}},"493":{"start":{"line":1718,"column":10},"end":{"line":1718,"column":43}},"494":{"start":{"line":1722,"column":23},"end":{"line":1725,"column":4}},"495":{"start":{"line":1728,"column":24},"end":{"line":1737,"column":8}},"496":{"start":{"line":1729,"column":4},"end":{"line":1731,"column":5}},"497":{"start":{"line":1730,"column":6},"end":{"line":1730,"column":46}},"498":{"start":{"line":1732,"column":23},"end":{"line":1732,"column":51}},"499":{"start":{"line":1733,"column":4},"end":{"line":1735,"column":5}},"500":{"start":{"line":1734,"column":6},"end":{"line":1734,"column":47}},"501":{"start":{"line":1736,"column":4},"end":{"line":1736,"column":16}},"502":{"start":{"line":1740,"column":24},"end":{"line":1749,"column":8}},"503":{"start":{"line":1741,"column":4},"end":{"line":1743,"column":5}},"504":{"start":{"line":1742,"column":6},"end":{"line":1742,"column":42}},"505":{"start":{"line":1744,"column":23},"end":{"line":1744,"column":64}},"506":{"start":{"line":1745,"column":4},"end":{"line":1747,"column":5}},"507":{"start":{"line":1746,"column":6},"end":{"line":1746,"column":59}},"508":{"start":{"line":1748,"column":4},"end":{"line":1748,"column":16}},"509":{"start":{"line":1752,"column":27},"end":{"line":1768,"column":8}},"510":{"start":{"line":1753,"column":4},"end":{"line":1755,"column":5}},"511":{"start":{"line":1754,"column":6},"end":{"line":1754,"column":34}},"512":{"start":{"line":1756,"column":4},"end":{"line":1766,"column":5}},"513":{"start":{"line":1757,"column":6},"end":{"line":1759,"column":7}},"514":{"start":{"line":1758,"column":8},"end":{"line":1758,"column":61}},"515":{"start":{"line":1760,"column":6},"end":{"line":1762,"column":7}},"516":{"start":{"line":1761,"column":8},"end":{"line":1761,"column":61}},"517":{"start":{"line":1763,"column":6},"end":{"line":1765,"column":7}},"518":{"start":{"line":1764,"column":8},"end":{"line":1764,"column":61}},"519":{"start":{"line":1767,"column":4},"end":{"line":1767,"column":16}},"520":{"start":{"line":1770,"column":34},"end":{"line":1796,"column":3}},"521":{"start":{"line":1772,"column":6},"end":{"line":1774,"column":7}},"522":{"start":{"line":1773,"column":8},"end":{"line":1773,"column":45}},"523":{"start":{"line":1777,"column":6},"end":{"line":1787,"column":7}},"524":{"start":{"line":1778,"column":27},"end":{"line":1778,"column":49}},"525":{"start":{"line":1779,"column":8},"end":{"line":1781,"column":9}},"526":{"start":{"line":1780,"column":10},"end":{"line":1780,"column":38}},"527":{"start":{"line":1782,"column":13},"end":{"line":1787,"column":7}},"528":{"start":{"line":1783,"column":27},"end":{"line":1783,"column":49}},"529":{"start":{"line":1784,"column":8},"end":{"line":1786,"column":9}},"530":{"start":{"line":1785,"column":10},"end":{"line":1785,"column":38}},"531":{"start":{"line":1789,"column":6},"end":{"line":1793,"column":9}},"532":{"start":{"line":1798,"column":28},"end":{"line":1805,"column":3}},"533":{"start":{"line":1800,"column":6},"end":{"line":1803,"column":8}},"534":{"start":{"line":1807,"column":2},"end":{"line":1832,"column":9}},"535":{"start":{"line":1808,"column":27},"end":{"line":1829,"column":5}},"536":{"start":{"line":1809,"column":6},"end":{"line":1828,"column":7}},"537":{"start":{"line":1811,"column":28},"end":{"line":1811,"column":49}},"538":{"start":{"line":1812,"column":27},"end":{"line":1812,"column":46}},"539":{"start":{"line":1827,"column":8},"end":{"line":1827,"column":62}},"540":{"start":{"line":1831,"column":4},"end":{"line":1831,"column":21}},"541":{"start":{"line":1834,"column":2},"end":{"line":1842,"column":30}},"542":{"start":{"line":1835,"column":24},"end":{"line":1837,"column":5}},"543":{"start":{"line":1836,"column":16},"end":{"line":1836,"column":24}},"544":{"start":{"line":1839,"column":4},"end":{"line":1841,"column":5}},"545":{"start":{"line":1840,"column":6},"end":{"line":1840,"column":35}},"546":{"start":{"line":1844,"column":2},"end":{"line":1856,"column":41}},"547":{"start":{"line":1845,"column":4},"end":{"line":1847,"column":5}},"548":{"start":{"line":1846,"column":6},"end":{"line":1846,"column":31}},"549":{"start":{"line":1849,"column":4},"end":{"line":1855,"column":5}},"550":{"start":{"line":1850,"column":6},"end":{"line":1854,"column":10}},"551":{"start":{"line":1850,"column":29},"end":{"line":1854,"column":7}},"552":{"start":{"line":1858,"column":23},"end":{"line":1886,"column":3}},"553":{"start":{"line":1860,"column":6},"end":{"line":1862,"column":7}},"554":{"start":{"line":1861,"column":8},"end":{"line":1861,"column":56}},"555":{"start":{"line":1864,"column":27},"end":{"line":1864,"column":43}},"556":{"start":{"line":1865,"column":27},"end":{"line":1865,"column":54}},"557":{"start":{"line":1867,"column":6},"end":{"line":1867,"column":31}},"558":{"start":{"line":1868,"column":6},"end":{"line":1868,"column":34}},"559":{"start":{"line":1869,"column":6},"end":{"line":1869,"column":57}},"560":{"start":{"line":1870,"column":6},"end":{"line":1870,"column":32}},"561":{"start":{"line":1871,"column":6},"end":{"line":1871,"column":30}},"562":{"start":{"line":1873,"column":6},"end":{"line":1883,"column":7}},"563":{"start":{"line":1874,"column":8},"end":{"line":1882,"column":9}},"564":{"start":{"line":1877,"column":10},"end":{"line":1877,"column":86}},"565":{"start":{"line":1879,"column":10},"end":{"line":1879,"column":61}},"566":{"start":{"line":1888,"column":27},"end":{"line":1889,"column":56}},"567":{"start":{"line":1889,"column":4},"end":{"line":1889,"column":56}},"568":{"start":{"line":1889,"column":27},"end":{"line":1889,"column":54}},"569":{"start":{"line":1891,"column":33},"end":{"line":1963,"column":3}},"570":{"start":{"line":1893,"column":22},"end":{"line":1893,"column":65}},"571":{"start":{"line":1895,"column":6},"end":{"line":1902,"column":7}},"572":{"start":{"line":1896,"column":8},"end":{"line":1900,"column":10}},"573":{"start":{"line":1901,"column":8},"end":{"line":1901,"column":15}},"574":{"start":{"line":1904,"column":6},"end":{"line":1904,"column":72}},"575":{"start":{"line":1904,"column":42},"end":{"line":1904,"column":69}},"576":{"start":{"line":1906,"column":6},"end":{"line":1960,"column":7}},"577":{"start":{"line":1907,"column":23},"end":{"line":1907,"column":69}},"578":{"start":{"line":1909,"column":8},"end":{"line":1915,"column":9}},"579":{"start":{"line":1910,"column":10},"end":{"line":1913,"column":12}},"580":{"start":{"line":1914,"column":10},"end":{"line":1914,"column":17}},"581":{"start":{"line":1919,"column":21},"end":{"line":1919,"column":63}},"582":{"start":{"line":1920,"column":8},"end":{"line":1920,"column":70}},"583":{"start":{"line":1920,"column":40},"end":{"line":1920,"column":67}},"584":{"start":{"line":1921,"column":8},"end":{"line":1921,"column":72}},"585":{"start":{"line":1921,"column":41},"end":{"line":1921,"column":69}},"586":{"start":{"line":1924,"column":8},"end":{"line":1924,"column":99}},"587":{"start":{"line":1926,"column":8},"end":{"line":1931,"column":10}},"588":{"start":{"line":1933,"column":8},"end":{"line":1933,"column":67}},"589":{"start":{"line":1936,"column":8},"end":{"line":1950,"column":9}},"590":{"start":{"line":1937,"column":10},"end":{"line":1937,"column":88}},"591":{"start":{"line":1938,"column":23},"end":{"line":1938,"column":49}},"592":{"start":{"line":1939,"column":10},"end":{"line":1939,"column":72}},"593":{"start":{"line":1939,"column":42},"end":{"line":1939,"column":69}},"594":{"start":{"line":1940,"column":10},"end":{"line":1940,"column":74}},"595":{"start":{"line":1940,"column":43},"end":{"line":1940,"column":71}},"596":{"start":{"line":1943,"column":10},"end":{"line":1943,"column":101}},"597":{"start":{"line":1945,"column":10},"end":{"line":1948,"column":12}},"598":{"start":{"line":1949,"column":10},"end":{"line":1949,"column":17}},"599":{"start":{"line":1953,"column":29},"end":{"line":1953,"column":51}},"600":{"start":{"line":1954,"column":8},"end":{"line":1957,"column":10}},"601":{"start":{"line":1959,"column":8},"end":{"line":1959,"column":75}},"602":{"start":{"line":1959,"column":44},"end":{"line":1959,"column":72}},"603":{"start":{"line":1965,"column":27},"end":{"line":1985,"column":3}},"604":{"start":{"line":1967,"column":6},"end":{"line":1970,"column":7}},"605":{"start":{"line":1968,"column":8},"end":{"line":1968,"column":84}},"606":{"start":{"line":1969,"column":8},"end":{"line":1969,"column":15}},"607":{"start":{"line":1972,"column":6},"end":{"line":1975,"column":7}},"608":{"start":{"line":1973,"column":8},"end":{"line":1973,"column":74}},"609":{"start":{"line":1974,"column":8},"end":{"line":1974,"column":15}},"610":{"start":{"line":1977,"column":6},"end":{"line":1977,"column":69}},"611":{"start":{"line":1977,"column":39},"end":{"line":1977,"column":66}},"612":{"start":{"line":1978,"column":6},"end":{"line":1982,"column":8}},"613":{"start":{"line":1987,"column":27},"end":{"line":2220,"column":4}},"614":{"start":{"line":1988,"column":4},"end":{"line":1990,"column":5}},"615":{"start":{"line":1989,"column":6},"end":{"line":1989,"column":13}},"616":{"start":{"line":1992,"column":25},"end":{"line":1992,"column":37}},"617":{"start":{"line":1993,"column":25},"end":{"line":1993,"column":37}},"618":{"start":{"line":1995,"column":4},"end":{"line":2049,"column":5}},"619":{"start":{"line":1996,"column":6},"end":{"line":2002,"column":7}},"620":{"start":{"line":1997,"column":8},"end":{"line":2000,"column":10}},"621":{"start":{"line":2001,"column":8},"end":{"line":2001,"column":15}},"622":{"start":{"line":2005,"column":6},"end":{"line":2011,"column":7}},"623":{"start":{"line":2006,"column":27},"end":{"line":2006,"column":54}},"624":{"start":{"line":2007,"column":8},"end":{"line":2010,"column":9}},"625":{"start":{"line":2008,"column":10},"end":{"line":2008,"column":53}},"626":{"start":{"line":2009,"column":10},"end":{"line":2009,"column":17}},"627":{"start":{"line":2012,"column":6},"end":{"line":2018,"column":7}},"628":{"start":{"line":2013,"column":27},"end":{"line":2013,"column":54}},"629":{"start":{"line":2014,"column":8},"end":{"line":2017,"column":9}},"630":{"start":{"line":2015,"column":10},"end":{"line":2015,"column":55}},"631":{"start":{"line":2016,"column":10},"end":{"line":2016,"column":17}},"632":{"start":{"line":2020,"column":6},"end":{"line":2020,"column":32}},"633":{"start":{"line":2022,"column":6},"end":{"line":2046,"column":7}},"634":{"start":{"line":2024,"column":31},"end":{"line":2028,"column":9}},"635":{"start":{"line":2029,"column":8},"end":{"line":2029,"column":48}},"636":{"start":{"line":2031,"column":8},"end":{"line":2036,"column":10}},"637":{"start":{"line":2037,"column":8},"end":{"line":2037,"column":29}},"638":{"start":{"line":2039,"column":29},"end":{"line":2039,"column":51}},"639":{"start":{"line":2040,"column":8},"end":{"line":2043,"column":10}},"640":{"start":{"line":2045,"column":8},"end":{"line":2045,"column":35}},"641":{"start":{"line":2048,"column":6},"end":{"line":2048,"column":13}},"642":{"start":{"line":2052,"column":23},"end":{"line":2052,"column":50}},"643":{"start":{"line":2053,"column":4},"end":{"line":2056,"column":5}},"644":{"start":{"line":2054,"column":6},"end":{"line":2054,"column":49}},"645":{"start":{"line":2055,"column":6},"end":{"line":2055,"column":13}},"646":{"start":{"line":2059,"column":26},"end":{"line":2059,"column":77}},"647":{"start":{"line":2060,"column":4},"end":{"line":2063,"column":5}},"648":{"start":{"line":2061,"column":6},"end":{"line":2061,"column":53}},"649":{"start":{"line":2062,"column":6},"end":{"line":2062,"column":13}},"650":{"start":{"line":2065,"column":4},"end":{"line":2085,"column":5}},"651":{"start":{"line":2067,"column":25},"end":{"line":2067,"column":52}},"652":{"start":{"line":2068,"column":6},"end":{"line":2071,"column":7}},"653":{"start":{"line":2069,"column":8},"end":{"line":2069,"column":53}},"654":{"start":{"line":2070,"column":8},"end":{"line":2070,"column":15}},"655":{"start":{"line":2073,"column":6},"end":{"line":2076,"column":7}},"656":{"start":{"line":2074,"column":8},"end":{"line":2074,"column":68}},"657":{"start":{"line":2075,"column":8},"end":{"line":2075,"column":15}},"658":{"start":{"line":2078,"column":6},"end":{"line":2084,"column":7}},"659":{"start":{"line":2079,"column":8},"end":{"line":2082,"column":10}},"660":{"start":{"line":2083,"column":8},"end":{"line":2083,"column":15}},"661":{"start":{"line":2087,"column":4},"end":{"line":2087,"column":30}},"662":{"start":{"line":2089,"column":4},"end":{"line":2199,"column":5}},"663":{"start":{"line":2090,"column":25},"end":{"line":2103,"column":7}},"664":{"start":{"line":2106,"column":6},"end":{"line":2111,"column":7}},"665":{"start":{"line":2107,"column":8},"end":{"line":2110,"column":11}},"666":{"start":{"line":2113,"column":24},"end":{"line":2113,"column":59}},"667":{"start":{"line":2115,"column":6},"end":{"line":2117,"column":7}},"668":{"start":{"line":2116,"column":8},"end":{"line":2116,"column":67}},"669":{"start":{"line":2120,"column":6},"end":{"line":2120,"column":47}},"670":{"start":{"line":2123,"column":26},"end":{"line":2123,"column":121}},"671":{"start":{"line":2124,"column":27},"end":{"line":2124,"column":111}},"672":{"start":{"line":2126,"column":6},"end":{"line":2130,"column":7}},"673":{"start":{"line":2128,"column":8},"end":{"line":2128,"column":108}},"674":{"start":{"line":2129,"column":8},"end":{"line":2129,"column":78}},"675":{"start":{"line":2132,"column":6},"end":{"line":2132,"column":79}},"676":{"start":{"line":2135,"column":6},"end":{"line":2158,"column":7}},"677":{"start":{"line":2136,"column":8},"end":{"line":2152,"column":10}},"678":{"start":{"line":2144,"column":16},"end":{"line":2144,"column":37}},"679":{"start":{"line":2146,"column":16},"end":{"line":2146,"column":65}},"680":{"start":{"line":2146,"column":35},"end":{"line":2146,"column":62}},"681":{"start":{"line":2148,"column":16},"end":{"line":2148,"column":41}},"682":{"start":{"line":2154,"column":8},"end":{"line":2157,"column":10}},"683":{"start":{"line":2160,"column":27},"end":{"line":2160,"column":49}},"684":{"start":{"line":2163,"column":6},"end":{"line":2196,"column":7}},"685":{"start":{"line":2164,"column":8},"end":{"line":2190,"column":10}},"686":{"start":{"line":2175,"column":16},"end":{"line":2175,"column":37}},"687":{"start":{"line":2177,"column":16},"end":{"line":2185,"column":20}},"688":{"start":{"line":2177,"column":39},"end":{"line":2185,"column":17}},"689":{"start":{"line":2186,"column":16},"end":{"line":2186,"column":41}},"690":{"start":{"line":2192,"column":8},"end":{"line":2195,"column":10}},"691":{"start":{"line":2198,"column":6},"end":{"line":2198,"column":33}},"692":{"start":{"line":2301,"column":28},"end":{"line":2316,"column":30}},"693":{"start":{"line":2302,"column":4},"end":{"line":2306,"column":5}},"694":{"start":{"line":2303,"column":6},"end":{"line":2303,"column":64}},"695":{"start":{"line":2305,"column":6},"end":{"line":2305,"column":65}},"696":{"start":{"line":2308,"column":4},"end":{"line":2308,"column":29}},"697":{"start":{"line":2309,"column":4},"end":{"line":2309,"column":25}},"698":{"start":{"line":2310,"column":4},"end":{"line":2310,"column":26}},"699":{"start":{"line":2311,"column":4},"end":{"line":2311,"column":28}},"700":{"start":{"line":2312,"column":4},"end":{"line":2312,"column":19}},"701":{"start":{"line":2313,"column":4},"end":{"line":2313,"column":25}},"702":{"start":{"line":2314,"column":4},"end":{"line":2314,"column":53}},"703":{"start":{"line":2314,"column":23},"end":{"line":2314,"column":50}},"704":{"start":{"line":2315,"column":4},"end":{"line":2315,"column":29}},"705":{"start":{"line":2332,"column":6},"end":{"line":2332,"column":18}},"706":{"start":{"line":2334,"column":35},"end":{"line":2339,"column":3}},"707":{"start":{"line":2336,"column":6},"end":{"line":2336,"column":36}},"708":{"start":{"line":2341,"column":33},"end":{"line":2358,"column":3}},"709":{"start":{"line":2343,"column":30},"end":{"line":2343,"column":47}},"710":{"start":{"line":2344,"column":6},"end":{"line":2355,"column":8}},"711":{"start":{"line":2345,"column":8},"end":{"line":2354,"column":9}},"712":{"start":{"line":2346,"column":10},"end":{"line":2353,"column":22}},"713":{"start":{"line":2350,"column":16},"end":{"line":2350,"column":85}},"714":{"start":{"line":2360,"column":33},"end":{"line":2378,"column":3}},"715":{"start":{"line":2362,"column":6},"end":{"line":2375,"column":8}},"716":{"start":{"line":2363,"column":8},"end":{"line":2374,"column":9}},"717":{"start":{"line":2364,"column":10},"end":{"line":2373,"column":22}},"718":{"start":{"line":2368,"column":16},"end":{"line":2370,"column":25}},"719":{"start":{"line":2380,"column":33},"end":{"line":2398,"column":3}},"720":{"start":{"line":2382,"column":6},"end":{"line":2394,"column":8}},"721":{"start":{"line":2383,"column":8},"end":{"line":2393,"column":9}},"722":{"start":{"line":2384,"column":10},"end":{"line":2392,"column":17}},"723":{"start":{"line":2395,"column":6},"end":{"line":2395,"column":30}},"724":{"start":{"line":2400,"column":30},"end":{"line":2414,"column":3}},"725":{"start":{"line":2402,"column":23},"end":{"line":2404,"column":7}},"726":{"start":{"line":2403,"column":18},"end":{"line":2403,"column":42}},"727":{"start":{"line":2406,"column":6},"end":{"line":2408,"column":7}},"728":{"start":{"line":2407,"column":8},"end":{"line":2407,"column":15}},"729":{"start":{"line":2410,"column":6},"end":{"line":2410,"column":61}},"730":{"start":{"line":2411,"column":6},"end":{"line":2411,"column":37}},"731":{"start":{"line":2416,"column":31},"end":{"line":2418,"column":25}},"732":{"start":{"line":2417,"column":4},"end":{"line":2417,"column":69}},"733":{"start":{"line":2417,"column":33},"end":{"line":2417,"column":66}},"734":{"start":{"line":2420,"column":21},"end":{"line":2423,"column":3}},"735":{"start":{"line":2421,"column":11},"end":{"line":2421,"column":53}},"736":{"start":{"line":2424,"column":20},"end":{"line":2424,"column":61}},"737":{"start":{"line":2425,"column":23},"end":{"line":2426,"column":64}},"738":{"start":{"line":2426,"column":4},"end":{"line":2426,"column":64}},"739":{"start":{"line":2426,"column":32},"end":{"line":2426,"column":62}},"740":{"start":{"line":2428,"column":24},"end":{"line":2725,"column":3}},"741":{"start":{"line":2429,"column":30},"end":{"line":2434,"column":5}},"742":{"start":{"line":2436,"column":4},"end":{"line":2724,"column":6}},"743":{"start":{"line":2501,"column":37},"end":{"line":2501,"column":83}},"744":{"start":{"line":2507,"column":46},"end":{"line":2507,"column":74}},"745":{"start":{"line":2508,"column":32},"end":{"line":2508,"column":74}},"746":{"start":{"line":2516,"column":37},"end":{"line":2516,"column":79}},"747":{"start":{"line":2521,"column":37},"end":{"line":2521,"column":83}},"748":{"start":{"line":2527,"column":14},"end":{"line":2527,"column":54}},"749":{"start":{"line":2534,"column":12},"end":{"line":2547,"column":19}},"750":{"start":{"line":2555,"column":29},"end":{"line":2555,"column":58}},"751":{"start":{"line":2570,"column":29},"end":{"line":2570,"column":57}},"752":{"start":{"line":2585,"column":29},"end":{"line":2585,"column":59}},"753":{"start":{"line":2610,"column":31},"end":{"line":2610,"column":49}},"754":{"start":{"line":2618,"column":16},"end":{"line":2676,"column":23}},"755":{"start":{"line":2660,"column":37},"end":{"line":2660,"column":74}},"756":{"start":{"line":2668,"column":37},"end":{"line":2668,"column":76}},"757":{"start":{"line":2681,"column":33},"end":{"line":2681,"column":63}},"758":{"start":{"line":2704,"column":12},"end":{"line":2704,"column":75}},"759":{"start":{"line":2714,"column":12},"end":{"line":2717,"column":19}},"760":{"start":{"line":2728,"column":32},"end":{"line":2730,"column":8}},"761":{"start":{"line":2729,"column":4},"end":{"line":2729,"column":55}},"762":{"start":{"line":2729,"column":27},"end":{"line":2729,"column":52}},"763":{"start":{"line":2732,"column":26},"end":{"line":2735,"column":8}},"764":{"start":{"line":2733,"column":4},"end":{"line":2733,"column":28}},"765":{"start":{"line":2734,"column":4},"end":{"line":2734,"column":40}},"766":{"start":{"line":2737,"column":25},"end":{"line":2768,"column":61}},"767":{"start":{"line":2738,"column":4},"end":{"line":2738,"column":31}},"768":{"start":{"line":2738,"column":24},"end":{"line":2738,"column":31}},"769":{"start":{"line":2740,"column":4},"end":{"line":2767,"column":5}},"770":{"start":{"line":2741,"column":6},"end":{"line":2746,"column":9}},"771":{"start":{"line":2748,"column":6},"end":{"line":2761,"column":8}},"772":{"start":{"line":2755,"column":14},"end":{"line":2755,"column":51}},"773":{"start":{"line":2756,"column":14},"end":{"line":2756,"column":37}},"774":{"start":{"line":2757,"column":14},"end":{"line":2757,"column":40}},"775":{"start":{"line":2763,"column":6},"end":{"line":2766,"column":8}},"776":{"start":{"line":2770,"column":30},"end":{"line":2774,"column":8}},"777":{"start":{"line":2771,"column":4},"end":{"line":2771,"column":41}},"778":{"start":{"line":2772,"column":4},"end":{"line":2772,"column":27}},"779":{"start":{"line":2773,"column":4},"end":{"line":2773,"column":30}},"780":{"start":{"line":2777,"column":29},"end":{"line":2822,"column":56}},"781":{"start":{"line":2778,"column":4},"end":{"line":2781,"column":5}},"782":{"start":{"line":2779,"column":6},"end":{"line":2779,"column":63}},"783":{"start":{"line":2780,"column":6},"end":{"line":2780,"column":13}},"784":{"start":{"line":2783,"column":4},"end":{"line":2786,"column":5}},"785":{"start":{"line":2784,"column":6},"end":{"line":2784,"column":70}},"786":{"start":{"line":2785,"column":6},"end":{"line":2785,"column":13}},"787":{"start":{"line":2788,"column":4},"end":{"line":2821,"column":5}},"788":{"start":{"line":2789,"column":6},"end":{"line":2794,"column":9}},"789":{"start":{"line":2796,"column":6},"end":{"line":2814,"column":8}},"790":{"start":{"line":2803,"column":14},"end":{"line":2803,"column":43}},"791":{"start":{"line":2804,"column":14},"end":{"line":2809,"column":17}},"792":{"start":{"line":2810,"column":14},"end":{"line":2810,"column":31}},"793":{"start":{"line":2816,"column":6},"end":{"line":2816,"column":57}},"794":{"start":{"line":2817,"column":6},"end":{"line":2820,"column":8}},"795":{"start":{"line":2824,"column":33},"end":{"line":2832,"column":8}},"796":{"start":{"line":2825,"column":4},"end":{"line":2825,"column":33}},"797":{"start":{"line":2826,"column":4},"end":{"line":2831,"column":7}},"798":{"start":{"line":2834,"column":36},"end":{"line":2842,"column":8}},"799":{"start":{"line":2835,"column":22},"end":{"line":2840,"column":5}},"800":{"start":{"line":2841,"column":4},"end":{"line":2841,"column":39}},"801":{"start":{"line":2844,"column":36},"end":{"line":2852,"column":8}},"802":{"start":{"line":2845,"column":21},"end":{"line":2850,"column":5}},"803":{"start":{"line":2851,"column":4},"end":{"line":2851,"column":41}},"804":{"start":{"line":2855,"column":31},"end":{"line":2867,"column":48}},"805":{"start":{"line":2856,"column":4},"end":{"line":2866,"column":5}},"806":{"start":{"line":2857,"column":6},"end":{"line":2861,"column":9}},"807":{"start":{"line":2862,"column":6},"end":{"line":2862,"column":58}},"808":{"start":{"line":2863,"column":6},"end":{"line":2863,"column":25}},"809":{"start":{"line":2865,"column":6},"end":{"line":2865,"column":87}},"810":{"start":{"line":2869,"column":36},"end":{"line":2881,"column":53}},"811":{"start":{"line":2870,"column":4},"end":{"line":2880,"column":5}},"812":{"start":{"line":2871,"column":6},"end":{"line":2875,"column":9}},"813":{"start":{"line":2876,"column":6},"end":{"line":2876,"column":65}},"814":{"start":{"line":2877,"column":6},"end":{"line":2877,"column":25}},"815":{"start":{"line":2879,"column":6},"end":{"line":2879,"column":93}},"816":{"start":{"line":2883,"column":31},"end":{"line":2904,"column":48}},"817":{"start":{"line":2884,"column":4},"end":{"line":2903,"column":6}},"818":{"start":{"line":2893,"column":12},"end":{"line":2899,"column":13}},"819":{"start":{"line":2894,"column":14},"end":{"line":2894,"column":67}},"820":{"start":{"line":2895,"column":14},"end":{"line":2895,"column":56}},"821":{"start":{"line":2896,"column":14},"end":{"line":2896,"column":33}},"822":{"start":{"line":2898,"column":14},"end":{"line":2898,"column":93}},"823":{"start":{"line":2906,"column":29},"end":{"line":2909,"column":8}},"824":{"start":{"line":2907,"column":4},"end":{"line":2907,"column":38}},"825":{"start":{"line":2908,"column":4},"end":{"line":2908,"column":38}},"826":{"start":{"line":2911,"column":34},"end":{"line":2914,"column":8}},"827":{"start":{"line":2912,"column":4},"end":{"line":2912,"column":39}},"828":{"start":{"line":2913,"column":4},"end":{"line":2913,"column":32}},"829":{"start":{"line":2917,"column":27},"end":{"line":2941,"column":55}},"830":{"start":{"line":2918,"column":4},"end":{"line":2940,"column":5}},"831":{"start":{"line":2919,"column":20},"end":{"line":2919,"column":51}},"832":{"start":{"line":2920,"column":6},"end":{"line":2920,"column":45}},"833":{"start":{"line":2921,"column":6},"end":{"line":2921,"column":61}},"834":{"start":{"line":2922,"column":6},"end":{"line":2931,"column":8}},"835":{"start":{"line":2923,"column":21},"end":{"line":2923,"column":40}},"836":{"start":{"line":2924,"column":8},"end":{"line":2930,"column":9}},"837":{"start":{"line":2925,"column":10},"end":{"line":2929,"column":11}},"838":{"start":{"line":2926,"column":12},"end":{"line":2926,"column":75}},"839":{"start":{"line":2928,"column":12},"end":{"line":2928,"column":73}},"840":{"start":{"line":2932,"column":6},"end":{"line":2932,"column":20}},"841":{"start":{"line":2935,"column":6},"end":{"line":2939,"column":8}},"842":{"start":{"line":2944,"column":15},"end":{"line":2953,"column":16}},"843":{"start":{"line":2945,"column":4},"end":{"line":2945,"column":29}},"844":{"start":{"line":2945,"column":19},"end":{"line":2945,"column":29}},"845":{"start":{"line":2946,"column":4},"end":{"line":2952,"column":15}},"846":{"start":{"line":2955,"column":23},"end":{"line":2964,"column":24}},"847":{"start":{"line":2956,"column":4},"end":{"line":2956,"column":37}},"848":{"start":{"line":2956,"column":27},"end":{"line":2956,"column":37}},"849":{"start":{"line":2957,"column":4},"end":{"line":2963,"column":15}},"850":{"start":{"line":2966,"column":21},"end":{"line":3314,"column":3}},"851":{"start":{"line":2968,"column":4},"end":{"line":3313,"column":6}},"852":{"start":{"line":2977,"column":27},"end":{"line":2977,"column":53}},"853":{"start":{"line":2993,"column":27},"end":{"line":2993,"column":52}},"854":{"start":{"line":3021,"column":33},"end":{"line":3021,"column":46}},"855":{"start":{"line":3032,"column":33},"end":{"line":3032,"column":59}},"856":{"start":{"line":3039,"column":16},"end":{"line":3069,"column":23}},"857":{"start":{"line":3089,"column":35},"end":{"line":3089,"column":56}},"858":{"start":{"line":3102,"column":18},"end":{"line":3102,"column":54}},"859":{"start":{"line":3113,"column":45},"end":{"line":3113,"column":85}},"860":{"start":{"line":3123,"column":45},"end":{"line":3123,"column":82}},"861":{"start":{"line":3135,"column":45},"end":{"line":3135,"column":86}},"862":{"start":{"line":3146,"column":45},"end":{"line":3146,"column":86}},"863":{"start":{"line":3167,"column":35},"end":{"line":3167,"column":48}},"864":{"start":{"line":3183,"column":42},"end":{"line":3183,"column":69}},"865":{"start":{"line":3185,"column":20},"end":{"line":3189,"column":22}},"866":{"start":{"line":3196,"column":51},"end":{"line":3200,"column":19}},"867":{"start":{"line":3256,"column":24},"end":{"line":3259,"column":31}},"868":{"start":{"line":3268,"column":26},"end":{"line":3271,"column":28}},"869":{"start":{"line":3317,"column":25},"end":{"line":3332,"column":26}},"870":{"start":{"line":3318,"column":4},"end":{"line":3321,"column":5}},"871":{"start":{"line":3319,"column":6},"end":{"line":3319,"column":50}},"872":{"start":{"line":3320,"column":6},"end":{"line":3320,"column":13}},"873":{"start":{"line":3323,"column":4},"end":{"line":3323,"column":49}},"874":{"start":{"line":3324,"column":4},"end":{"line":3324,"column":30}},"875":{"start":{"line":3325,"column":4},"end":{"line":3325,"column":30}},"876":{"start":{"line":3327,"column":4},"end":{"line":3331,"column":5}},"877":{"start":{"line":3328,"column":6},"end":{"line":3330,"column":14}},"878":{"start":{"line":3329,"column":8},"end":{"line":3329,"column":38}},"879":{"start":{"line":3335,"column":26},"end":{"line":3339,"column":8}},"880":{"start":{"line":3336,"column":4},"end":{"line":3336,"column":31}},"881":{"start":{"line":3337,"column":4},"end":{"line":3337,"column":28}},"882":{"start":{"line":3338,"column":4},"end":{"line":3338,"column":26}},"883":{"start":{"line":3342,"column":28},"end":{"line":3379,"column":59}},"884":{"start":{"line":3343,"column":4},"end":{"line":3343,"column":58}},"885":{"start":{"line":3343,"column":51},"end":{"line":3343,"column":58}},"886":{"start":{"line":3345,"column":24},"end":{"line":3345,"column":45}},"887":{"start":{"line":3346,"column":4},"end":{"line":3346,"column":26}},"888":{"start":{"line":3348,"column":4},"end":{"line":3378,"column":5}},"889":{"start":{"line":3350,"column":6},"end":{"line":3352,"column":9}},"890":{"start":{"line":3355,"column":6},"end":{"line":3359,"column":14}},"891":{"start":{"line":3356,"column":8},"end":{"line":3358,"column":9}},"892":{"start":{"line":3357,"column":10},"end":{"line":3357,"column":68}},"893":{"start":{"line":3362,"column":6},"end":{"line":3373,"column":7}},"894":{"start":{"line":3363,"column":8},"end":{"line":3372,"column":9}},"895":{"start":{"line":3364,"column":10},"end":{"line":3368,"column":13}},"896":{"start":{"line":3370,"column":10},"end":{"line":3370,"column":72}},"897":{"start":{"line":3375,"column":6},"end":{"line":3375,"column":60}},"898":{"start":{"line":3376,"column":6},"end":{"line":3376,"column":83}},"899":{"start":{"line":3377,"column":6},"end":{"line":3377,"column":37}},"900":{"start":{"line":3382,"column":16},"end":{"line":3391,"column":17}},"901":{"start":{"line":3383,"column":4},"end":{"line":3383,"column":30}},"902":{"start":{"line":3383,"column":20},"end":{"line":3383,"column":30}},"903":{"start":{"line":3384,"column":4},"end":{"line":3390,"column":15}},"904":{"start":{"line":3393,"column":22},"end":{"line":3592,"column":3}},"905":{"start":{"line":3395,"column":4},"end":{"line":3591,"column":6}},"906":{"start":{"line":3410,"column":31},"end":{"line":3410,"column":45}},"907":{"start":{"line":3423,"column":38},"end":{"line":3423,"column":65}},"908":{"start":{"line":3425,"column":16},"end":{"line":3442,"column":35}},"909":{"start":{"line":3426,"column":33},"end":{"line":3426,"column":68}},"910":{"start":{"line":3455,"column":12},"end":{"line":3458,"column":19}},"911":{"start":{"line":3484,"column":37},"end":{"line":3484,"column":71}},"912":{"start":{"line":3485,"column":38},"end":{"line":3485,"column":72}},"913":{"start":{"line":3497,"column":18},"end":{"line":3499,"column":19}},"914":{"start":{"line":3498,"column":20},"end":{"line":3498,"column":78}},"915":{"start":{"line":3514,"column":37},"end":{"line":3514,"column":54}},"916":{"start":{"line":3520,"column":18},"end":{"line":3527,"column":19}},"917":{"start":{"line":3521,"column":20},"end":{"line":3526,"column":22}},"918":{"start":{"line":3529,"column":18},"end":{"line":3536,"column":19}},"919":{"start":{"line":3530,"column":20},"end":{"line":3535,"column":22}},"920":{"start":{"line":3538,"column":18},"end":{"line":3556,"column":20}},"921":{"start":{"line":3541,"column":46},"end":{"line":3541,"column":114}},"922":{"start":{"line":3543,"column":24},"end":{"line":3543,"column":87}},"923":{"start":{"line":3551,"column":24},"end":{"line":3553,"column":25}},"924":{"start":{"line":3552,"column":26},"end":{"line":3552,"column":84}},"925":{"start":{"line":3594,"column":25},"end":{"line":3747,"column":3}},"926":{"start":{"line":3596,"column":37},"end":{"line":3596,"column":63}},"927":{"start":{"line":3598,"column":4},"end":{"line":3746,"column":6}},"928":{"start":{"line":3605,"column":31},"end":{"line":3605,"column":76}},"929":{"start":{"line":3606,"column":14},"end":{"line":3606,"column":67}},"930":{"start":{"line":3607,"column":14},"end":{"line":3612,"column":15}},"931":{"start":{"line":3608,"column":16},"end":{"line":3611,"column":18}},"932":{"start":{"line":3622,"column":31},"end":{"line":3622,"column":57}},"933":{"start":{"line":3623,"column":16},"end":{"line":3630,"column":17}},"934":{"start":{"line":3624,"column":18},"end":{"line":3624,"column":100}},"935":{"start":{"line":3626,"column":18},"end":{"line":3629,"column":20}},"936":{"start":{"line":3644,"column":18},"end":{"line":3644,"column":102}},"937":{"start":{"line":3654,"column":18},"end":{"line":3654,"column":110}},"938":{"start":{"line":3664,"column":18},"end":{"line":3664,"column":106}},"939":{"start":{"line":3674,"column":18},"end":{"line":3674,"column":104}},"940":{"start":{"line":3684,"column":18},"end":{"line":3684,"column":104}},"941":{"start":{"line":3696,"column":12},"end":{"line":3702,"column":14}},"942":{"start":{"line":3700,"column":30},"end":{"line":3700,"column":55}},"943":{"start":{"line":3749,"column":24},"end":{"line":3773,"column":3}},"944":{"start":{"line":3750,"column":4},"end":{"line":3772,"column":7}},"945":{"start":{"line":3754,"column":12},"end":{"line":3754,"column":48}},"946":{"start":{"line":3761,"column":41},"end":{"line":3761,"column":67}},"947":{"start":{"line":3763,"column":12},"end":{"line":3763,"column":38}},"948":{"start":{"line":3776,"column":27},"end":{"line":3797,"column":19}},"949":{"start":{"line":3777,"column":4},"end":{"line":3777,"column":32}},"950":{"start":{"line":3777,"column":22},"end":{"line":3777,"column":32}},"951":{"start":{"line":3778,"column":20},"end":{"line":3778,"column":90}},"952":{"start":{"line":3780,"column":4},"end":{"line":3796,"column":7}},"953":{"start":{"line":3781,"column":19},"end":{"line":3786,"column":12}},"954":{"start":{"line":3788,"column":6},"end":{"line":3795,"column":8}},"955":{"start":{"line":3799,"column":24},"end":{"line":3864,"column":3}},"956":{"start":{"line":3800,"column":4},"end":{"line":3863,"column":7}},"957":{"start":{"line":3804,"column":27},"end":{"line":3804,"column":54}},"958":{"start":{"line":3822,"column":29},"end":{"line":3822,"column":45}},"959":{"start":{"line":3839,"column":43},"end":{"line":3839,"column":102}},"960":{"start":{"line":3841,"column":14},"end":{"line":3841,"column":40}},"961":{"start":{"line":3857,"column":10},"end":{"line":3860,"column":17}},"962":{"start":{"line":3867,"column":24},"end":{"line":3898,"column":3}},"963":{"start":{"line":3868,"column":4},"end":{"line":3897,"column":7}},"964":{"start":{"line":3872,"column":41},"end":{"line":3872,"column":68}},"965":{"start":{"line":3874,"column":12},"end":{"line":3874,"column":42}},"966":{"start":{"line":3890,"column":10},"end":{"line":3894,"column":12}},"967":{"start":{"line":3900,"column":35},"end":{"line":3937,"column":5}},"968":{"start":{"line":3901,"column":4},"end":{"line":3937,"column":5}},"969":{"start":{"line":3909,"column":34},"end":{"line":3909,"column":71}},"970":{"start":{"line":3916,"column":34},"end":{"line":3916,"column":78}},"971":{"start":{"line":3927,"column":34},"end":{"line":3927,"column":75}},"972":{"start":{"line":3934,"column":34},"end":{"line":3934,"column":75}},"973":{"start":{"line":3939,"column":27},"end":{"line":4243,"column":3}},"974":{"start":{"line":3940,"column":21},"end":{"line":3953,"column":5}},"975":{"start":{"line":3955,"column":6},"end":{"line":3959,"column":30}},"976":{"start":{"line":3961,"column":4},"end":{"line":4242,"column":6}},"977":{"start":{"line":3984,"column":16},"end":{"line":4001,"column":35}},"978":{"start":{"line":3990,"column":33},"end":{"line":3990,"column":54}},"979":{"start":{"line":4012,"column":20},"end":{"line":4034,"column":39}},"980":{"start":{"line":4018,"column":37},"end":{"line":4018,"column":58}},"981":{"start":{"line":4050,"column":38},"end":{"line":4050,"column":69}},"982":{"start":{"line":4063,"column":40},"end":{"line":4063,"column":71}},"983":{"start":{"line":4073,"column":40},"end":{"line":4073,"column":74}},"984":{"start":{"line":4083,"column":40},"end":{"line":4083,"column":81}},"985":{"start":{"line":4103,"column":35},"end":{"line":4103,"column":66}},"986":{"start":{"line":4119,"column":22},"end":{"line":4119,"column":81}},"987":{"start":{"line":4119,"column":55},"end":{"line":4119,"column":79}},"988":{"start":{"line":4127,"column":35},"end":{"line":4127,"column":60}},"989":{"start":{"line":4150,"column":35},"end":{"line":4150,"column":66}},"990":{"start":{"line":4166,"column":22},"end":{"line":4166,"column":81}},"991":{"start":{"line":4166,"column":55},"end":{"line":4166,"column":79}},"992":{"start":{"line":4174,"column":35},"end":{"line":4174,"column":60}},"993":{"start":{"line":4215,"column":49},"end":{"line":4215,"column":69}},"994":{"start":{"line":4220,"column":49},"end":{"line":4220,"column":72}},"995":{"start":{"line":4225,"column":49},"end":{"line":4225,"column":71}},"996":{"start":{"line":4234,"column":14},"end":{"line":4234,"column":62}},"997":{"start":{"line":4245,"column":2},"end":{"line":4247,"column":3}},"998":{"start":{"line":4246,"column":4},"end":{"line":4246,"column":30}},"999":{"start":{"line":4252,"column":2},"end":{"line":4291,"column":3}},"1000":{"start":{"line":4254,"column":4},"end":{"line":4257,"column":5}},"1001":{"start":{"line":4255,"column":6},"end":{"line":4255,"column":27}},"1002":{"start":{"line":4256,"column":6},"end":{"line":4256,"column":18}},"1003":{"start":{"line":4260,"column":27},"end":{"line":4267,"column":14}},"1004":{"start":{"line":4270,"column":4},"end":{"line":4290,"column":5}},"1005":{"start":{"line":4272,"column":27},"end":{"line":4272,"column":56}},"1006":{"start":{"line":4273,"column":6},"end":{"line":4289,"column":8}},"1007":{"start":{"line":4283,"column":16},"end":{"line":4283,"column":88}},"1008":{"start":{"line":4293,"column":2},"end":{"line":4653,"column":4}},"1009":{"start":{"line":4350,"column":32},"end":{"line":4350,"column":63}},"1010":{"start":{"line":4356,"column":31},"end":{"line":4356,"column":62}},"1011":{"start":{"line":4375,"column":35},"end":{"line":4375,"column":53}},"1012":{"start":{"line":4383,"column":42},"end":{"line":4383,"column":69}},"1013":{"start":{"line":4385,"column":20},"end":{"line":4393,"column":22}},"1014":{"start":{"line":4388,"column":24},"end":{"line":4388,"column":56}},"1015":{"start":{"line":4389,"column":24},"end":{"line":4389,"column":47}},"1016":{"start":{"line":4415,"column":18},"end":{"line":4415,"column":50}},"1017":{"start":{"line":4416,"column":18},"end":{"line":4416,"column":48}},"1018":{"start":{"line":4428,"column":18},"end":{"line":4428,"column":50}},"1019":{"start":{"line":4429,"column":18},"end":{"line":4429,"column":47}},"1020":{"start":{"line":4493,"column":28},"end":{"line":4497,"column":29}},"1021":{"start":{"line":4494,"column":30},"end":{"line":4494,"column":102}},"1022":{"start":{"line":4496,"column":30},"end":{"line":4496,"column":107}},"1023":{"start":{"line":4511,"column":30},"end":{"line":4515,"column":31}},"1024":{"start":{"line":4512,"column":32},"end":{"line":4512,"column":104}},"1025":{"start":{"line":4514,"column":32},"end":{"line":4514,"column":107}},"1026":{"start":{"line":4562,"column":22},"end":{"line":4572,"column":41}},"1027":{"start":{"line":4564,"column":39},"end":{"line":4564,"column":91}},"1028":{"start":{"line":4564,"column":64},"end":{"line":4564,"column":89}},"1029":{"start":{"line":4591,"column":44},"end":{"line":4591,"column":96}},"1030":{"start":{"line":4591,"column":69},"end":{"line":4591,"column":94}},"1031":{"start":{"line":4603,"column":44},"end":{"line":4603,"column":95}},"1032":{"start":{"line":4603,"column":69},"end":{"line":4603,"column":93}},"1033":{"start":{"line":4615,"column":44},"end":{"line":4615,"column":97}},"1034":{"start":{"line":4615,"column":69},"end":{"line":4615,"column":95}},"1035":{"start":{"line":4656,"column":16},"end":{"line":4661,"column":1}},"1036":{"start":{"line":4657,"column":2},"end":{"line":4660,"column":9}},"1037":{"start":{"line":4663,"column":26},"end":{"line":4741,"column":1}},"1038":{"start":{"line":4664,"column":2},"end":{"line":4740,"column":5}},"1039":{"start":{"line":4668,"column":31},"end":{"line":4668,"column":63}},"1040":{"start":{"line":4676,"column":31},"end":{"line":4676,"column":65}},"1041":{"start":{"line":4683,"column":31},"end":{"line":4683,"column":68}},"1042":{"start":{"line":4691,"column":27},"end":{"line":4691,"column":64}},"1043":{"start":{"line":4696,"column":31},"end":{"line":4696,"column":63}},"1044":{"start":{"line":4704,"column":31},"end":{"line":4704,"column":58}},"1045":{"start":{"line":4712,"column":31},"end":{"line":4712,"column":60}},"1046":{"start":{"line":4720,"column":31},"end":{"line":4720,"column":63}},"1047":{"start":{"line":4728,"column":31},"end":{"line":4728,"column":63}},"1048":{"start":{"line":4734,"column":31},"end":{"line":4734,"column":60}},"1049":{"start":{"line":4743,"column":26},"end":{"line":4772,"column":1}},"1050":{"start":{"line":4753,"column":2},"end":{"line":4771,"column":9}},"1051":{"start":{"line":4774,"column":21},"end":{"line":4802,"column":1}},"1052":{"start":{"line":4775,"column":2},"end":{"line":4801,"column":9}},"1053":{"start":{"line":4779,"column":25},"end":{"line":4779,"column":47}},"1054":{"start":{"line":4780,"column":8},"end":{"line":4798,"column":10}},"1055":{"start":{"line":4787,"column":27},"end":{"line":4787,"column":49}},"1056":{"start":{"line":4804,"column":25},"end":{"line":4876,"column":1}},"1057":{"start":{"line":4815,"column":2},"end":{"line":4875,"column":10}},"1058":{"start":{"line":4841,"column":37},"end":{"line":4841,"column":72}},"1059":{"start":{"line":4846,"column":37},"end":{"line":4846,"column":68}},"1060":{"start":{"line":4851,"column":37},"end":{"line":4851,"column":72}},"1061":{"start":{"line":4879,"column":18},"end":{"line":4928,"column":2}},"1062":{"start":{"line":4880,"column":36},"end":{"line":4880,"column":50}},"1063":{"start":{"line":4881,"column":34},"end":{"line":4881,"column":49}},"1064":{"start":{"line":4883,"column":21},"end":{"line":4885,"column":8}},"1065":{"start":{"line":4884,"column":4},"end":{"line":4884,"column":24}},"1066":{"start":{"line":4887,"column":22},"end":{"line":4890,"column":8}},"1067":{"start":{"line":4888,"column":4},"end":{"line":4888,"column":24}},"1068":{"start":{"line":4889,"column":4},"end":{"line":4889,"column":22}},"1069":{"start":{"line":4892,"column":2},"end":{"line":4903,"column":3}},"1070":{"start":{"line":4893,"column":4},"end":{"line":4902,"column":6}},"1071":{"start":{"line":4905,"column":2},"end":{"line":4927,"column":4}},"1072":{"start":{"line":4930,"column":0},"end":{"line":4930,"column":36}},"1073":{"start":{"line":4933,"column":20},"end":{"line":4980,"column":2}},"1074":{"start":{"line":4934,"column":22},"end":{"line":4936,"column":34}},"1075":{"start":{"line":4935,"column":4},"end":{"line":4935,"column":33}},"1076":{"start":{"line":4938,"column":2},"end":{"line":4979,"column":4}},"1077":{"start":{"line":4961,"column":12},"end":{"line":4961,"column":86}},"1078":{"start":{"line":4968,"column":12},"end":{"line":4968,"column":43}},"1079":{"start":{"line":4982,"column":0},"end":{"line":4982,"column":40}},"1080":{"start":{"line":4985,"column":25},"end":{"line":5037,"column":2}},"1081":{"start":{"line":4986,"column":2},"end":{"line":5036,"column":9}},"1082":{"start":{"line":5022,"column":23},"end":{"line":5022,"column":50}},"1083":{"start":{"line":5029,"column":23},"end":{"line":5029,"column":52}},"1084":{"start":{"line":5039,"column":0},"end":{"line":5039,"column":50}},"1085":{"start":{"line":5041,"column":13},"end":{"line":5059,"column":2}},"1086":{"start":{"line":5042,"column":2},"end":{"line":5058,"column":21}},"1087":{"start":{"line":5061,"column":0},"end":{"line":5061,"column":26}},"1088":{"start":{"line":5063,"column":12},"end":{"line":5067,"column":2}},"1089":{"start":{"line":5064,"column":2},"end":{"line":5066,"column":9}},"1090":{"start":{"line":5069,"column":0},"end":{"line":5069,"column":24}},"1091":{"start":{"line":5071,"column":19},"end":{"line":5110,"column":2}},"1092":{"start":{"line":5081,"column":2},"end":{"line":5109,"column":9}},"1093":{"start":{"line":5098,"column":8},"end":{"line":5100,"column":15}},"1094":{"start":{"line":5112,"column":0},"end":{"line":5112,"column":38}},"1095":{"start":{"line":5114,"column":24},"end":{"line":5141,"column":
[...]
44,"column":10},"end":{"line":44,"column":39}},"type":"binary-expr","locations":[{"start":{"line":44,"column":10},"end":{"line":44,"column":17}},{"start":{"line":44,"column":21},"end":{"line":44,"column":39}}],"line":44},"4":{"loc":{"start":{"line":52,"column":10},"end":{"line":52,"column":82}},"type":"binary-expr","locations":[{"start":{"line":52,"column":10},"end":{"line":52,"column":17}},{"start":{"line":52,"column":21},"end":{"line":52,"column":82}}],"line":52},"5":{"loc":{"start":{"line":63,"column":2},"end":{"line":70,"column":3}},"type":"if","locations":[{"start":{"line":63,"column":2},"end":{"line":70,"column":3}},{"start":{},"end":{}}],"line":63},"6":{"loc":{"start":{"line":63,"column":6},"end":{"line":68,"column":32}},"type":"binary-expr","locations":[{"start":{"line":63,"column":6},"end":{"line":63,"column":31}},{"start":{"line":64,"column":6},"end":{"line":64,"column":35}},{"start":{"line":65,"column":6},"end":{"line":65,"column":35}},{"start":{"line":66,"column":6},"end":{"line":66,"column":40}},{"start":{"line":67,"column":6},"end":{"line":67,"column":37}},{"start":{"line":68,"column":6},"end":{"line":68,"column":32}}],"line":63},"7":{"loc":{"start":{"line":73,"column":2},"end":{"line":132,"column":3}},"type":"if","locations":[{"start":{"line":73,"column":2},"end":{"line":132,"column":3}},{"start":{},"end":{}}],"line":73},"8":{"loc":{"start":{"line":76,"column":4},"end":{"line":131,"column":5}},"type":"switch","locations":[{"start":{"line":77,"column":6},"end":{"line":81,"column":10}},{"start":{"line":82,"column":6},"end":{"line":86,"column":10}},{"start":{"line":87,"column":6},"end":{"line":93,"column":10}},{"start":{"line":94,"column":6},"end":{"line":100,"column":10}},{"start":{"line":101,"column":6},"end":{"line":107,"column":10}},{"start":{"line":108,"column":6},"end":{"line":114,"column":10}},{"start":{"line":115,"column":6},"end":{"line":115,"column":15}},{"start":{"line":116,"column":6},"end":{"line":116,"column":15}},{"start":{"line":117,"column":6},"end":{"line":123,"column":10}},{"start":{"line":124,"column":6},"end":{"line":130,"column":10}}],"line":76},"9":{"loc":{"start":{"line":135,"column":2},"end":{"line":137,"column":3}},"type":"if","locations":[{"start":{"line":135,"column":2},"end":{"line":137,"column":3}},{"start":{},"end":{}}],"line":135},"10":{"loc":{"start":{"line":135,"column":6},"end":{"line":135,"column":66}},"type":"binary-expr","locations":[{"start":{"line":135,"column":6},"end":{"line":135,"column":33}},{"start":{"line":135,"column":37},"end":{"line":135,"column":66}}],"line":135},"11":{"loc":{"start":{"line":140,"column":28},"end":{"line":140,"column":63}},"type":"binary-expr","locations":[{"start":{"line":140,"column":28},"end":{"line":140,"column":57}},{"start":{"line":140,"column":61},"end":{"line":140,"column":63}}],"line":140},"12":{"loc":{"start":{"line":141,"column":25},"end":{"line":141,"column":57}},"type":"binary-expr","locations":[{"start":{"line":141,"column":25},"end":{"line":141,"column":51}},{"start":{"line":141,"column":55},"end":{"line":141,"column":57}}],"line":141},"13":{"loc":{"start":{"line":145,"column":4},"end":{"line":151,"column":74}},"type":"binary-expr","locations":[{"start":{"line":145,"column":4},"end":{"line":145,"column":38}},{"start":{"line":146,"column":4},"end":{"line":146,"column":46}},{"start":{"line":147,"column":4},"end":{"line":147,"column":59}},{"start":{"line":148,"column":4},"end":{"line":148,"column":56}},{"start":{"line":149,"column":4},"end":{"line":149,"column":61}},{"start":{"line":150,"column":5},"end":{"line":150,"column":50}},{"start":{"line":150,"column":54},"end":{"line":150,"column":88}},{"start":{"line":151,"column":5},"end":{"line":151,"column":35}},{"start":{"line":151,"column":39},"end":{"line":151,"column":73}}],"line":145},"14":{"loc":{"start":{"line":153,"column":2},"end":{"line":158,"column":3}},"type":"if","locations":[{"start":{"line":153,"column":2},"end":{"line":158,"column":3}},{"start":{},"end":{}}],"line":153},"15":{"loc":{"start":{"line":161,"column":4},"end":{"line":169,"column":46}},"type":"binary-expr","locations":[{"start":{"line":161,"column":4},"end":{"line":161,"column":46}},{"start":{"line":162,"column":4},"end":{"line":162,"column":46}},{"start":{"line":163,"column":4},"end":{"line":163,"column":47}},{"start":{"line":164,"column":4},"end":{"line":164,"column":49}},{"start":{"line":165,"column":4},"end":{"line":165,"column":48}},{"start":{"line":166,"column":4},"end":{"line":166,"column":71}},{"start":{"line":167,"column":4},"end":{"line":167,"column":37}},{"start":{"line":168,"column":5},"end":{"line":168,"column":35}},{"start":{"line":168,"column":39},"end":{"line":168,"column":74}},{"start":{"line":169,"column":5},"end":{"line":169,"column":32}},{"start":{"line":169,"column":36},"end":{"line":169,"column":45}}],"line":161},"16":{"loc":{"start":{"line":171,"column":2},"end":{"line":173,"column":3}},"type":"if","locations":[{"start":{"line":171,"column":2},"end":{"line":173,"column":3}},{"start":{},"end":{}}],"line":171},"17":{"loc":{"start":{"line":179,"column":2},"end":{"line":185,"column":3}},"type":"if","locations":[{"start":{"line":179,"column":2},"end":{"line":185,"column":3}},{"start":{},"end":{}}],"line":179},"18":{"loc":{"start":{"line":179,"column":6},"end":{"line":179,"column":57}},"type":"binary-expr","locations":[{"start":{"line":179,"column":6},"end":{"line":179,"column":11}},{"start":{"line":179,"column":15},"end":{"line":179,"column":40}},{"start":{"line":179,"column":44},"end":{"line":179,"column":57}}],"line":179},"19":{"loc":{"start":{"line":182,"column":4},"end":{"line":184,"column":5}},"type":"if","locations":[{"start":{"line":182,"column":4},"end":{"line":184,"column":5}},{"start":{},"end":{}}],"line":182},"20":{"loc":{"start":{"line":182,"column":8},"end":{"line":182,"column":87}},"type":"binary-expr","locations":[{"start":{"line":182,"column":8},"end":{"line":182,"column":11}},{"start":{"line":182,"column":15},"end":{"line":182,"column":40}},{"start":{"line":182,"column":44},"end":{"line":182,"column":67}},{"start":{"line":182,"column":71},"end":{"line":182,"column":87}}],"line":182},"21":{"loc":{"start":{"line":188,"column":2},"end":{"line":190,"column":3}},"type":"if","locations":[{"start":{"line":188,"column":2},"end":{"line":190,"column":3}},{"start":{},"end":{}}],"line":188},"22":{"loc":{"start":{"line":193,"column":2},"end":{"line":199,"column":3}},"type":"if","locations":[{"start":{"line":193,"column":2},"end":{"line":199,"column":3}},{"start":{},"end":{}}],"line":193},"23":{"loc":{"start":{"line":193,"column":6},"end":{"line":193,"column":55}},"type":"binary-expr","locations":[{"start":{"line":193,"column":6},"end":{"line":193,"column":11}},{"start":{"line":193,"column":15},"end":{"line":193,"column":40}},{"start":{"line":193,"column":44},"end":{"line":193,"column":55}}],"line":193},"24":{"loc":{"start":{"line":194,"column":4},"end":{"line":198,"column":5}},"type":"if","locations":[{"start":{"line":194,"column":4},"end":{"line":198,"column":5}},{"start":{"line":196,"column":11},"end":{"line":198,"column":5}}],"line":194},"25":{"loc":{"start":{"line":196,"column":11},"end":{"line":198,"column":5}},"type":"if","locations":[{"start":{"line":196,"column":11},"end":{"line":198,"column":5}},{"start":{},"end":{}}],"line":196},"26":{"loc":{"start":{"line":196,"column":15},"end":{"line":196,"column":84}},"type":"binary-expr","locations":[{"start":{"line":196,"column":15},"end":{"line":196,"column":26}},{"start":{"line":196,"column":30},"end":{"line":196,"column":61}},{"start":{"line":196,"column":65},"end":{"line":196,"column":84}}],"line":196},"27":{"loc":{"start":{"line":202,"column":2},"end":{"line":216,"column":3}},"type":"if","locations":[{"start":{"line":202,"column":2},"end":{"line":216,"column":3}},{"start":{},"end":{}}],"line":202},"28":{"loc":{"start":{"line":202,"column":6},"end":{"line":202,"column":40}},"type":"binary-expr","locations":[{"start":{"line":202,"column":6},"end":{"line":202,"column":11}},{"start":{"line":202,"column":15},"end":{"line":202,"column":40}}],"line":202},"29":{"loc":{"start":{"line":203,"column":4},"end":{"line":212,"column":5}},"type":"if","locations":[{"start":{"line":203,"column":4},"end":{"line":212,"column":5}},{"start":{},"end":{}}],"line":203},"30":{"loc":{"start":{"line":206,"column":8},"end":{"line":208,"column":9}},"type":"if","locations":[{"start":{"line":206,"column":8},"end":{"line":208,"column":9}},{"start":{},"end":{}}],"line":206},"31":{"loc":{"start":{"line":206,"column":12},"end":{"line":206,"column":42}},"type":"binary-expr","locations":[{"start":{"line":206,"column":12},"end":{"line":206,"column":26}},{"start":{"line":206,"column":30},"end":{"line":206,"column":42}}],"line":206},"32":{"loc":{"start":{"line":207,"column":32},"end":{"line":207,"column":62}},"type":"binary-expr","locations":[{"start":{"line":207,"column":32},"end":{"line":207,"column":46}},{"start":{"line":207,"column":50},"end":{"line":207,"column":62}}],"line":207},"33":{"loc":{"start":{"line":213,"column":4},"end":{"line":215,"column":5}},"type":"if","locations":[{"start":{"line":213,"column":4},"end":{"line":215,"column":5}},{"start":{},"end":{}}],"line":213},"34":{"loc":{"start":{"line":213,"column":8},"end":{"line":213,"column":86}},"type":"binary-expr","locations":[{"start":{"line":213,"column":8},"end":{"line":213,"column":26}},{"start":{"line":213,"column":31},"end":{"line":213,"column":57}},{"start":{"line":213,"column":61},"end":{"line":213,"column":85}}],"line":213},"35":{"loc":{"start":{"line":214,"column":28},"end":{"line":214,"column":82}},"type":"binary-expr","locations":[{"start":{"line":214,"column":28},"end":{"line":214,"column":54}},{"start":{"line":214,"column":58},"end":{"line":214,"column":82}}],"line":214},"36":{"loc":{"start":{"line":231,"column":2},"end":{"line":233,"column":3}},"type":"if","locations":[{"start":{"line":231,"column":2},"end":{"line":233,"column":3}},{"start":{},"end":{}}],"line":231},"37":{"loc":{"start":{"line":235,"column":2},"end":{"line":237,"column":3}},"type":"if","locations":[{"start":{"line":235,"column":2},"end":{"line":237,"column":3}},{"start":{},"end":{}}],"line":235},"38":{"loc":{"start":{"line":239,"column":2},"end":{"line":241,"column":3}},"type":"if","locations":[{"start":{"line":239,"column":2},"end":{"line":241,"column":3}},{"start":{},"end":{}}],"line":239},"39":{"loc":{"start":{"line":240,"column":11},"end":{"line":240,"column":149}},"type":"binary-expr","locations":[{"start":{"line":240,"column":11},"end":{"line":240,"column":24}},{"start":{"line":240,"column":28},"end":{"line":240,"column":149}}],"line":240},"40":{"loc":{"start":{"line":243,"column":2},"end":{"line":245,"column":3}},"type":"if","locations":[{"start":{"line":243,"column":2},"end":{"line":245,"column":3}},{"start":{},"end":{}}],"line":243},"41":{"loc":{"start":{"line":247,"column":2},"end":{"line":249,"column":3}},"type":"if","locations":[{"start":{"line":247,"column":2},"end":{"line":249,"column":3}},{"start":{},"end":{}}],"line":247},"42":{"loc":{"start":{"line":251,"column":2},"end":{"line":253,"column":3}},"type":"if","locations":[{"start":{"line":251,"column":2},"end":{"line":253,"column":3}},{"start":{},"end":{}}],"line":251},"43":{"loc":{"start":{"line":252,"column":11},"end":{"line":252,"column":70}},"type":"binary-expr","locations":[{"start":{"line":252,"column":11},"end":{"line":252,"column":24}},{"start":{"line":252,"column":28},"end":{"line":252,"column":70}}],"line":252},"44":{"loc":{"start":{"line":256,"column":2},"end":{"line":301,"column":3}},"type":"if","locations":[{"start":{"line":256,"column":2},"end":{"line":301,"column":3}},{"start":{},"end":{}}],"line":256},"45":{"loc":{"start":{"line":261,"column":4},"end":{"line":268,"column":5}},"type":"if","locations":[{"start":{"line":261,"column":4},"end":{"line":268,"column":5}},{"start":{},"end":{}}],"line":261},"46":{"loc":{"start":{"line":261,"column":8},"end":{"line":266,"column":78}},"type":"binary-expr","locations":[{"start":{"line":261,"column":8},"end":{"line":261,"column":46}},{"start":{"line":262,"column":8},"end":{"line":262,"column":47}},{"start":{"line":263,"column":8},"end":{"line":263,"column":49}},{"start":{"line":264,"column":8},"end":{"line":264,"column":48}},{"start":{"line":265,"column":8},"end":{"line":265,"column":71}},{"start":{"line":266,"column":9},"end":{"line":266,"column":40}},{"start":{"line":266,"column":44},"end":{"line":266,"column":77}}],"line":261},"47":{"loc":{"start":{"line":271,"column":4},"end":{"line":273,"column":5}},"type":"if","locations":[{"start":{"line":271,"column":4},"end":{"line":273,"column":5}},{"start":{},"end":{}}],"line":271},"48":{"loc":{"start":{"line":271,"column":8},"end":{"line":271,"column":79}},"type":"binary-expr","locations":[{"start":{"line":271,"column":8},"end":{"line":271,"column":41}},{"start":{"line":271,"column":45},"end":{"line":271,"column":79}}],"line":271},"49":{"loc":{"start":{"line":276,"column":4},"end":{"line":293,"column":5}},"type":"if","locations":[{"start":{"line":276,"column":4},"end":{"line":293,"column":5}},{"start":{},"end":{}}],"line":276},"50":{"loc":{"start":{"line":277,"column":6},"end":{"line":279,"column":7}},"type":"if","locations":[{"start":{"line":277,"column":6},"end":{"line":279,"column":7}},{"start":{},"end":{}}],"line":277},"51":{"loc":{"start":{"line":280,"column":6},"end":{"line":282,"column":7}},"type":"if","locations":[{"start":{"line":280,"column":6},"end":{"line":282,"column":7}},{"start":{},"end":{}}],"line":280},"52":{"loc":{"start":{"line":283,"column":6},"end":{"line":285,"column":7}},"type":"if","locations":[{"start":{"line":283,"column":6},"end":{"line":285,"column":7}},{"start":{},"end":{}}],"line":283},"53":{"loc":{"start":{"line":286,"column":6},"end":{"line":288,"column":7}},"type":"if","locations":[{"start":{"line":286,"column":6},"end":{"line":288,"column":7}},{"start":{},"end":{}}],"line":286},"54":{"loc":{"start":{"line":289,"column":6},"end":{"line":291,"column":7}},"type":"if","locations":[{"start":{"line":289,"column":6},"end":{"line":291,"column":7}},{"start":{},"end":{}}],"line":289},"55":{"loc":{"start":{"line":289,"column":10},"end":{"line":289,"column":78}},"type":"binary-expr","locations":[{"start":{"line":289,"column":10},"end":{"line":289,"column":30}},{"start":{"line":289,"column":34},"end":{"line":289,"column":54}},{"start":{"line":289,"column":58},"end":{"line":289,"column":78}}],"line":289},"56":{"loc":{"start":{"line":292,"column":50},"end":{"line":292,"column":88}},"type":"binary-expr","locations":[{"start":{"line":292,"column":50},"end":{"line":292,"column":63}},{"start":{"line":292,"column":67},"end":{"line":292,"column":88}}],"line":292},"57":{"loc":{"start":{"line":296,"column":4},"end":{"line":298,"column":5}},"type":"if","locations":[{"start":{"line":296,"column":4},"end":{"line":298,"column":5}},{"start":{},"end":{}}],"line":296},"58":{"loc":{"start":{"line":304,"column":2},"end":{"line":306,"column":3}},"type":"if","locations":[{"start":{"line":304,"column":2},"end":{"line":306,"column":3}},{"start":{},"end":{}}],"line":304},"59":{"loc":{"start":{"line":309,"column":2},"end":{"line":320,"column":3}},"type":"if","locations":[{"start":{"line":309,"column":2},"end":{"line":320,"column":3}},{"start":{},"end":{}}],"line":309},"60":{"loc":{"start":{"line":309,"column":6},"end":{"line":309,"column":40}},"type":"binary-expr","locations":[{"start":{"line":309,"column":6},"end":{"line":309,"column":11}},{"start":{"line":309,"column":15},"end":{"line":309,"column":40}}],"line":309},"61":{"loc":{"start":{"line":311,"column":4},"end":{"line":313,"column":5}},"type":"if","locations":[{"start":{"line":311,"column":4},"end":{"line":313,"column":5}},{"start":{},"end":{}}],"line":311},"62":{"loc":{"start":{"line":314,"column":4},"end":{"line":316,"column":5}},"type":"if","locations":[{"start":{"line":314,"column":4},"end":{"line":316,"column":5}},{"start":{},"end":{}}],"line":314},"63":{"loc":{"start":{"line":315,"column":13},"end":{"line":315,"column":88}},"type":"cond-expr","locations":[{"start":{"line":315,"column":47},"end":{"line":315,"column":58}},{"start":{"line":315,"column":61},"end":{"line":315,"column":88}}],"line":315},"64":{"loc":{"start":{"line":317,"column":4},"end":{"line":319,"column":5}},"type":"if","locations":[{"start":{"line":317,"column":4},"end":{"line":319,"column":5}},{"start":{},"end":{}}],"line":317},"65":{"loc":{"start":{"line":317,"column":8},"end":{"line":317,"column":64}},"type":"binary-expr","locations":[{"start":{"line":317,"column":8},"end":{"line":317,"column":22}},{"start":{"line":317,"column":26},"end":{"line":317,"column":64}}],"line":317},"66":{"loc":{"start":{"line":329,"column":9},"end":{"line":330,"column":60}},"type":"binary-expr","locations":[{"start":{"line":329,"column":9},"end":{"line":329,"column":43}},{"start":{"line":330,"column":10},"end":{"line":330,"column":35}},{"start":{"line":330,"column":39},"end":{"line":330,"column":59}}],"line":329},"67":{"loc":{"start":{"line":337,"column":2},"end":{"line":339,"column":3}},"type":"if","locations":[{"start":{"line":337,"column":2},"end":{"line":339,"column":3}},{"start":{},"end":{}}],"line":337},"68":{"loc":{"start":{"line":341,"column":2},"end":{"line":343,"column":3}},"type":"if","locations":[{"start":{"line":341,"column":2},"end":{"line":343,"column":3}},{"start":{},"end":{}}],"line":341},"69":{"loc":{"start":{"line":346,"column":9},"end":{"line":352,"column":69}},"type":"binary-expr","locations":[{"start":{"line":346,"column":9},"end":{"line":346,"column":46}},{"start":{"line":347,"column":9},"end":{"line":347,"column":42}},{"start":{"line":348,"column":9},"end":{"line":348,"column":43}},{"start":{"line":349,"column":9},"end":{"line":349,"column":45}},{"start":{"line":350,"column":9},"end":{"line":350,"column":44}},{"start":{"line":351,"column":9},"end":{"line":351,"column":67}},{"start":{"line":352,"column":10},"end":{"line":352,"column":36}},{"start":{"line":352,"column":40},"end":{"line":352,"column":68}}],"line":346}},"s":{"0":11,"1":11,"2":11,"3":11,"4":11,"5":21,"6":21,"7":21,"8":5,"9":5,"10":5,"11":4,"12":4,"13":4,"14":3,"15":3,"16":3,"17":0,"18":0,"19":0,"20":17,"21":28,"22":1,"23":27,"24":6,"25":6,"26":1,"27":1,"28":1,"29":0,"30":1,"31":1,"32":1,"33":0,"34":21,"35":3,"36":18,"37":18,"38":18,"39":18,"40":0,"41":18,"42":18,"43":17,"44":1,"45":1,"46":1,"47":1,"48":1,"49":1,"50":0,"51":1,"52":0,"53":0,"54":0,"55":0,"56":1,"57":1,"58":0,"59":0,"60":0,"61":0,"62":1,"63":0,"64":1,"65":17,"66":21,"67":1,"68":20,"69":1,"70":19,"71":0,"72":19,"73":9,"74":10,"75":3,"76":7,"77":1,"78":6,"79":5,"80":5,"81":5,"82":3,"83":2,"84":0,"85":2,"86":0,"87":0,"88":0,"89":0,"90":0,"91":0,"92":0,"93":0,"94":0,"95":0,"96":0,"97":2,"98":0,"99":2,"100":1,"101":0,"102":1,"103":0,"104":0,"105":0,"106":0,"107":0,"108":0,"109":1,"110":17,"111":3,"112":17,"113":4,"114":1,"115":3,"116":0,"117":3,"118":3},"f":{"0":11,"1":21,"2":5,"3":4,"4":3,"5":0,"6":28,"7":21,"8":3,"9":4},"b":{"0":[21,3],"1":[5,1],"2":[4,2],"3":[3,1],"4":[0,0],"5":[1,27],"6":[28,27,27,27,27,27],"7":[6,21],"8":[1,1,1,0,1,1,1,1,1,0],"9":[3,18],"10":[21,18],"11":[18,0],"12":[18,0],"13":[18,18,18,18,18,18,0,18,15],"14":[0,18],"15":[18,16,16,16,16,16,16,16,15,1,0],"16":[17,1],"17":[1,0],"18":[1,1,1],"19":[1,0],"20":[1,1,1,0],"21":[0,1],"22":[0,1],"23":[1,1,1],"24":[0,0],"25":[0,0],"26":[0,0,0],"27":[1,0],"28":[1,1],"29":[0,1],"30":[0,0],"31":[0,0],"32":[0,0],"33":[0,1],"34":[1,0,0],"35":[0,0],"36":[1,20],"37":[1,19],"38":[0,19],"39":[0,0],"40":[9,10],"41":[3,7],"42":[1,6],"43":[1,0],"44":[5,1],"45":[3,2],"46":[5,5,5,2,2,2,0],"47":[0,2],"48":[2,2],"49":[0,2],"50":[0,0],"51":[0,0],"52":[0,0],"53":[0,0],"54":[0,0],"55":[0,0,0],"56":[0,0],"57":[0,2],"58":[0,1],"59":[0,1],"60":[1,0],"61":[0,0],"62":[0,0],"63":[0,0],"64":[0,0],"65":[0,0],"66":[3,2,2],"67":[1,3],"68":[0,3],"69":[3,2,2,2,2,2,2,0]},"_coverageSchema":"1a1c01bbd47fc00a2c39e90264f33305004495a9","hash":"aa6c16cc5fb65719511cd67e5d86756ff2611dd2"}
}
