TN:
SF:App.js
FN:262,(anonymous_0)
FN:267,(anonymous_1)
FN:268,(anonymous_2)
FN:270,(anonymous_3)
FN:277,(anonymous_4)
FN:278,(anonymous_5)
FN:280,(anonymous_6)
FN:345,(anonymous_7)
FN:347,(anonymous_8)
FN:375,(anonymous_9)
FN:391,(anonymous_10)
FN:393,(anonymous_11)
FN:399,(anonymous_12)
FN:426,(anonymous_13)
FN:427,(anonymous_14)
FN:436,(anonymous_15)
FN:472,(anonymous_16)
FN:490,(anonymous_17)
FN:501,(anonymous_18)
FN:594,(anonymous_19)
FN:603,(anonymous_20)
FN:620,(anonymous_21)
FN:622,(anonymous_22)
FN:638,(anonymous_23)
FN:643,(anonymous_24)
FN:648,(anonymous_25)
FN:650,(anonymous_26)
FN:654,(anonymous_27)
FN:657,(anonymous_28)
FN:661,(anonymous_29)
FN:665,(anonymous_30)
FN:669,(anonymous_31)
FN:704,(anonymous_32)
FN:763,(anonymous_33)
FN:764,(anonymous_34)
FN:765,(anonymous_35)
FN:767,(anonymous_36)
FN:771,(anonymous_37)
FN:777,(anonymous_38)
FN:856,(anonymous_39)
FN:1092,App
FN:1093,(anonymous_41)
FN:1094,(anonymous_42)
FN:1110,(anonymous_43)
FN:1207,(anonymous_44)
FN:1262,(anonymous_45)
FN:1283,(anonymous_46)
FN:1292,(anonymous_47)
FN:1313,(anonymous_48)
FN:1328,(anonymous_49)
FN:1330,(anonymous_50)
FN:1370,(anonymous_51)
FN:1386,(anonymous_52)
FN:1401,(anonymous_53)
FN:1402,(anonymous_54)
FN:1438,(anonymous_55)
FN:1449,(anonymous_56)
FN:1462,(anonymous_57)
FN:1476,(anonymous_58)
FN:1482,(anonymous_59)
FN:1494,(anonymous_60)
FN:1500,(anonymous_61)
FN:1507,(anonymous_62)
FN:1521,(anonymous_63)
FN:1525,(anonymous_64)
FN:1530,(anonymous_65)
FN:1536,(anonymous_66)
FN:1546,(anonymous_67)
FN:1547,(anonymous_68)
FN:1556,(anonymous_69)
FN:1559,(anonymous_70)
FN:1562,(anonymous_71)
FN:1573,(anonymous_72)
FN:1575,(anonymous_73)
FN:1582,(anonymous_74)
FN:1592,(anonymous_75)
FN:1596,(anonymous_76)
FN:1603,(anonymous_77)
FN:1615,(anonymous_78)
FN:1625,(anonymous_79)
FN:1645,(anonymous_80)
FN:1660,(anonymous_81)
FN:1676,(anonymous_82)
FN:1698,(anonymous_83)
FN:1709,(anonymous_84)
FN:1718,(anonymous_85)
FN:1728,(anonymous_86)
FN:1740,(anonymous_87)
FN:1752,(anonymous_88)
FN:1771,(anonymous_89)
FN:1799,(anonymous_90)
FN:1807,(anonymous_91)
FN:1808,(anonymous_92)
FN:1834,(anonymous_93)
FN:1836,(anonymous_94)
FN:1844,(anonymous_95)
FN:1850,(anonymous_96)
FN:1859,(anonymous_97)
FN:1888,(anonymous_98)
FN:1889,(anonymous_99)
FN:1892,(anonymous_100)
FN:1904,(anonymous_101)
FN:1920,(anonymous_102)
FN:1921,(anonymous_103)
FN:1939,(anonymous_104)
FN:1940,(anonymous_105)
FN:1959,(anonymous_106)
FN:1966,(anonymous_107)
FN:1977,(anonymous_108)
FN:1987,(anonymous_109)
FN:2142,(anonymous_110)
FN:2146,(anonymous_111)
FN:2174,(anonymous_112)
FN:2177,(anonymous_113)
FN:2301,(anonymous_114)
FN:2314,(anonymous_115)
FN:2335,(anonymous_116)
FN:2342,(anonymous_117)
FN:2344,(anonymous_118)
FN:2345,(anonymous_119)
FN:2349,(anonymous_120)
FN:2361,(anonymous_121)
FN:2362,(anonymous_122)
FN:2363,(anonymous_123)
FN:2367,(anonymous_124)
FN:2381,(anonymous_125)
FN:2382,(anonymous_126)
FN:2383,(anonymous_127)
FN:2401,(anonymous_128)
FN:2403,(anonymous_129)
FN:2416,(anonymous_130)
FN:2417,(anonymous_131)
FN:2421,(anonymous_132)
FN:2425,(anonymous_133)
FN:2426,(anonymous_134)
FN:2428,(anonymous_135)
FN:2501,(anonymous_136)
FN:2507,(anonymous_137)
FN:2508,(anonymous_138)
FN:2516,(anonymous_139)
FN:2521,(anonymous_140)
FN:2526,(anonymous_141)
FN:2533,(anonymous_142)
FN:2555,(anonymous_143)
FN:2570,(anonymous_144)
FN:2585,(anonymous_145)
FN:2610,(anonymous_146)
FN:2617,(anonymous_147)
FN:2660,(anonymous_148)
FN:2668,(anonymous_149)
FN:2681,(anonymous_150)
FN:2703,(anonymous_151)
FN:2713,(anonymous_152)
FN:2728,(anonymous_153)
FN:2729,(anonymous_154)
FN:2732,(anonymous_155)
FN:2737,(anonymous_156)
FN:2754,(anonymous_157)
FN:2770,(anonymous_158)
FN:2777,(anonymous_159)
FN:2802,(anonymous_160)
FN:2824,(anonymous_161)
FN:2834,(anonymous_162)
FN:2844,(anonymous_163)
FN:2855,(anonymous_164)
FN:2869,(anonymous_165)
FN:2883,(anonymous_166)
FN:2892,(anonymous_167)
FN:2906,(anonymous_168)
FN:2911,(anonymous_169)
FN:2917,(anonymous_170)
FN:2922,(anonymous_171)
FN:2944,(anonymous_172)
FN:2955,(anonymous_173)
FN:2966,(anonymous_174)
FN:2977,(anonymous_175)
FN:2993,(anonymous_176)
FN:3021,(anonymous_177)
FN:3032,(anonymous_178)
FN:3038,(anonymous_179)
FN:3089,(anonymous_180)
FN:3101,(anonymous_181)
FN:3113,(anonymous_182)
FN:3123,(anonymous_183)
FN:3135,(anonymous_184)
FN:3146,(anonymous_185)
FN:3167,(anonymous_186)
FN:3183,(anonymous_187)
FN:3184,(anonymous_188)
FN:3196,(anonymous_189)
FN:3255,(anonymous_190)
FN:3267,(anonymous_191)
FN:3317,(anonymous_192)
FN:3328,(anonymous_193)
FN:3335,(anonymous_194)
FN:3342,(anonymous_195)
FN:3355,(anonymous_196)
FN:3382,(anonymous_197)
FN:3393,(anonymous_198)
FN:3410,(anonymous_199)
FN:3423,(anonymous_200)
FN:3424,(anonymous_201)
FN:3426,(anonymous_202)
FN:3454,(anonymous_203)
FN:3484,(anonymous_204)
FN:3485,(anonymous_205)
FN:3496,(anonymous_206)
FN:3514,(anonymous_207)
FN:3519,(anonymous_208)
FN:3541,(anonymous_209)
FN:3542,(anonymous_210)
FN:3550,(anonymous_211)
FN:3594,(anonymous_212)
FN:3604,(anonymous_213)
FN:3621,(anonymous_214)
FN:3643,(anonymous_215)
FN:3653,(anonymous_216)
FN:3663,(anonymous_217)
FN:3673,(anonymous_218)
FN:3683,(anonymous_219)
FN:3695,(anonymous_220)
FN:3700,(anonymous_221)
FN:3749,(anonymous_222)
FN:3753,(anonymous_223)
FN:3761,(anonymous_224)
FN:3762,(anonymous_225)
FN:3776,(anonymous_226)
FN:3780,(anonymous_227)
FN:3799,(anonymous_228)
FN:3804,(anonymous_229)
FN:3822,(anonymous_230)
FN:3839,(anonymous_231)
FN:3840,(anonymous_232)
FN:3856,(anonymous_233)
FN:3867,(anonymous_234)
FN:3872,(anonymous_235)
FN:3873,(anonymous_236)
FN:3889,(anonymous_237)
FN:3900,(anonymous_238)
FN:3909,(anonymous_239)
FN:3916,(anonymous_240)
FN:3927,(anonymous_241)
FN:3934,(anonymous_242)
FN:3939,(anonymous_243)
FN:3983,(anonymous_244)
FN:3990,(anonymous_245)
FN:4011,(anonymous_246)
FN:4018,(anonymous_247)
FN:4050,(anonymous_248)
FN:4063,(anonymous_249)
FN:4073,(anonymous_250)
FN:4083,(anonymous_251)
FN:4103,(anonymous_252)
FN:4118,(anonymous_253)
FN:4119,(anonymous_254)
FN:4127,(anonymous_255)
FN:4150,(anonymous_256)
FN:4165,(anonymous_257)
FN:4166,(anonymous_258)
FN:4174,(anonymous_259)
FN:4215,(anonymous_260)
FN:4220,(anonymous_261)
FN:4225,(anonymous_262)
FN:4233,(anonymous_263)
FN:4281,(anonymous_264)
FN:4350,(anonymous_265)
FN:4356,(anonymous_266)
FN:4375,(anonymous_267)
FN:4383,(anonymous_268)
FN:4384,(anonymous_269)
FN:4387,(anonymous_270)
FN:4414,(anonymous_271)
FN:4427,(anonymous_272)
FN:4492,(anonymous_273)
FN:4510,(anonymous_274)
FN:4561,(anonymous_275)
FN:4564,(anonymous_276)
FN:4564,(anonymous_277)
FN:4591,(anonymous_278)
FN:4591,(anonymous_279)
FN:4603,(anonymous_280)
FN:4603,(anonymous_281)
FN:4615,(anonymous_282)
FN:4615,(anonymous_283)
FN:4656,(anonymous_284)
FN:4663,(anonymous_285)
FN:4668,(anonymous_286)
FN:4676,(anonymous_287)
FN:4683,(anonymous_288)
FN:4691,(anonymous_289)
FN:4696,(anonymous_290)
FN:4704,(anonymous_291)
FN:4712,(anonymous_292)
FN:4720,(anonymous_293)
FN:4728,(anonymous_294)
FN:4734,(anonymous_295)
FN:4743,(anonymous_296)
FN:4774,(anonymous_297)
FN:4778,(anonymous_298)
FN:4787,(anonymous_299)
FN:4804,(anonymous_300)
FN:4841,(anonymous_301)
FN:4846,(anonymous_302)
FN:4851,(anonymous_303)
FN:4879,(anonymous_304)
FN:4883,(anonymous_305)
FN:4887,(anonymous_306)
FN:4933,(anonymous_307)
FN:4934,(anonymous_308)
FN:4960,(anonymous_309)
FN:4967,(anonymous_310)
FN:4985,(anonymous_311)
FN:5022,(anonymous_312)
FN:5029,(anonymous_313)
FN:5041,(anonymous_314)
FN:5063,(anonymous_315)
FN:5071,(anonymous_316)
FN:5097,(anonymous_317)
FN:5114,(anonymous_318)
FN:5130,(anonymous_319)
FN:5145,(anonymous_320)
FN:5158,(anonymous_321)
FN:5182,(anonymous_322)
FN:5234,(anonymous_323)
FN:5255,(anonymous_324)
FN:5263,(anonymous_325)
FN:5265,(anonymous_326)
FN:5279,(anonymous_327)
FN:5293,(anonymous_328)
FN:5303,(anonymous_329)
FN:5317,(anonymous_330)
FN:5323,(anonymous_331)
FN:5335,(anonymous_332)
FN:5351,(anonymous_333)
FN:5385,(anonymous_334)
FN:5389,(anonymous_335)
FN:5403,(anonymous_336)
FN:5409,(anonymous_337)
FN:5410,(anonymous_338)
FN:5413,(anonymous_339)
FN:5416,(anonymous_340)
FN:5427,(anonymous_341)
FN:5436,(anonymous_342)
FN:5442,(anonymous_343)
FN:5453,(anonymous_344)
FN:5485,(anonymous_345)
FN:5491,(anonymous_346)
FN:5497,(anonymous_347)
FN:5503,(anonymous_348)
FN:5512,(anonymous_349)
FN:5525,(anonymous_350)
FN:5537,(anonymous_351)
FN:5561,(anonymous_352)
FN:5573,(anonymous_353)
FN:5581,(anonymous_354)
FN:5596,(anonymous_355)
FN:5619,(anonymous_356)
FN:5636,(anonymous_357)
FN:5638,(anonymous_358)
FN:5642,(anonymous_359)
FNF:360
FNH:0
FNDA:0,(anonymous_0)
FNDA:0,(anonymous_1)
FNDA:0,(anonymous_2)
FNDA:0,(anonymous_3)
FNDA:0,(anonymous_4)
FNDA:0,(anonymous_5)
FNDA:0,(anonymous_6)
FNDA:0,(anonymous_7)
FNDA:0,(anonymous_8)
FNDA:0,(anonymous_9)
FNDA:0,(anonymous_10)
FNDA:0,(anonymous_11)
FNDA:0,(anonymous_12)
FNDA:0,(anonymous_13)
FNDA:0,(anonymous_14)
FNDA:0,(anonymous_15)
FNDA:0,(anonymous_16)
FNDA:0,(anonymous_17)
FNDA:0,(anonymous_18)
FNDA:0,(anonymous_19)
FNDA:0,(anonymous_20)
FNDA:0,(anonymous_21)
FNDA:0,(anonymous_22)
FNDA:0,(anonymous_23)
FNDA:0,(anonymous_24)
FNDA:0,(anonymous_25)
FNDA:0,(anonymous_26)
FNDA:0,(anonymous_27)
FNDA:0,(anonymous_28)
FNDA:0,(anonymous_29)
FNDA:0,(anonymous_30)
FNDA:0,(anonymous_31)
FNDA:0,(anonymous_32)
FNDA:0,(anonymous_33)
FNDA:0,(anonymous_34)
FNDA:0,(anonymous_35)
FNDA:0,(anonymous_36)
FNDA:0,(anonymous_37)
FNDA:0,(anonymous_38)
FNDA:0,(anonymous_39)
FNDA:0,App
FNDA:0,(anonymous_41)
FNDA:0,(anonymous_42)
FNDA:0,(anonymous_43)
FNDA:0,(anonymous_44)
FNDA:0,(anonymous_45)
FNDA:0,(anonymous_46)
FNDA:0,(anonymous_47)
FNDA:0,(anonymous_48)
FNDA:0,(anonymous_49)
FNDA:0,(anonymous_50)
FNDA:0,(anonymous_51)
FNDA:0,(anonymous_52)
FNDA:0,(anonymous_53)
FNDA:0,(anonymous_54)
FNDA:0,(anonymous_55)
FNDA:0,(anonymous_56)
FNDA:0,(anonymous_57)
FNDA:0,(anonymous_58)
FNDA:0,(anonymous_59)
FNDA:0,(anonymous_60)
FNDA:0,(anonymous_61)
FNDA:0,(anonymous_62)
FNDA:0,(anonymous_63)
FNDA:0,(anonymous_64)
FNDA:0,(anonymous_65)
FNDA:0,(anonymous_66)
FNDA:0,(anonymous_67)
FNDA:0,(anonymous_68)
FNDA:0,(anonymous_69)
FNDA:0,(anonymous_70)
FNDA:0,(anonymous_71)
FNDA:0,(anonymous_72)
FNDA:0,(anonymous_73)
FNDA:0,(anonymous_74)
FNDA:0,(anonymous_75)
FNDA:0,(anonymous_76)
FNDA:0,(anonymous_77)
FNDA:0,(anonymous_78)
FNDA:0,(anonymous_79)
FNDA:0,(anonymous_80)
FNDA:0,(anonymous_81)
FNDA:0,(anonymous_82)
FNDA:0,(anonymous_83)
FNDA:0,(anonymous_84)
FNDA:0,(anonymous_85)
FNDA:0,(anonymous_86)
FNDA:0,(anonymous_87)
FNDA:0,(anonymous_88)
FNDA:0,(anonymous_89)
FNDA:0,(anonymous_90)
FNDA:0,(anonymous_91)
FNDA:0,(anonymous_92)
FNDA:0,(anonymous_93)
FNDA:0,(anonymous_94)
FNDA:0,(anonymous_95)
FNDA:0,(anonymous_96)
FNDA:0,(anonymous_97)
FNDA:0,(anonymous_98)
FNDA:0,(anonymous_99)
FNDA:0,(anonymous_100)
FNDA:0,(anonymous_101)
FNDA:0,(anonymous_102)
FNDA:0,(anonymous_103)
FNDA:0,(anonymous_104)
FNDA:0,(anonymous_105)
FNDA:0,(anonymous_106)
FNDA:0,(anonymous_107)
FNDA:0,(anonymous_108)
FNDA:0,(anonymous_109)
FNDA:0,(anonymous_110)
FNDA:0,(anonymous_111)
FNDA:0,(anonymous_112)
FNDA:0,(anonymous_113)
FNDA:0,(anonymous_114)
FNDA:0,(anonymous_115)
FNDA:0,(anonymous_116)
FNDA:0,(anonymous_117)
FNDA:0,(anonymous_118)
FNDA:0,(anonymous_119)
FNDA:0,(anonymous_120)
FNDA:0,(anonymous_121)
FNDA:0,(anonymous_122)
FNDA:0,(anonymous_123)
FNDA:0,(anonymous_124)
FNDA:0,(anonymous_125)
FNDA:0,(anonymous_126)
FNDA:0,(anonymous_127)
FNDA:0,(anonymous_128)
FNDA:0,(anonymous_129)
FNDA:0,(anonymous_130)
FNDA:0,(anonymous_131)
FNDA:0,(anonymous_132)
FNDA:0,(anonymous_133)
FNDA:0,(anonymous_134)
FNDA:0,(anonymous_135)
FNDA:0,(anonymous_136)
FNDA:0,(anonymous_137)
FNDA:0,(anonymous_138)
FNDA:0,(anonymous_139)
FNDA:0,(anonymous_140)
FNDA:0,(anonymous_141)
FNDA:0,(anonymous_142)
FNDA:0,(anonymous_143)
FNDA:0,(anonymous_144)
FNDA:0,(anonymous_145)
FNDA:0,(anonymous_146)
FNDA:0,(anonymous_147)
FNDA:0,(anonymous_148)
FNDA:0,(anonymous_149)
FNDA:0,(anonymous_150)
FNDA:0,(anonymous_151)
FNDA:0,(anonymous_152)
FNDA:0,(anonymous_153)
FNDA:0,(anonymous_154)
FNDA:0,(anonymous_155)
FNDA:0,(anonymous_156)
FNDA:0,(anonymous_157)
FNDA:0,(anonymous_158)
FNDA:0,(anonymous_159)
FNDA:0,(anonymous_160)
FNDA:0,(anonymous_161)
FNDA:0,(anonymous_162)
FNDA:0,(anonymous_163)
FNDA:0,(anonymous_164)
FNDA:0,(anonymous_165)
FNDA:0,(anonymous_166)
FNDA:0,(anonymous_167)
FNDA:0,(anonymous_168)
FNDA:0,(anonymous_169)
FNDA:0,(anonymous_170)
FNDA:0,(anonymous_171)
FNDA:0,(anonymous_172)
FNDA:0,(anonymous_173)
FNDA:0,(anonymous_174)
FNDA:0,(anonymous_175)
FNDA:0,(anonymous_176)
FNDA:0,(anonymous_177)
FNDA:0,(anonymous_178)
FNDA:0,(anonymous_179)
FNDA:0,(anonymous_180)
FNDA:0,(anonymous_181)
FNDA:0,(anonymous_182)
FNDA:0,(anonymous_183)
FNDA:0,(anonymous_184)
FNDA:0,(anonymous_185)
FNDA:0,(anonymous_186)
FNDA:0,(anonymous_187)
FNDA:0,(anonymous_188)
FNDA:0,(anonymous_189)
FNDA:0,(anonymous_190)
FNDA:0,(anonymous_191)
FNDA:0,(anonymous_192)
FNDA:0,(anonymous_193)
FNDA:0,(anonymous_194)
FNDA:0,(anonymous_195)
FNDA:0,(anonymous_196)
FNDA:0,(anonymous_197)
FNDA:0,(anonymous_198)
FNDA:0,(anonymous_199)
FNDA:0,(anonymous_200)
FNDA:0,(anonymous_201)
FNDA:0,(anonymous_202)
FNDA:0,(anonymous_203)
FNDA:0,(anonymous_204)
FNDA:0,(anonymous_205)
FNDA:0,(anonymous_206)
FNDA:0,(anonymous_207)
FNDA:0,(anonymous_208)
FNDA:0,(anonymous_209)
FNDA:0,(anonymous_210)
FNDA:0,(anonymous_211)
FNDA:0,(anonymous_212)
FNDA:0,(anonymous_213)
FNDA:0,(anonymous_214)
FNDA:0,(anonymous_215)
FNDA:0,(anonymous_216)
FNDA:0,(anonymous_217)
FNDA:0,(anonymous_218)
FNDA:0,(anonymous_219)
FNDA:0,(anonymous_220)
FNDA:0,(anonymous_221)
FNDA:0,(anonymous_222)
FNDA:0,(anonymous_223)
FNDA:0,(anonymous_224)
FNDA:0,(anonymous_225)
FNDA:0,(anonymous_226)
FNDA:0,(anonymous_227)
FNDA:0,(anonymous_228)
FNDA:0,(anonymous_229)
FNDA:0,(anonymous_230)
FNDA:0,(anonymous_231)
FNDA:0,(anonymous_232)
FNDA:0,(anonymous_233)
FNDA:0,(anonymous_234)
FNDA:0,(anonymous_235)
FNDA:0,(anonymous_236)
FNDA:0,(anonymous_237)
FNDA:0,(anonymous_238)
FNDA:0,(anonymous_239)
FNDA:0,(anonymous_240)
FNDA:0,(anonymous_241)
FNDA:0,(anonymous_242)
FNDA:0,(anonymous_243)
FNDA:0,(anonymous_244)
FNDA:0,(anonymous_245)
FNDA:0,(anonymous_246)
FNDA:0,(anonymous_247)
FNDA:0,(anonymous_248)
FNDA:0,(anonymous_249)
FNDA:0,(anonymous_250)
FNDA:0,(anonymous_251)
FNDA:0,(anonymous_252)
FNDA:0,(anonymous_253)
FNDA:0,(anonymous_254)
FNDA:0,(anonymous_255)
FNDA:0,(anonymous_256)
FNDA:0,(anonymous_257)
FNDA:0,(anonymous_258)
FNDA:0,(anonymous_259)
FNDA:0,(anonymous_260)
FNDA:0,(anonymous_261)
FNDA:0,(anonymous_262)
FNDA:0,(anonymous_263)
FNDA:0,(anonymous_264)
FNDA:0,(anonymous_265)
FNDA:0,(anonymous_266)
FNDA:0,(anonymous_267)
FNDA:0,(anonymous_268)
FNDA:0,(anonymous_269)
FNDA:0,(anonymous_270)
FNDA:0,(anonymous_271)
FNDA:0,(anonymous_272)
FNDA:0,(anonymous_273)
FNDA:0,(anonymous_274)
FNDA:0,(anonymous_275)
FNDA:0,(anonymous_276)
FNDA:0,(anonymous_277)
FNDA:0,(anonymous_278)
FNDA:0,(anonymous_279)
FNDA:0,(anonymous_280)
FNDA:0,(anonymous_281)
FNDA:0,(anonymous_282)
FNDA:0,(anonymous_283)
FNDA:0,(anonymous_284)
FNDA:0,(anonymous_285)
FNDA:0,(anonymous_286)
FNDA:0,(anonymous_287)
FNDA:0,(anonymous_288)
FNDA:0,(anonymous_289)
FNDA:0,(anonymous_290)
FNDA:0,(anonymous_291)
FNDA:0,(anonymous_292)
FNDA:0,(anonymous_293)
FNDA:0,(anonymous_294)
FNDA:0,(anonymous_295)
FNDA:0,(anonymous_296)
FNDA:0,(anonymous_297)
FNDA:0,(anonymous_298)
FNDA:0,(anonymous_299)
FNDA:0,(anonymous_300)
FNDA:0,(anonymous_301)
FNDA:0,(anonymous_302)
FNDA:0,(anonymous_303)
FNDA:0,(anonymous_304)
FNDA:0,(anonymous_305)
FNDA:0,(anonymous_306)
FNDA:0,(anonymous_307)
FNDA:0,(anonymous_308)
FNDA:0,(anonymous_309)
FNDA:0,(anonymous_310)
FNDA:0,(anonymous_311)
FNDA:0,(anonymous_312)
FNDA:0,(anonymous_313)
FNDA:0,(anonymous_314)
FNDA:0,(anonymous_315)
FNDA:0,(anonymous_316)
FNDA:0,(anonymous_317)
FNDA:0,(anonymous_318)
FNDA:0,(anonymous_319)
FNDA:0,(anonymous_320)
FNDA:0,(anonymous_321)
FNDA:0,(anonymous_322)
FNDA:0,(anonymous_323)
FNDA:0,(anonymous_324)
FNDA:0,(anonymous_325)
FNDA:0,(anonymous_326)
FNDA:0,(anonymous_327)
FNDA:0,(anonymous_328)
FNDA:0,(anonymous_329)
FNDA:0,(anonymous_330)
FNDA:0,(anonymous_331)
FNDA:0,(anonymous_332)
FNDA:0,(anonymous_333)
FNDA:0,(anonymous_334)
FNDA:0,(anonymous_335)
FNDA:0,(anonymous_336)
FNDA:0,(anonymous_337)
FNDA:0,(anonymous_338)
FNDA:0,(anonymous_339)
FNDA:0,(anonymous_340)
FNDA:0,(anonymous_341)
FNDA:0,(anonymous_342)
FNDA:0,(anonymous_343)
FNDA:0,(anonymous_344)
FNDA:0,(anonymous_345)
FNDA:0,(anonymous_346)
FNDA:0,(anonymous_347)
FNDA:0,(anonymous_348)
FNDA:0,(anonymous_349)
FNDA:0,(anonymous_350)
FNDA:0,(anonymous_351)
FNDA:0,(anonymous_352)
FNDA:0,(anonymous_353)
FNDA:0,(anonymous_354)
FNDA:0,(anonymous_355)
FNDA:0,(anonymous_356)
FNDA:0,(anonymous_357)
FNDA:0,(anonymous_358)
FNDA:0,(anonymous_359)
DA:74,0
DA:82,0
DA:154,0
DA:197,0
DA:199,0
DA:226,0
DA:262,0
DA:263,0
DA:264,0
DA:267,0
DA:268,0
DA:271,0
DA:272,0
DA:273,0
DA:277,0
DA:278,0
DA:280,0
DA:283,0
DA:285,0
DA:293,0
DA:299,0
DA:301,0
DA:318,0
DA:339,0
DA:345,0
DA:347,0
DA:348,0
DA:350,0
DA:351,0
DA:354,0
DA:355,0
DA:356,0
DA:357,0
DA:359,0
DA:360,0
DA:362,0
DA:363,0
DA:365,0
DA:366,0
DA:369,0
DA:375,0
DA:376,0
DA:377,0
DA:380,0
DA:381,0
DA:384,0
DA:385,0
DA:388,0
DA:391,0
DA:392,0
DA:393,0
DA:394,0
DA:396,0
DA:399,0
DA:400,0
DA:401,0
DA:404,0
DA:405,0
DA:408,0
DA:409,0
DA:412,0
DA:416,0
DA:419,0
DA:420,0
DA:423,0
DA:426,0
DA:427,0
DA:428,0
DA:429,0
DA:430,0
DA:432,0
DA:436,0
DA:437,0
DA:438,0
DA:440,0
DA:441,0
DA:443,0
DA:444,0
DA:446,0
DA:447,0
DA:449,0
DA:451,0
DA:452,0
DA:454,0
DA:455,0
DA:458,0
DA:466,0
DA:467,0
DA:469,0
DA:472,0
DA:475,0
DA:476,0
DA:490,0
DA:491,0
DA:492,0
DA:495,0
DA:496,0
DA:497,0
DA:498,0
DA:501,0
DA:502,0
DA:506,0
DA:507,0
DA:518,0
DA:521,0
DA:522,0
DA:530,0
DA:533,0
DA:534,0
DA:535,0
DA:538,0
DA:541,0
DA:542,0
DA:543,0
DA:544,0
DA:545,0
DA:547,0
DA:550,0
DA:558,0
DA:568,0
DA:577,0
DA:585,0
DA:590,0
DA:594,0
DA:595,0
DA:601,0
DA:603,0
DA:606,0
DA:609,0
DA:614,0
DA:615,0
DA:616,0
DA:620,0
DA:621,0
DA:622,0
DA:623,0
DA:624,0
DA:625,0
DA:626,0
DA:632,0
DA:636,0
DA:638,0
DA:639,0
DA:643,0
DA:644,0
DA:645,0
DA:648,0
DA:649,0
DA:650,0
DA:654,0
DA:657,0
DA:658,0
DA:661,0
DA:662,0
DA:665,0
DA:666,0
DA:669,0
DA:670,0
DA:676,0
DA:681,0
DA:682,0
DA:684,0
DA:685,0
DA:686,0
DA:687,0
DA:689,0
DA:703,0
DA:704,0
DA:708,0
DA:763,0
DA:764,0
DA:765,0
DA:766,0
DA:768,0
DA:769,0
DA:772,0
DA:773,0
DA:777,0
DA:779,0
DA:780,0
DA:782,0
DA:789,0
DA:790,0
DA:791,0
DA:794,0
DA:799,0
DA:800,0
DA:804,0
DA:805,0
DA:808,0
DA:811,0
DA:813,0
DA:818,0
DA:819,0
DA:822,0
DA:825,0
DA:826,0
DA:829,0
DA:832,0
DA:835,0
DA:841,0
DA:845,0
DA:848,0
DA:849,0
DA:852,0
DA:856,0
DA:857,0
DA:859,0
DA:870,0
DA:888,0
DA:896,0
DA:904,0
DA:925,0
DA:949,0
DA:967,0
DA:972,0
DA:978,0
DA:1008,0
DA:1032,0
DA:1041,0
DA:1049,0
DA:1059,0
DA:1093,0
DA:1094,0
DA:1095,0
DA:1096,0
DA:1101,0
DA:1102,0
DA:1103,0
DA:1108,0
DA:1109,0
DA:1110,0
DA:1111,0
DA:1112,0
DA:1113,0
DA:1117,0
DA:1121,0
DA:1125,0
DA:1129,0
DA:1131,0
DA:1132,0
DA:1135,0
DA:1136,0
DA:1143,0
DA:1144,0
DA:1145,0
DA:1146,0
DA:1148,0
DA:1149,0
DA:1150,0
DA:1152,0
DA:1153,0
DA:1154,0
DA:1156,0
DA:1157,0
DA:1164,0
DA:1169,0
DA:1172,0
DA:1177,0
DA:1180,0
DA:1191,0
DA:1196,0
DA:1197,0
DA:1198,0
DA:1200,0
DA:1207,0
DA:1223,0
DA:1232,0
DA:1238,0
DA:1244,0
DA:1256,0
DA:1262,0
DA:1269,0
DA:1279,0
DA:1280,0
DA:1283,0
DA:1284,0
DA:1285,0
DA:1292,0
DA:1293,0
DA:1294,0
DA:1295,0
DA:1309,0
DA:1313,0
DA:1314,0
DA:1315,0
DA:1316,0
DA:1317,0
DA:1319,0
DA:1320,0
DA:1321,0
DA:1322,0
DA:1323,0
DA:1325,0
DA:1328,0
DA:1330,0
DA:1342,0
DA:1352,0
DA:1353,0
DA:1361,0
DA:1367,0
DA:1370,0
DA:1371,0
DA:1372,0
DA:1373,0
DA:1374,0
DA:1376,0
DA:1377,0
DA:1378,0
DA:1380,0
DA:1381,0
DA:1382,0
DA:1383,0
DA:1386,0
DA:1387,0
DA:1388,0
DA:1389,0
DA:1390,0
DA:1392,0
DA:1396,0
DA:1397,0
DA:1398,0
DA:1400,0
DA:1401,0
DA:1402,0
DA:1404,0
DA:1405,0
DA:1406,0
DA:1407,0
DA:1408,0
DA:1409,0
DA:1410,0
DA:1411,0
DA:1412,0
DA:1413,0
DA:1414,0
DA:1415,0
DA:1419,0
DA:1420,0
DA:1422,0
DA:1434,0
DA:1438,0
DA:1439,0
DA:1441,0
DA:1442,0
DA:1445,0
DA:1449,0
DA:1450,0
DA:1451,0
DA:1455,0
DA:1456,0
DA:1458,0
DA:1462,0
DA:1463,0
DA:1464,0
DA:1468,0
DA:1469,0
DA:1471,0
DA:1476,0
DA:1477,0
DA:1478,0
DA:1479,0
DA:1482,0
DA:1483,0
DA:1484,0
DA:1486,0
DA:1488,0
DA:1489,0
DA:1490,0
DA:1491,0
DA:1492,0
DA:1493,0
DA:1494,0
DA:1495,0
DA:1500,0
DA:1501,0
DA:1507,0
DA:1514,0
DA:1515,0
DA:1516,0
DA:1517,0
DA:1518,0
DA:1521,0
DA:1522,0
DA:1525,0
DA:1526,0
DA:1530,0
DA:1531,0
DA:1532,0
DA:1533,0
DA:1534,0
DA:1535,0
DA:1536,0
DA:1537,0
DA:1538,0
DA:1539,0
DA:1540,0
DA:1541,0
DA:1546,0
DA:1547,0
DA:1549,0
DA:1552,0
DA:1553,0
DA:1557,0
DA:1560,0
DA:1563,0
DA:1566,0
DA:1569,0
DA:1570,0
DA:1573,0
DA:1575,0
DA:1582,0
DA:1584,0
DA:1585,0
DA:1588,0
DA:1589,0
DA:1590,0
DA:1592,0
DA:1594,0
DA:1596,0
DA:1597,0
DA:1598,0
DA:1600,0
DA:1602,0
DA:1603,0
DA:1604,0
DA:1605,0
DA:1607,0
DA:1610,0
DA:1614,0
DA:1615,0
DA:1616,0
DA:1619,0
DA:1623,0
DA:1625,0
DA:1626,0
DA:1632,0
DA:1635,0
DA:1637,0
DA:1638,0
DA:1640,0
DA:1641,0
DA:1644,0
DA:1645,0
DA:1649,0
DA:1652,0
DA:1660,0
DA:1662,0
DA:1665,0
DA:1669,0
DA:1670,0
DA:1674,0
DA:1676,0
DA:1678,0
DA:1679,0
DA:1681,0
DA:1683,0
DA:1684,0
DA:1685,0
DA:1688,0
DA:1689,0
DA:1690,0
DA:1692,0
DA:1698,0
DA:1699,0
DA:1700,0
DA:1702,0
DA:1703,0
DA:1708,0
DA:1710,0
DA:1717,0
DA:1718,0
DA:1722,0
DA:1728,0
DA:1729,0
DA:1730,0
DA:1732,0
DA:1733,0
DA:1734,0
DA:1736,0
DA:1740,0
DA:1741,0
DA:1742,0
DA:1744,0
DA:1745,0
DA:1746,0
DA:1748,0
DA:1752,0
DA:1753,0
DA:1754,0
DA:1756,0
DA:1757,0
DA:1758,0
DA:1760,0
DA:1761,0
DA:1763,0
DA:1764,0
DA:1767,0
DA:1770,0
DA:1772,0
DA:1773,0
DA:1777,0
DA:1778,0
DA:1779,0
DA:1780,0
DA:1782,0
DA:1783,0
DA:1784,0
DA:1785,0
DA:1789,0
DA:1798,0
DA:1800,0
DA:1807,0
DA:1808,0
DA:1809,0
DA:1811,0
DA:1812,0
DA:1827,0
DA:1831,0
DA:1834,0
DA:1835,0
DA:1836,0
DA:1839,0
DA:1840,0
DA:1844,0
DA:1845,0
DA:1846,0
DA:1849,0
DA:1850,0
DA:1858,0
DA:1860,0
DA:1861,0
DA:1864,0
DA:1865,0
DA:1867,0
DA:1868,0
DA:1869,0
DA:1870,0
DA:1871,0
DA:1873,0
DA:1874,0
DA:1877,0
DA:1879,0
DA:1888,0
DA:1889,0
DA:1891,0
DA:1893,0
DA:1895,0
DA:1896,0
DA:1901,0
DA:1904,0
DA:1906,0
DA:1907,0
DA:1909,0
DA:1910,0
DA:1914,0
DA:1919,0
DA:1920,0
DA:1921,0
DA:1924,0
DA:1926,0
DA:1933,0
DA:1936,0
DA:1937,0
DA:1938,0
DA:1939,0
DA:1940,0
DA:1943,0
DA:1945,0
DA:1949,0
DA:1953,0
DA:1954,0
DA:1959,0
DA:1965,0
DA:1967,0
DA:1968,0
DA:1969,0
DA:1972,0
DA:1973,0
DA:1974,0
DA:1977,0
DA:1978,0
DA:1987,0
DA:1988,0
DA:1989,0
DA:1992,0
DA:1993,0
DA:1995,0
DA:1996,0
DA:1997,0
DA:2001,0
DA:2005,0
DA:2006,0
DA:2007,0
DA:2008,0
DA:2009,0
DA:2012,0
DA:2013,0
DA:2014,0
DA:2015,0
DA:2016,0
DA:2020,0
DA:2022,0
DA:2024,0
DA:2029,0
DA:2031,0
DA:2037,0
DA:2039,0
DA:2040,0
DA:2045,0
DA:2048,0
DA:2052,0
DA:2053,0
DA:2054,0
DA:2055,0
DA:2059,0
DA:2060,0
DA:2061,0
DA:2062,0
DA:2065,0
DA:2067,0
DA:2068,0
DA:2069,0
DA:2070,0
DA:2073,0
DA:2074,0
DA:2075,0
DA:2078,0
DA:2079,0
DA:2083,0
DA:2087,0
DA:2089,0
DA:2090,0
DA:2106,0
DA:2107,0
DA:2113,0
DA:2115,0
DA:2116,0
DA:2120,0
DA:2123,0
DA:2124,0
DA:2126,0
DA:2128,0
DA:2129,0
DA:2132,0
DA:2135,0
DA:2136,0
DA:2144,0
DA:2146,0
DA:2148,0
DA:2154,0
DA:2160,0
DA:2163,0
DA:2164,0
DA:2175,0
DA:2177,0
DA:2186,0
DA:2192,0
DA:2198,0
DA:2301,0
DA:2302,0
DA:2303,0
DA:2305,0
DA:2308,0
DA:2309,0
DA:2310,0
DA:2311,0
DA:2312,0
DA:2313,0
DA:2314,0
DA:2315,0
DA:2332,0
DA:2334,0
DA:2336,0
DA:2341,0
DA:2343,0
DA:2344,0
DA:2345,0
DA:2346,0
DA:2350,0
DA:2360,0
DA:2362,0
DA:2363,0
DA:2364,0
DA:2368,0
DA:2380,0
DA:2382,0
DA:2383,0
DA:2384,0
DA:2395,0
DA:2400,0
DA:2402,0
DA:2403,0
DA:2406,0
DA:2407,0
DA:2410,0
DA:2411,0
DA:2416,0
DA:2417,0
DA:2420,0
DA:2421,0
DA:2424,0
DA:2425,0
DA:2426,0
DA:2428,0
DA:2429,0
DA:2436,0
DA:2501,0
DA:2507,0
DA:2508,0
DA:2516,0
DA:2521,0
DA:2527,0
DA:2534,0
DA:2555,0
DA:2570,0
DA:2585,0
DA:2610,0
DA:2618,0
DA:2660,0
DA:2668,0
DA:2681,0
DA:2704,0
DA:2714,0
DA:2728,0
DA:2729,0
DA:2732,0
DA:2733,0
DA:2734,0
DA:2737,0
DA:2738,0
DA:2740,0
DA:2741,0
DA:2748,0
DA:2755,0
DA:2756,0
DA:2757,0
DA:2763,0
DA:2770,0
DA:2771,0
DA:2772,0
DA:2773,0
DA:2777,0
DA:2778,0
DA:2779,0
DA:2780,0
DA:2783,0
DA:2784,0
DA:2785,0
DA:2788,0
DA:2789,0
DA:2796,0
DA:2803,0
DA:2804,0
DA:2810,0
DA:2816,0
DA:2817,0
DA:2824,0
DA:2825,0
DA:2826,0
DA:2834,0
DA:2835,0
DA:2841,0
DA:2844,0
DA:2845,0
DA:2851,0
DA:2855,0
DA:2856,0
DA:2857,0
DA:2862,0
DA:2863,0
DA:2865,0
DA:2869,0
DA:2870,0
DA:2871,0
DA:2876,0
DA:2877,0
DA:2879,0
DA:2883,0
DA:2884,0
DA:2893,0
DA:2894,0
DA:2895,0
DA:2896,0
DA:2898,0
DA:2906,0
DA:2907,0
DA:2908,0
DA:2911,0
DA:2912,0
DA:2913,0
DA:2917,0
DA:2918,0
DA:2919,0
DA:2920,0
DA:2921,0
DA:2922,0
DA:2923,0
DA:2924,0
DA:2925,0
DA:2926,0
DA:2928,0
DA:2932,0
DA:2935,0
DA:2944,0
DA:2945,0
DA:2946,0
DA:2955,0
DA:2956,0
DA:2957,0
DA:2966,0
DA:2968,0
DA:2977,0
DA:2993,0
DA:3021,0
DA:3032,0
DA:3039,0
DA:3089,0
DA:3102,0
DA:3113,0
DA:3123,0
DA:3135,0
DA:3146,0
DA:3167,0
DA:3183,0
DA:3185,0
DA:3196,0
DA:3256,0
DA:3268,0
DA:3317,0
DA:3318,0
DA:3319,0
DA:3320,0
DA:3323,0
DA:3324,0
DA:3325,0
DA:3327,0
DA:3328,0
DA:3329,0
DA:3335,0
DA:3336,0
DA:3337,0
DA:3338,0
DA:3342,0
DA:3343,0
DA:3345,0
DA:3346,0
DA:3348,0
DA:3350,0
DA:3355,0
DA:3356,0
DA:3357,0
DA:3362,0
DA:3363,0
DA:3364,0
DA:3370,0
DA:3375,0
DA:3376,0
DA:3377,0
DA:3382,0
DA:3383,0
DA:3384,0
DA:3393,0
DA:3395,0
DA:3410,0
DA:3423,0
DA:3425,0
DA:3426,0
DA:3455,0
DA:3484,0
DA:3485,0
DA:3497,0
DA:3498,0
DA:3514,0
DA:3520,0
DA:3521,0
DA:3529,0
DA:3530,0
DA:3538,0
DA:3541,0
DA:3543,0
DA:3551,0
DA:3552,0
DA:3594,0
DA:3596,0
DA:3598,0
DA:3605,0
DA:3606,0
DA:3607,0
DA:3608,0
DA:3622,0
DA:3623,0
DA:3624,0
DA:3626,0
DA:3644,0
DA:3654,0
DA:3664,0
DA:3674,0
DA:3684,0
DA:3696,0
DA:3700,0
DA:3749,0
DA:3750,0
DA:3754,0
DA:3761,0
DA:3763,0
DA:3776,0
DA:3777,0
DA:3778,0
DA:3780,0
DA:3781,0
DA:3788,0
DA:3799,0
DA:3800,0
DA:3804,0
DA:3822,0
DA:3839,0
DA:3841,0
DA:3857,0
DA:3867,0
DA:3868,0
DA:3872,0
DA:3874,0
DA:3890,0
DA:3900,0
DA:3901,0
DA:3909,0
DA:3916,0
DA:3927,0
DA:3934,0
DA:3939,0
DA:3940,0
DA:3955,0
DA:3961,0
DA:3984,0
DA:3990,0
DA:4012,0
DA:4018,0
DA:4050,0
DA:4063,0
DA:4073,0
DA:4083,0
DA:4103,0
DA:4119,0
DA:4127,0
DA:4150,0
DA:4166,0
DA:4174,0
DA:4215,0
DA:4220,0
DA:4225,0
DA:4234,0
DA:4245,0
DA:4246,0
DA:4252,0
DA:4254,0
DA:4255,0
DA:4256,0
DA:4260,0
DA:4270,0
DA:4272,0
DA:4273,0
DA:4283,0
DA:4293,0
DA:4350,0
DA:4356,0
DA:4375,0
DA:4383,0
DA:4385,0
DA:4388,0
DA:4389,0
DA:4415,0
DA:4416,0
DA:4428,0
DA:4429,0
DA:4493,0
DA:4494,0
DA:4496,0
DA:4511,0
DA:4512,0
DA:4514,0
DA:4562,0
DA:4564,0
DA:4591,0
DA:4603,0
DA:4615,0
DA:4656,0
DA:4657,0
DA:4663,0
DA:4664,0
DA:4668,0
DA:4676,0
DA:4683,0
DA:4691,0
DA:4696,0
DA:4704,0
DA:4712,0
DA:4720,0
DA:4728,0
DA:4734,0
DA:4743,0
DA:4753,0
DA:4774,0
DA:4775,0
DA:4779,0
DA:4780,0
DA:4787,0
DA:4804,0
DA:4815,0
DA:4841,0
DA:4846,0
DA:4851,0
DA:4879,0
DA:4880,0
DA:4881,0
DA:4883,0
DA:4884,0
DA:4887,0
DA:4888,0
DA:4889,0
DA:4892,0
DA:4893,0
DA:4905,0
DA:4930,0
DA:4933,0
DA:4934,0
DA:4935,0
DA:4938,0
DA:4961,0
DA:4968,0
DA:4982,0
DA:4985,0
DA:4986,0
DA:5022,0
DA:5029,0
DA:5039,0
DA:5041,0
DA:5042,0
DA:5061,0
DA:5063,0
DA:5064,0
DA:5069,0
DA:5071,0
DA:5081,0
DA:5098,0
DA:5112,0
DA:5114,0
DA:5122,0
DA:5131,0
DA:5143,0
DA:5145,0
DA:5146,0
DA:5158,0
DA:5159,0
DA:5179,0
DA:5182,0
DA:5184,0
DA:5190,0
DA:5232,0
DA:5234,0
DA:5241,0
DA:5255,0
DA:5256,0
DA:5263,0
DA:5264,0
DA:5266,0
DA:5280,0
DA:5293,0
DA:5294,0
DA:5304,0
DA:5317,0
DA:5324,0
DA:5335,0
DA:5351,0
DA:5365,0
DA:5386,0
DA:5389,0
DA:5403,0
DA:5404,0
DA:5410,0
DA:5411,0
DA:5413,0
DA:5414,0
DA:5416,0
DA:5417,0
DA:5420,0
DA:5428,0
DA:5429,0
DA:5436,0
DA:5441,0
DA:5442,0
DA:5443,0
DA:5445,0
DA:5446,0
DA:5453,0
DA:5485,0
DA:5486,0
DA:5492,0
DA:5498,0
DA:5504,0
DA:5505,0
DA:5512,0
DA:5525,0
DA:5526,0
DA:5537,0
DA:5538,0
DA:5561,0
DA:5562,0
DA:5573,0
DA:5574,0
DA:5582,0
DA:5594,0
DA:5596,0
DA:5597,0
DA:5617,0
DA:5619,0
DA:5620,0
DA:5636,0
DA:5637,0
DA:5639,0
DA:5642,0
LF:1121
LH:0
BRDA:267,0,0,0
BRDA:271,1,0,0
BRDA:271,1,1,0
BRDA:345,2,0,0
BRDA:347,3,0,0
BRDA:350,4,0,0
BRDA:350,4,1,0
BRDA:356,5,0,0
BRDA:356,5,1,0
BRDA:359,6,0,0
BRDA:359,6,1,0
BRDA:362,7,0,0
BRDA:362,7,1,0
BRDA:365,8,0,0
BRDA:365,8,1,0
BRDA:376,9,0,0
BRDA:376,9,1,0
BRDA:380,10,0,0
BRDA:380,10,1,0
BRDA:384,11,0,0
BRDA:384,11,1,0
BRDA:384,12,0,0
BRDA:384,12,1,0
BRDA:391,13,0,0
BRDA:400,14,0,0
BRDA:400,14,1,0
BRDA:400,15,0,0
BRDA:400,15,1,0
BRDA:404,16,0,0
BRDA:404,16,1,0
BRDA:404,17,0,0
BRDA:404,17,1,0
BRDA:408,18,0,0
BRDA:408,18,1,0
BRDA:408,19,0,0
BRDA:408,19,1,0
BRDA:412,20,0,0
BRDA:412,20,1,0
BRDA:413,21,0,0
BRDA:413,21,1,0
BRDA:413,21,2,0
BRDA:419,22,0,0
BRDA:419,22,1,0
BRDA:419,23,0,0
BRDA:419,23,1,0
BRDA:419,23,2,0
BRDA:428,24,0,0
BRDA:428,24,1,0
BRDA:429,25,0,0
BRDA:429,25,1,0
BRDA:437,26,0,0
BRDA:437,26,1,0
BRDA:437,27,0,0
BRDA:437,27,1,0
BRDA:437,27,2,0
BRDA:438,28,0,0
BRDA:438,28,1,0
BRDA:446,29,0,0
BRDA:446,29,1,0
BRDA:452,30,0,0
BRDA:452,30,1,0
BRDA:454,31,0,0
BRDA:454,31,1,0
BRDA:454,32,0,0
BRDA:454,32,1,0
BRDA:454,32,2,0
BRDA:491,33,0,0
BRDA:491,33,1,0
BRDA:502,34,0,0
BRDA:502,34,1,0
BRDA:502,34,2,0
BRDA:502,34,3,0
BRDA:502,34,4,0
BRDA:502,34,5,0
BRDA:502,34,6,0
BRDA:502,34,7,0
BRDA:533,35,0,0
BRDA:533,35,1,0
BRDA:544,36,0,0
BRDA:544,36,1,0
BRDA:606,37,0,0
BRDA:606,37,1,0
BRDA:609,38,0,0
BRDA:609,38,1,0
BRDA:614,39,0,0
BRDA:614,39,1,0
BRDA:625,40,0,0
BRDA:625,40,1,0
BRDA:625,41,0,0
BRDA:625,41,1,0
BRDA:644,42,0,0
BRDA:644,42,1,0
BRDA:670,43,0,0
BRDA:670,43,1,0
BRDA:671,44,0,0
BRDA:671,44,1,0
BRDA:671,44,2,0
BRDA:671,44,3,0
BRDA:691,45,0,0
BRDA:691,45,1,0
BRDA:777,46,0,0
BRDA:789,47,0,0
BRDA:789,47,1,0
BRDA:799,48,0,0
BRDA:799,48,1,0
BRDA:811,49,0,0
BRDA:811,49,1,0
BRDA:813,50,0,0
BRDA:813,50,1,0
BRDA:813,50,2,0
BRDA:825,51,0,0
BRDA:825,51,1,0
BRDA:825,52,0,0
BRDA:825,52,1,0
BRDA:835,53,0,0
BRDA:835,53,1,0
BRDA:835,54,0,0
BRDA:835,54,1,0
BRDA:835,54,2,0
BRDA:835,54,3,0
BRDA:835,54,4,0
BRDA:835,54,5,0
BRDA:848,55,0,0
BRDA:848,55,1,0
BRDA:848,56,0,0
BRDA:848,56,1,0
BRDA:1174,57,0,0
BRDA:1174,57,1,0
BRDA:1182,58,0,0
BRDA:1182,58,1,0
BRDA:1193,59,0,0
BRDA:1193,59,1,0
BRDA:1203,60,0,0
BRDA:1203,60,1,0
BRDA:1208,61,0,0
BRDA:1208,61,1,0
BRDA:1209,62,0,0
BRDA:1209,62,1,0
BRDA:1210,63,0,0
BRDA:1210,63,1,0
BRDA:1211,64,0,0
BRDA:1211,64,1,0
BRDA:1212,65,0,0
BRDA:1212,65,1,0
BRDA:1213,66,0,0
BRDA:1213,66,1,0
BRDA:1226,67,0,0
BRDA:1226,67,1,0
BRDA:1226,67,2,0
BRDA:1235,68,0,0
BRDA:1235,68,1,0
BRDA:1235,68,2,0
BRDA:1247,69,0,0
BRDA:1247,69,1,0
BRDA:1247,69,2,0
BRDA:1259,70,0,0
BRDA:1259,70,1,0
BRDA:1259,70,2,0
BRDA:1274,71,0,0
BRDA:1274,71,1,0
BRDA:1274,71,2,0
BRDA:1274,71,3,0
BRDA:1284,72,0,0
BRDA:1284,72,1,0
BRDA:1285,73,0,0
BRDA:1285,73,1,0
BRDA:1287,74,0,0
BRDA:1287,74,1,0
BRDA:1289,75,0,0
BRDA:1289,75,1,0
BRDA:1293,76,0,0
BRDA:1293,76,1,0
BRDA:1294,77,0,0
BRDA:1294,77,1,0
BRDA:1317,78,0,0
BRDA:1317,78,1,0
BRDA:1346,79,0,0
BRDA:1346,79,1,0
BRDA:1346,79,2,0
BRDA:1364,80,0,0
BRDA:1364,80,1,0
BRDA:1364,80,2,0
BRDA:1370,81,0,0
BRDA:1374,82,0,0
BRDA:1374,82,1,0
BRDA:1388,83,0,0
BRDA:1388,83,1,0
BRDA:1389,84,0,0
BRDA:1389,84,1,0
BRDA:1400,85,0,0
BRDA:1400,85,1,0
BRDA:1401,86,0,0
BRDA:1401,86,1,0
BRDA:1402,87,0,0
BRDA:1402,87,1,0
BRDA:1404,88,0,0
BRDA:1404,88,1,0
BRDA:1406,89,0,0
BRDA:1406,89,1,0
BRDA:1406,89,2,0
BRDA:1407,90,0,0
BRDA:1407,90,1,0
BRDA:1408,91,0,0
BRDA:1408,91,1,0
BRDA:1410,92,0,0
BRDA:1410,92,1,0
BRDA:1412,93,0,0
BRDA:1412,93,1,0
BRDA:1412,93,2,0
BRDA:1413,94,0,0
BRDA:1413,94,1,0
BRDA:1414,95,0,0
BRDA:1414,95,1,0
BRDA:1439,96,0,0
BRDA:1439,96,1,0
BRDA:1441,97,0,0
BRDA:1441,97,1,0
BRDA:1441,98,0,0
BRDA:1441,98,1,0
BRDA:1458,99,0,0
BRDA:1458,99,1,0
BRDA:1471,100,0,0
BRDA:1471,100,1,0
BRDA:1552,101,0,0
BRDA:1552,101,1,0
BRDA:1552,102,0,0
BRDA:1552,102,1,0
BRDA:1588,103,0,0
BRDA:1588,103,1,0
BRDA:1594,104,0,0
BRDA:1594,104,1,0
BRDA:1596,105,0,0
BRDA:1596,105,1,0
BRDA:1596,105,2,0
BRDA:1597,106,0,0
BRDA:1597,106,1,0
BRDA:1602,107,0,0
BRDA:1602,107,1,0
BRDA:1602,108,0,0
BRDA:1602,108,1,0
BRDA:1603,109,0,0
BRDA:1603,109,1,0
BRDA:1603,109,2,0
BRDA:1604,110,0,0
BRDA:1604,110,1,0
BRDA:1614,111,0,0
BRDA:1614,111,1,0
BRDA:1614,112,0,0
BRDA:1614,112,1,0
BRDA:1623,113,0,0
BRDA:1623,113,1,0
BRDA:1623,114,0,0
BRDA:1623,114,1,0
BRDA:1623,114,2,0
BRDA:1623,114,3,0
BRDA:1635,115,0,0
BRDA:1635,115,1,0
BRDA:1635,116,0,0
BRDA:1635,116,1,0
BRDA:1640,117,0,0
BRDA:1640,117,1,0
BRDA:1641,118,0,0
BRDA:1641,118,1,0
BRDA:1643,119,0,0
BRDA:1643,119,1,0
BRDA:1643,119,2,0
BRDA:1644,120,0,0
BRDA:1644,120,1,0
BRDA:1645,121,0,0
BRDA:1645,121,1,0
BRDA:1649,122,0,0
BRDA:1649,122,1,0
BRDA:1649,122,2,0
BRDA:1649,122,3,0
BRDA:1649,122,4,0
BRDA:1649,122,5,0
BRDA:1678,123,0,0
BRDA:1678,123,1,0
BRDA:1681,124,0,0
BRDA:1681,124,1,0
BRDA:1683,125,0,0
BRDA:1683,125,1,0
BRDA:1688,126,0,0
BRDA:1688,126,1,0
BRDA:1699,127,0,0
BRDA:1699,127,1,0
BRDA:1699,128,0,0
BRDA:1699,128,1,0
BRDA:1702,129,0,0
BRDA:1702,129,1,0
BRDA:1702,130,0,0
BRDA:1702,130,1,0
BRDA:1718,131,0,0
BRDA:1718,131,1,0
BRDA:1729,132,0,0
BRDA:1729,132,1,0
BRDA:1729,133,0,0
BRDA:1729,133,1,0
BRDA:1733,134,0,0
BRDA:1733,134,1,0
BRDA:1741,135,0,0
BRDA:1741,135,1,0
BRDA:1741,136,0,0
BRDA:1741,136,1,0
BRDA:1745,137,0,0
BRDA:1745,137,1,0
BRDA:1752,138,0,0
BRDA:1753,139,0,0
BRDA:1753,139,1,0
BRDA:1756,140,0,0
BRDA:1756,140,1,0
BRDA:1757,141,0,0
BRDA:1757,141,1,0
BRDA:1760,142,0,0
BRDA:1760,142,1,0
BRDA:1763,143,0,0
BRDA:1763,143,1,0
BRDA:1772,144,0,0
BRDA:1772,144,1,0
BRDA:1777,145,0,0
BRDA:1777,145,1,0
BRDA:1779,146,0,0
BRDA:1779,146,1,0
BRDA:1782,147,0,0
BRDA:1782,147,1,0
BRDA:1784,148,0,0
BRDA:1784,148,1,0
BRDA:1802,149,0,0
BRDA:1802,149,1,0
BRDA:1835,150,0,0
BRDA:1835,150,1,0
BRDA:1839,151,0,0
BRDA:1839,151,1,0
BRDA:1845,152,0,0
BRDA:1845,152,1,0
BRDA:1849,153,0,0
BRDA:1849,153,1,0
BRDA:1859,154,0,0
BRDA:1859,155,0,0
BRDA:1860,156,0,0
BRDA:1860,156,1,0
BRDA:1864,157,0,0
BRDA:1864,157,1,0
BRDA:1869,158,0,0
BRDA:1869,158,1,0
BRDA:1873,159,0,0
BRDA:1873,159,1,0
BRDA:1877,160,0,0
BRDA:1877,160,1,0
BRDA:1893,161,0,0
BRDA:1893,161,1,0
BRDA:1895,162,0,0
BRDA:1895,162,1,0
BRDA:1898,163,0,0
BRDA:1898,163,1,0
BRDA:1909,164,0,0
BRDA:1909,164,1,0
BRDA:1912,165,0,0
BRDA:1912,165,1,0
BRDA:1919,166,0,0
BRDA:1919,166,1,0
BRDA:1924,167,0,0
BRDA:1924,167,1,0
BRDA:1928,168,0,0
BRDA:1928,168,1,0
BRDA:1929,169,0,0
BRDA:1929,169,1,0
BRDA:1930,170,0,0
BRDA:1930,170,1,0
BRDA:1936,171,0,0
BRDA:1936,171,1,0
BRDA:1936,172,0,0
BRDA:1936,172,1,0
BRDA:1943,173,0,0
BRDA:1943,173,1,0
BRDA:1947,174,0,0
BRDA:1947,174,1,0
BRDA:1956,175,0,0
BRDA:1956,175,1,0
BRDA:1956,176,0,0
BRDA:1956,176,1,0
BRDA:1967,177,0,0
BRDA:1967,177,1,0
BRDA:1972,178,0,0
BRDA:1972,178,1,0
BRDA:1980,179,0,0
BRDA:1980,179,1,0
BRDA:1988,180,0,0
BRDA:1988,180,1,0
BRDA:1995,181,0,0
BRDA:1995,181,1,0
BRDA:1996,182,0,0
BRDA:1996,182,1,0
BRDA:1996,183,0,0
BRDA:1996,183,1,0
BRDA:2005,184,0,0
BRDA:2005,184,1,0
BRDA:2007,185,0,0
BRDA:2007,185,1,0
BRDA:2012,186,0,0
BRDA:2012,186,1,0
BRDA:2014,187,0,0
BRDA:2014,187,1,0
BRDA:2026,188,0,0
BRDA:2026,188,1,0
BRDA:2027,189,0,0
BRDA:2027,189,1,0
BRDA:2033,190,0,0
BRDA:2033,190,1,0
BRDA:2042,191,0,0
BRDA:2042,191,1,0
BRDA:2053,192,0,0
BRDA:2053,192,1,0
BRDA:2060,193,0,0
BRDA:2060,193,1,0
BRDA:2065,194,0,0
BRDA:2065,194,1,0
BRDA:2068,195,0,0
BRDA:2068,195,1,0
BRDA:2073,196,0,0
BRDA:2073,196,1,0
BRDA:2073,197,0,0
BRDA:2073,197,1,0
BRDA:2078,198,0,0
BRDA:2078,198,1,0
BRDA:2078,199,0,0
BRDA:2078,199,1,0
BRDA:2095,200,0,0
BRDA:2095,200,1,0
BRDA:2096,201,0,0
BRDA:2096,201,1,0
BRDA:2097,202,0,0
BRDA:2097,202,1,0
BRDA:2099,203,0,0
BRDA:2099,203,1,0
BRDA:2099,203,2,0
BRDA:2099,203,3,0
BRDA:2100,204,0,0
BRDA:2100,204,1,0
BRDA:2101,205,0,0
BRDA:2101,205,1,0
BRDA:2106,206,0,0
BRDA:2106,206,1,0
BRDA:2115,207,0,0
BRDA:2115,207,1,0
BRDA:2123,208,0,0
BRDA:2123,208,1,0
BRDA:2123,208,2,0
BRDA:2123,208,3,0
BRDA:2124,209,0,0
BRDA:2124,209,1,0
BRDA:2124,209,2,0
BRDA:2126,210,0,0
BRDA:2126,210,1,0
BRDA:2135,211,0,0
BRDA:2135,211,1,0
BRDA:2163,212,0,0
BRDA:2163,212,1,0
BRDA:2163,213,0,0
BRDA:2163,213,1,0
BRDA:2163,213,2,0
BRDA:2166,214,0,0
BRDA:2166,214,1,0
BRDA:2193,215,0,0
BRDA:2193,215,1,0
BRDA:2194,216,0,0
BRDA:2194,216,1,0
BRDA:2346,217,0,0
BRDA:2346,217,1,0
BRDA:2350,218,0,0
BRDA:2350,218,1,0
BRDA:2364,219,0,0
BRDA:2364,219,1,0
BRDA:2368,220,0,0
BRDA:2368,220,1,0
BRDA:2384,221,0,0
BRDA:2384,221,1,0
BRDA:2406,222,0,0
BRDA:2406,222,1,0
BRDA:2421,223,0,0
BRDA:2421,223,1,0
BRDA:2424,224,0,0
BRDA:2424,224,1,0
BRDA:2448,225,0,0
BRDA:2448,225,1,0
BRDA:2463,226,0,0
BRDA:2463,226,1,0
BRDA:2466,227,0,0
BRDA:2466,227,1,0
BRDA:2525,228,0,0
BRDA:2525,228,1,0
BRDA:2538,229,0,0
BRDA:2538,229,1,0
BRDA:2539,230,0,0
BRDA:2539,230,1,0
BRDA:2544,231,0,0
BRDA:2544,231,1,0
BRDA:2554,232,0,0
BRDA:2554,232,1,0
BRDA:2563,233,0,0
BRDA:2563,233,1,0
BRDA:2569,234,0,0
BRDA:2569,234,1,0
BRDA:2578,235,0,0
BRDA:2578,235,1,0
BRDA:2593,236,0,0
BRDA:2593,236,1,0
BRDA:2593,237,0,0
BRDA:2593,237,1,0
BRDA:2593,238,0,0
BRDA:2593,238,1,0
BRDA:2598,239,0,0
BRDA:2598,239,1,0
BRDA:2603,240,0,0
BRDA:2603,240,1,0
BRDA:2606,241,0,0
BRDA:2606,241,1,0
BRDA:2615,242,0,0
BRDA:2615,242,1,0
BRDA:2615,243,0,0
BRDA:2615,243,1,0
BRDA:2618,244,0,0
BRDA:2618,244,1,0
BRDA:2622,245,0,0
BRDA:2622,245,1,0
BRDA:2629,246,0,0
BRDA:2629,246,1,0
BRDA:2629,246,2,0
BRDA:2631,247,0,0
BRDA:2631,247,1,0
BRDA:2636,248,0,0
BRDA:2636,248,1,0
BRDA:2646,249,0,0
BRDA:2646,249,1,0
BRDA:2649,250,0,0
BRDA:2649,250,1,0
BRDA:2649,251,0,0
BRDA:2649,251,1,0
BRDA:2652,252,0,0
BRDA:2652,252,1,0
BRDA:2652,253,0,0
BRDA:2652,253,1,0
BRDA:2660,254,0,0
BRDA:2660,254,1,0
BRDA:2668,255,0,0
BRDA:2668,255,1,0
BRDA:2678,256,0,0
BRDA:2678,256,1,0
BRDA:2738,257,0,0
BRDA:2738,257,1,0
BRDA:2765,258,0,0
BRDA:2765,258,1,0
BRDA:2778,259,0,0
BRDA:2778,259,1,0
BRDA:2783,260,0,0
BRDA:2783,260,1,0
BRDA:2783,261,0,0
BRDA:2783,261,1,0
BRDA:2783,261,2,0
BRDA:2790,262,0,0
BRDA:2790,262,1,0
BRDA:2791,263,0,0
BRDA:2791,263,1,0
BRDA:2819,264,0,0
BRDA:2819,264,1,0
BRDA:2841,265,0,0
BRDA:2841,265,1,0
BRDA:2851,266,0,0
BRDA:2851,266,1,0
BRDA:2855,267,0,0
BRDA:2865,268,0,0
BRDA:2865,268,1,0
BRDA:2869,269,0,0
BRDA:2879,270,0,0
BRDA:2879,270,1,0
BRDA:2898,271,0,0
BRDA:2898,271,1,0
BRDA:2917,272,0,0
BRDA:2918,273,0,0
BRDA:2918,273,1,0
BRDA:2920,274,0,0
BRDA:2920,274,1,0
BRDA:2921,275,0,0
BRDA:2921,275,1,0
BRDA:2924,276,0,0
BRDA:2924,276,1,0
BRDA:2925,277,0,0
BRDA:2925,277,1,0
BRDA:2945,278,0,0
BRDA:2945,278,1,0
BRDA:2946,279,0,0
BRDA:2946,279,1,0
BRDA:2948,280,0,0
BRDA:2948,280,1,0
BRDA:2950,281,0,0
BRDA:2950,281,1,0
BRDA:2956,282,0,0
BRDA:2956,282,1,0
BRDA:2957,283,0,0
BRDA:2957,283,1,0
BRDA:2959,284,0,0
BRDA:2959,284,1,0
BRDA:2961,285,0,0
BRDA:2961,285,1,0
BRDA:2975,286,0,0
BRDA:2975,286,1,0
BRDA:2982,287,0,0
BRDA:2982,287,1,0
BRDA:2991,288,0,0
BRDA:2991,288,1,0
BRDA:2998,289,0,0
BRDA:2998,289,1,0
BRDA:3006,290,0,0
BRDA:3006,290,1,0
BRDA:3009,291,0,0
BRDA:3009,291,1,0
BRDA:3014,292,0,0
BRDA:3014,292,1,0
BRDA:3017,293,0,0
BRDA:3017,293,1,0
BRDA:3026,294,0,0
BRDA:3026,294,1,0
BRDA:3040,295,0,0
BRDA:3040,295,1,0
BRDA:3041,296,0,0
BRDA:3041,296,1,0
BRDA:3045,297,0,0
BRDA:3045,297,1,0
BRDA:3059,298,0,0
BRDA:3059,298,1,0
BRDA:3061,299,0,0
BRDA:3061,299,1,0
BRDA:3066,300,0,0
BRDA:3066,300,1,0
BRDA:3087,301,0,0
BRDA:3087,301,1,0
BRDA:3100,302,0,0
BRDA:3100,302,1,0
BRDA:3155,303,0,0
BRDA:3155,303,1,0
BRDA:3160,304,0,0
BRDA:3160,304,1,0
BRDA:3163,305,0,0
BRDA:3163,305,1,0
BRDA:3172,306,0,0
BRDA:3172,306,1,0
BRDA:3183,307,0,0
BRDA:3183,307,1,0
BRDA:3222,308,0,0
BRDA:3222,308,1,0
BRDA:3227,309,0,0
BRDA:3227,309,1,0
BRDA:3231,310,0,0
BRDA:3231,310,1,0
BRDA:3231,310,2,0
BRDA:3233,311,0,0
BRDA:3233,311,1,0
BRDA:3235,312,0,0
BRDA:3235,312,1,0
BRDA:3236,313,0,0
BRDA:3236,313,1,0
BRDA:3236,314,0,0
BRDA:3236,314,1,0
BRDA:3236,315,0,0
BRDA:3236,315,1,0
BRDA:3240,316,0,0
BRDA:3240,316,1,0
BRDA:3246,317,0,0
BRDA:3246,317,1,0
BRDA:3252,318,0,0
BRDA:3252,318,1,0
BRDA:3252,318,2,0
BRDA:3263,319,0,0
BRDA:3263,319,1,0
BRDA:3263,319,2,0
BRDA:3270,320,0,0
BRDA:3270,320,1,0
BRDA:3292,321,0,0
BRDA:3292,321,1,0
BRDA:3297,322,0,0
BRDA:3297,322,1,0
BRDA:3318,323,0,0
BRDA:3318,323,1,0
BRDA:3327,324,0,0
BRDA:3327,324,1,0
BRDA:3343,325,0,0
BRDA:3343,325,1,0
BRDA:3343,326,0,0
BRDA:3343,326,1,0
BRDA:3356,327,0,0
BRDA:3356,327,1,0
BRDA:3362,328,0,0
BRDA:3362,328,1,0
BRDA:3383,329,0,0
BRDA:3383,329,1,0
BRDA:3384,330,0,0
BRDA:3384,330,1,0
BRDA:3386,331,0,0
BRDA:3386,331,1,0
BRDA:3388,332,0,0
BRDA:3388,332,1,0
BRDA:3398,333,0,0
BRDA:3398,333,1,0
BRDA:3403,334,0,0
BRDA:3403,334,1,0
BRDA:3406,335,0,0
BRDA:3406,335,1,0
BRDA:3415,336,0,0
BRDA:3415,336,1,0
BRDA:3423,337,0,0
BRDA:3423,337,1,0
BRDA:3426,338,0,0
BRDA:3426,338,1,0
BRDA:3431,339,0,0
BRDA:3431,339,1,0
BRDA:3431,339,2,0
BRDA:3432,340,0,0
BRDA:3432,340,1,0
BRDA:3432,340,2,0
BRDA:3433,341,0,0
BRDA:3433,341,1,0
BRDA:3438,342,0,0
BRDA:3438,342,1,0
BRDA:3439,343,0,0
BRDA:3439,343,1,0
BRDA:3439,343,2,0
BRDA:3440,344,0,0
BRDA:3440,344,1,0
BRDA:3484,345,0,0
BRDA:3484,345,1,0
BRDA:3484,345,2,0
BRDA:3484,346,0,0
BRDA:3484,346,1,0
BRDA:3485,347,0,0
BRDA:3485,347,1,0
BRDA:3497,348,0,0
BRDA:3497,348,1,0
BRDA:3502,349,0,0
BRDA:3502,349,1,0
BRDA:3507,350,0,0
BRDA:3507,350,1,0
BRDA:3510,351,0,0
BRDA:3510,351,1,0
BRDA:3520,352,0,0
BRDA:3520,352,1,0
BRDA:3529,353,0,0
BRDA:3529,353,1,0
BRDA:3541,354,0,0
BRDA:3541,354,1,0
BRDA:3541,354,2,0
BRDA:3551,355,0,0
BRDA:3551,355,1,0
BRDA:3574,356,0,0
BRDA:3574,356,1,0
BRDA:3574,356,2,0
BRDA:3578,357,0,0
BRDA:3578,357,1,0
BRDA:3580,358,0,0
BRDA:3580,358,1,0
BRDA:3596,359,0,0
BRDA:3596,359,1,0
BRDA:3607,360,0,0
BRDA:3607,360,1,0
BRDA:3607,361,0,0
BRDA:3607,361,1,0
BRDA:3618,362,0,0
BRDA:3618,362,1,0
BRDA:3618,362,2,0
BRDA:3623,363,0,0
BRDA:3623,363,1,0
BRDA:3638,364,0,0
BRDA:3638,364,1,0
BRDA:3725,365,0,0
BRDA:3725,365,1,0
BRDA:3731,366,0,0
BRDA:3731,366,1,0
BRDA:3737,367,0,0
BRDA:3737,367,1,0
BRDA:3752,368,0,0
BRDA:3752,368,1,0
BRDA:3761,369,0,0
BRDA:3761,369,1,0
BRDA:3777,370,0,0
BRDA:3777,370,1,0
BRDA:3778,371,0,0
BRDA:3778,371,1,0
BRDA:3778,372,0,0
BRDA:3778,372,1,0
BRDA:3781,373,0,0
BRDA:3781,373,1,0
BRDA:3789,374,0,0
BRDA:3789,374,1,0
BRDA:3789,374,2,0
BRDA:3790,375,0,0
BRDA:3790,375,1,0
BRDA:3790,375,2,0
BRDA:3790,376,0,0
BRDA:3790,376,1,0
BRDA:3791,377,0,0
BRDA:3791,377,1,0
BRDA:3792,378,0,0
BRDA:3792,378,1,0
BRDA:3792,378,2,0
BRDA:3811,379,0,0
BRDA:3811,379,1,0
BRDA:3816,380,0,0
BRDA:3816,380,1,0
BRDA:3819,381,0,0
BRDA:3819,381,1,0
BRDA:3828,382,0,0
BRDA:3828,382,1,0
BRDA:3839,383,0,0
BRDA:3839,383,1,0
BRDA:3839,383,2,0
BRDA:3872,384,0,0
BRDA:3872,384,1,0
BRDA:3901,385,0,0
BRDA:3901,385,1,0
BRDA:3955,386,0,0
BRDA:3955,386,1,0
BRDA:3957,387,0,0
BRDA:3957,387,1,0
BRDA:3988,388,0,0
BRDA:3988,388,1,0
BRDA:3996,389,0,0
BRDA:3996,389,1,0
BRDA:4008,390,0,0
BRDA:4008,390,1,0
BRDA:4016,391,0,0
BRDA:4016,391,1,0
BRDA:4024,392,0,0
BRDA:4024,392,1,0
BRDA:4029,393,0,0
BRDA:4029,393,1,0
BRDA:4038,394,0,0
BRDA:4038,394,1,0
BRDA:4053,395,0,0
BRDA:4053,395,1,0
BRDA:4053,395,2,0
BRDA:4056,396,0,0
BRDA:4056,396,1,0
BRDA:4067,397,0,0
BRDA:4067,397,1,0
BRDA:4077,398,0,0
BRDA:4077,398,1,0
BRDA:4087,399,0,0
BRDA:4087,399,1,0
BRDA:4088,400,0,0
BRDA:4088,400,1,0
BRDA:4094,401,0,0
BRDA:4094,401,1,0
BRDA:4101,402,0,0
BRDA:4101,402,1,0
BRDA:4101,402,2,0
BRDA:4104,403,0,0
BRDA:4104,403,1,0
BRDA:4106,404,0,0
BRDA:4106,404,1,0
BRDA:4125,405,0,0
BRDA:4125,405,1,0
BRDA:4131,406,0,0
BRDA:4131,406,1,0
BRDA:4141,407,0,0
BRDA:4141,407,1,0
BRDA:4148,408,0,0
BRDA:4148,408,1,0
BRDA:4148,408,2,0
BRDA:4151,409,0,0
BRDA:4151,409,1,0
BRDA:4153,410,0,0
BRDA:4153,410,1,0
BRDA:4172,411,0,0
BRDA:4172,411,1,0
BRDA:4178,412,0,0
BRDA:4178,412,1,0
BRDA:4189,413,0,0
BRDA:4189,413,1,0
BRDA:4214,414,0,0
BRDA:4214,414,1,0
BRDA:4219,415,0,0
BRDA:4219,415,1,0
BRDA:4224,416,0,0
BRDA:4224,416,1,0
BRDA:4245,417,0,0
BRDA:4245,417,1,0
BRDA:4252,418,0,0
BRDA:4252,418,1,0
BRDA:4252,419,0,0
BRDA:4252,419,1,0
BRDA:4252,419,2,0
BRDA:4254,420,0,0
BRDA:4254,420,1,0
BRDA:4260,421,0,0
BRDA:4260,421,1,0
BRDA:4260,421,2,0
BRDA:4260,421,3,0
BRDA:4260,421,4,0
BRDA:4260,421,5,0
BRDA:4260,421,6,0
BRDA:4260,421,7,0
BRDA:4270,422,0,0
BRDA:4270,422,1,0
BRDA:4302,423,0,0
BRDA:4302,423,1,0
BRDA:4304,424,0,0
BRDA:4304,424,1,0
BRDA:4322,425,0,0
BRDA:4322,425,1,0
BRDA:4325,426,0,0
BRDA:4325,426,1,0
BRDA:4326,427,0,0
BRDA:4326,427,1,0
BRDA:4327,428,0,0
BRDA:4327,428,1,0
BRDA:4328,429,0,0
BRDA:4328,429,1,0
BRDA:4329,430,0,0
BRDA:4329,430,1,0
BRDA:4330,431,0,0
BRDA:4330,431,1,0
BRDA:4331,432,0,0
BRDA:4331,432,1,0
BRDA:4363,433,0,0
BRDA:4363,433,1,0
BRDA:4368,434,0,0
BRDA:4368,434,1,0
BRDA:4371,435,0,0
BRDA:4371,435,1,0
BRDA:4380,436,0,0
BRDA:4380,436,1,0
BRDA:4380,437,0,0
BRDA:4380,437,1,0
BRDA:4383,438,0,0
BRDA:4383,438,1,0
BRDA:4422,439,0,0
BRDA:4422,439,1,0
BRDA:4435,440,0,0
BRDA:4435,440,1,0
BRDA:4451,441,0,0
BRDA:4451,441,1,0
BRDA:4451,441,2,0
BRDA:4461,442,0,0
BRDA:4461,442,1,0
BRDA:4463,443,0,0
BRDA:4463,443,1,0
BRDA:4466,444,0,0
BRDA:4466,444,1,0
BRDA:4466,445,0,0
BRDA:4466,445,1,0
BRDA:4469,446,0,0
BRDA:4469,446,1,0
BRDA:4469,447,0,0
BRDA:4469,447,1,0
BRDA:4473,448,0,0
BRDA:4473,448,1,0
BRDA:4478,449,0,0
BRDA:4478,449,1,0
BRDA:4483,450,0,0
BRDA:4483,450,1,0
BRDA:4483,451,0,0
BRDA:4483,451,1,0
BRDA:4485,452,0,0
BRDA:4485,452,1,0
BRDA:4485,453,0,0
BRDA:4485,453,1,0
BRDA:4488,454,0,0
BRDA:4488,454,1,0
BRDA:4493,455,0,0
BRDA:4493,455,1,0
BRDA:4494,456,0,0
BRDA:4494,456,1,0
BRDA:4511,457,0,0
BRDA:4511,457,1,0
BRDA:4512,458,0,0
BRDA:4512,458,1,0
BRDA:4568,459,0,0
BRDA:4568,459,1,0
BRDA:4576,460,0,0
BRDA:4576,460,1,0
BRDA:4577,461,0,0
BRDA:4577,461,1,0
BRDA:4578,462,0,0
BRDA:4578,462,1,0
BRDA:4579,463,0,0
BRDA:4579,463,1,0
BRDA:4580,464,0,0
BRDA:4580,464,1,0
BRDA:4628,465,0,0
BRDA:4628,465,1,0
BRDA:4628,465,2,0
BRDA:4631,466,0,0
BRDA:4631,466,1,0
BRDA:4633,467,0,0
BRDA:4633,467,1,0
BRDA:4657,468,0,0
BRDA:4657,468,1,0
BRDA:4748,469,0,0
BRDA:4749,470,0,0
BRDA:4751,471,0,0
BRDA:4756,472,0,0
BRDA:4756,472,1,0
BRDA:4762,473,0,0
BRDA:4762,473,1,0
BRDA:4763,474,0,0
BRDA:4763,474,1,0
BRDA:4770,475,0,0
BRDA:4770,475,1,0
BRDA:4785,476,0,0
BRDA:4785,476,1,0
BRDA:4792,477,0,0
BRDA:4792,477,1,0
BRDA:4861,478,0,0
BRDA:4861,478,1,0
BRDA:4861,478,2,0
BRDA:4861,478,3,0
BRDA:4864,479,0,0
BRDA:4864,479,1,0
BRDA:4864,479,2,0
BRDA:4866,480,0,0
BRDA:4866,480,1,0
BRDA:4892,481,0,0
BRDA:4892,481,1,0
BRDA:4907,482,0,0
BRDA:4907,482,1,0
BRDA:4907,482,2,0
BRDA:4909,483,0,0
BRDA:4909,483,1,0
BRDA:4912,484,0,0
BRDA:4912,484,1,0
BRDA:4921,485,0,0
BRDA:4921,485,1,0
BRDA:4935,486,0,0
BRDA:4935,486,1,0
BRDA:4940,487,0,0
BRDA:4940,487,1,0
BRDA:4944,488,0,0
BRDA:4944,488,1,0
BRDA:4944,488,2,0
BRDA:4945,489,0,0
BRDA:4945,489,1,0
BRDA:4947,490,0,0
BRDA:4947,490,1,0
BRDA:4948,491,0,0
BRDA:4948,491,1,0
BRDA:4948,492,0,0
BRDA:4948,492,1,0
BRDA:4948,493,0,0
BRDA:4948,493,1,0
BRDA:4952,494,0,0
BRDA:4952,494,1,0
BRDA:4958,495,0,0
BRDA:4958,495,1,0
BRDA:4958,495,2,0
BRDA:4961,496,0,0
BRDA:4961,496,1,0
BRDA:4965,497,0,0
BRDA:4965,497,1,0
BRDA:4965,497,2,0
BRDA:4989,498,0,0
BRDA:4989,498,1,0
BRDA:4995,499,0,0
BRDA:4995,499,1,0
BRDA:4995,499,2,0
BRDA:4997,500,0,0
BRDA:4997,500,1,0
BRDA:5002,501,0,0
BRDA:5002,501,1,0
BRDA:5009,502,0,0
BRDA:5009,502,1,0
BRDA:5012,503,0,0
BRDA:5012,503,1,0
BRDA:5012,504,0,0
BRDA:5012,504,1,0
BRDA:5015,505,0,0
BRDA:5015,505,1,0
BRDA:5015,506,0,0
BRDA:5015,506,1,0
BRDA:5022,507,0,0
BRDA:5022,507,1,0
BRDA:5029,508,0,0
BRDA:5029,508,1,0
BRDA:5041,509,0,0
BRDA:5047,510,0,0
BRDA:5047,510,1,0
BRDA:5053,511,0,0
BRDA:5053,511,1,0
BRDA:5133,512,0,0
BRDA:5133,512,1,0
BRDA:5146,513,0,0
BRDA:5146,513,1,0
BRDA:5159,514,0,0
BRDA:5159,514,1,0
BRDA:5171,515,0,0
BRDA:5171,515,1,0
BRDA:5184,516,0,0
BRDA:5184,516,1,0
BRDA:5184,516,2,0
BRDA:5184,516,3,0
BRDA:5184,516,4,0
BRDA:5194,517,0,0
BRDA:5194,517,1,0
BRDA:5200,518,0,0
BRDA:5200,518,1,0
BRDA:5206,519,0,0
BRDA:5206,519,1,0
BRDA:5214,520,0,0
BRDA:5214,520,1,0
BRDA:5217,521,0,0
BRDA:5217,521,1,0
BRDA:5225,522,0,0
BRDA:5225,522,1,0
BRDA:5241,523,0,0
BRDA:5241,523,1,0
BRDA:5249,524,0,0
BRDA:5249,524,1,0
BRDA:5321,525,0,0
BRDA:5321,525,1,0
BRDA:5333,526,0,0
BRDA:5333,526,1,0
BRDA:5340,527,0,0
BRDA:5340,527,1,0
BRDA:5345,528,0,0
BRDA:5345,528,1,0
BRDA:5366,529,0,0
BRDA:5366,529,1,0
BRDA:5369,530,0,0
BRDA:5369,530,1,0
BRDA:5410,531,0,0
BRDA:5410,531,1,0
BRDA:5411,532,0,0
BRDA:5411,532,1,0
BRDA:5413,533,0,0
BRDA:5413,533,1,0
BRDA:5414,534,0,0
BRDA:5414,534,1,0
BRDA:5417,535,0,0
BRDA:5417,535,1,0
BRDA:5428,536,0,0
BRDA:5428,536,1,0
BRDA:5428,537,0,0
BRDA:5428,537,1,0
BRDA:5428,537,2,0
BRDA:5441,538,0,0
BRDA:5441,538,1,0
BRDA:5441,539,0,0
BRDA:5441,539,1,0
BRDA:5443,540,0,0
BRDA:5443,540,1,0
BRDA:5445,541,0,0
BRDA:5445,541,1,0
BRDA:5461,542,0,0
BRDA:5461,542,1,0
BRDA:5467,543,0,0
BRDA:5467,543,1,0
BRDA:5473,544,0,0
BRDA:5473,544,1,0
BRDA:5510,545,0,0
BRDA:5510,545,1,0
BRDA:5516,546,0,0
BRDA:5516,546,1,0
BRDA:5527,547,0,0
BRDA:5527,547,1,0
BRDA:5539,548,0,0
BRDA:5539,548,1,0
BRDA:5548,549,0,0
BRDA:5548,549,1,0
BRDA:5556,550,0,0
BRDA:5556,550,1,0
BRDA:5584,551,0,0
BRDA:5584,551,1,0
BRDA:5597,552,0,0
BRDA:5597,552,1,0
BRDA:5603,553,0,0
BRDA:5603,553,1,0
BRDA:5607,554,0,0
BRDA:5607,554,1,0
BRDA:5622,555,0,0
BRDA:5622,555,1,0
BRDA:5637,556,0,0
BRDA:5637,556,1,0
BRDA:5648,557,0,0
BRDA:5648,557,1,0
BRDA:5653,558,0,0
BRDA:5653,558,1,0
BRF:1184
BRH:0
end_of_record
TN:
SF:AppStyles.js
FNF:0
FNH:0
DA:3,0
DA:13,0
LF:2
LH:0
BRF:0
BRH:0
end_of_record
TN:
SF:app.config.js
FNF:0
FNH:0
DA:8,0
DA:11,0
DA:14,0
DA:33,0
DA:36,0
LF:5
LH:0
BRDA:11,0,0,0
BRDA:11,0,1,0
BRDA:11,0,2,0
BRDA:33,1,0,0
BRDA:33,1,1,0
BRDA:37,2,0,0
BRDA:37,2,1,0
BRDA:38,3,0,0
BRDA:38,3,1,0
BRDA:39,4,0,0
BRDA:39,4,1,0
BRF:11
BRH:0
end_of_record
TN:
SF:config.js
FN:9,(anonymous_0)
FNF:1
FNH:0
FNDA:0,(anonymous_0)
DA:9,0
DA:10,0
DA:12,0
DA:20,0
DA:23,0
DA:36,0
DA:39,0
DA:42,0
DA:45,0
DA:48,0
DA:51,0
LF:11
LH:0
BRDA:10,0,0,0
BRDA:10,0,1,0
BRDA:10,0,2,0
BRDA:13,1,0,0
BRDA:13,1,1,0
BRDA:14,2,0,0
BRDA:14,2,1,0
BRDA:15,3,0,0
BRDA:15,3,1,0
BRDA:16,4,0,0
BRDA:16,4,1,0
BRF:11
BRH:0
end_of_record
TN:
SF:metro.config.js
FNF:0
FNH:0
DA:2,0
DA:5,0
DA:8,0
DA:10,0
LF:4
LH:0
BRF:0
BRH:0
end_of_record
TN:
SF:mock-api-server.js
FN:26,(anonymous_0)
FN:34,(anonymous_1)
FN:42,(anonymous_2)
FN:55,(anonymous_3)
FN:61,(anonymous_4)
FN:65,(anonymous_5)
FN:77,(anonymous_6)
FN:84,(anonymous_7)
FN:93,(anonymous_8)
FN:96,(anonymous_9)
FN:106,(anonymous_10)
FN:112,(anonymous_11)
FN:126,(anonymous_12)
FN:134,(anonymous_13)
FN:144,(anonymous_14)
FN:150,(anonymous_15)
FN:162,(anonymous_16)
FN:195,(anonymous_17)
FN:197,(anonymous_18)
FN:212,(anonymous_19)
FN:267,(anonymous_20)
FN:275,(anonymous_21)
FN:289,(anonymous_22)
FN:360,(anonymous_23)
FN:365,(anonymous_24)
FN:377,(anonymous_25)
FN:395,(anonymous_26)
FN:400,(anonymous_27)
FN:439,(anonymous_28)
FN:445,(anonymous_29)
FN:485,(anonymous_30)
FN:491,(anonymous_31)
FN:513,(anonymous_32)
FN:518,(anonymous_33)
FN:531,(anonymous_34)
FN:549,(anonymous_35)
FN:558,(anonymous_36)
FN:568,(anonymous_37)
FN:599,(anonymous_38)
FN:604,(anonymous_39)
FN:612,(anonymous_40)
FN:624,(anonymous_41)
FN:649,(anonymous_42)
FN:654,(anonymous_43)
FN:666,(anonymous_44)
FN:680,(anonymous_45)
FN:722,(anonymous_46)
FN:730,(anonymous_47)
FN:777,(anonymous_48)
FN:790,(anonymous_49)
FN:796,(anonymous_50)
FN:805,(anonymous_51)
FN:811,(anonymous_52)
FN:817,(anonymous_53)
FN:818,(anonymous_54)
FN:830,(anonymous_55)
FN:845,(anonymous_56)
FN:852,(anonymous_57)
FN:875,(anonymous_58)
FN:876,(anonymous_59)
FN:888,(anonymous_60)
FN:903,(anonymous_61)
FN:910,(anonymous_62)
FN:933,(anonymous_63)
FN:942,(anonymous_64)
FN:948,(anonymous_65)
FN:956,(anonymous_66)
FN:970,(anonymous_67)
FNF:68
FNH:0
FNDA:0,(anonymous_0)
FNDA:0,(anonymous_1)
FNDA:0,(anonymous_2)
FNDA:0,(anonymous_3)
FNDA:0,(anonymous_4)
FNDA:0,(anonymous_5)
FNDA:0,(anonymous_6)
FNDA:0,(anonymous_7)
FNDA:0,(anonymous_8)
FNDA:0,(anonymous_9)
FNDA:0,(anonymous_10)
FNDA:0,(anonymous_11)
FNDA:0,(anonymous_12)
FNDA:0,(anonymous_13)
FNDA:0,(anonymous_14)
FNDA:0,(anonymous_15)
FNDA:0,(anonymous_16)
FNDA:0,(anonymous_17)
FNDA:0,(anonymous_18)
FNDA:0,(anonymous_19)
FNDA:0,(anonymous_20)
FNDA:0,(anonymous_21)
FNDA:0,(anonymous_22)
FNDA:0,(anonymous_23)
FNDA:0,(anonymous_24)
FNDA:0,(anonymous_25)
FNDA:0,(anonymous_26)
FNDA:0,(anonymous_27)
FNDA:0,(anonymous_28)
FNDA:0,(anonymous_29)
FNDA:0,(anonymous_30)
FNDA:0,(anonymous_31)
FNDA:0,(anonymous_32)
FNDA:0,(anonymous_33)
FNDA:0,(anonymous_34)
FNDA:0,(anonymous_35)
FNDA:0,(anonymous_36)
FNDA:0,(anonymous_37)
FNDA:0,(anonymous_38)
FNDA:0,(anonymous_39)
FNDA:0,(anonymous_40)
FNDA:0,(anonymous_41)
FNDA:0,(anonymous_42)
FNDA:0,(anonymous_43)
FNDA:0,(anonymous_44)
FNDA:0,(anonymous_45)
FNDA:0,(anonymous_46)
FNDA:0,(anonymous_47)
FNDA:0,(anonymous_48)
FNDA:0,(anonymous_49)
FNDA:0,(anonymous_50)
FNDA:0,(anonymous_51)
FNDA:0,(anonymous_52)
FNDA:0,(anonymous_53)
FNDA:0,(anonymous_54)
FNDA:0,(anonymous_55)
FNDA:0,(anonymous_56)
FNDA:0,(anonymous_57)
FNDA:0,(anonymous_58)
FNDA:0,(anonymous_59)
FNDA:0,(anonymous_60)
FNDA:0,(anonymous_61)
FNDA:0,(anonymous_62)
FNDA:0,(anonymous_63)
FNDA:0,(anonymous_64)
FNDA:0,(anonymous_65)
FNDA:0,(anonymous_66)
FNDA:0,(anonymous_67)
DA:11,0
DA:12,0
DA:13,0
DA:15,0
DA:16,0
DA:20,0
DA:26,0
DA:27,0
DA:28,0
DA:30,0
DA:34,0
DA:35,0
DA:36,0
DA:38,0
DA:42,0
DA:43,0
DA:44,0
DA:45,0
DA:47,0
DA:48,0
DA:50,0
DA:55,0
DA:56,0
DA:57,0
DA:61,0
DA:62,0
DA:65,0
DA:68,0
DA:70,0
DA:77,0
DA:78,0
DA:80,0
DA:81,0
DA:84,0
DA:86,0
DA:93,0
DA:94,0
DA:96,0
DA:98,0
DA:106,0
DA:107,0
DA:108,0
DA:109,0
DA:112,0
DA:113,0
DA:126,0
DA:127,0
DA:128,0
DA:129,0
DA:132,0
DA:134,0
DA:136,0
DA:144,0
DA:145,0
DA:146,0
DA:147,0
DA:150,0
DA:151,0
DA:162,0
DA:163,0
DA:164,0
DA:165,0
DA:168,0
DA:169,0
DA:170,0
DA:172,0
DA:195,0
DA:197,0
DA:198,0
DA:212,0
DA:213,0
DA:214,0
DA:215,0
DA:218,0
DA:219,0
DA:220,0
DA:222,0
DA:265,0
DA:266,0
DA:267,0
DA:271,0
DA:272,0
DA:273,0
DA:275,0
DA:276,0
DA:289,0
DA:290,0
DA:291,0
DA:292,0
DA:295,0
DA:296,0
DA:299,0
DA:354,0
DA:356,0
DA:357,0
DA:360,0
DA:361,0
DA:365,0
DA:366,0
DA:367,0
DA:368,0
DA:371,0
DA:373,0
DA:374,0
DA:377,0
DA:379,0
DA:395,0
DA:396,0
DA:397,0
DA:400,0
DA:401,0
DA:402,0
DA:403,0
DA:406,0
DA:439,0
DA:440,0
DA:445,0
DA:446,0
DA:447,0
DA:448,0
DA:449,0
DA:450,0
DA:453,0
DA:454,0
DA:455,0
DA:458,0
DA:459,0
DA:460,0
DA:461,0
DA:462,0
DA:484,0
DA:485,0
DA:486,0
DA:491,0
DA:492,0
DA:493,0
DA:494,0
DA:497,0
DA:499,0
DA:513,0
DA:514,0
DA:518,0
DA:519,0
DA:520,0
DA:521,0
DA:524,0
DA:525,0
DA:527,0
DA:528,0
DA:531,0
DA:533,0
DA:549,0
DA:550,0
DA:551,0
DA:552,0
DA:555,0
DA:556,0
DA:558,0
DA:560,0
DA:568,0
DA:569,0
DA:570,0
DA:571,0
DA:574,0
DA:599,0
DA:600,0
DA:604,0
DA:605,0
DA:606,0
DA:607,0
DA:610,0
DA:612,0
DA:614,0
DA:624,0
DA:625,0
DA:626,0
DA:627,0
DA:630,0
DA:649,0
DA:650,0
DA:654,0
DA:655,0
DA:656,0
DA:657,0
DA:660,0
DA:662,0
DA:663,0
DA:666,0
DA:668,0
DA:680,0
DA:681,0
DA:682,0
DA:683,0
DA:686,0
DA:687,0
DA:688,0
DA:689,0
DA:691,0
DA:723,0
DA:724,0
DA:725,0
DA:726,0
DA:727,0
DA:730,0
DA:731,0
DA:737,0
DA:777,0
DA:778,0
DA:779,0
DA:780,0
DA:782,0
DA:783,0
DA:784,0
DA:785,0
DA:788,0
DA:790,0
DA:791,0
DA:796,0
DA:797,0
DA:798,0
DA:799,0
DA:802,0
DA:803,0
DA:805,0
DA:807,0
DA:808,0
DA:811,0
DA:812,0
DA:817,0
DA:818,0
DA:819,0
DA:820,0
DA:821,0
DA:822,0
DA:824,0
DA:826,0
DA:828,0
DA:831,0
DA:832,0
DA:833,0
DA:834,0
DA:838,0
DA:839,0
DA:840,0
DA:843,0
DA:845,0
DA:848,0
DA:849,0
DA:851,0
DA:852,0
DA:865,0
DA:867,0
DA:869,0
DA:870,0
DA:875,0
DA:876,0
DA:877,0
DA:878,0
DA:879,0
DA:880,0
DA:882,0
DA:884,0
DA:886,0
DA:889,0
DA:890,0
DA:891,0
DA:892,0
DA:896,0
DA:897,0
DA:898,0
DA:901,0
DA:903,0
DA:906,0
DA:907,0
DA:909,0
DA:910,0
DA:923,0
DA:925,0
DA:927,0
DA:928,0
DA:933,0
DA:934,0
DA:935,0
DA:936,0
DA:939,0
DA:940,0
DA:942,0
DA:944,0
DA:945,0
DA:948,0
DA:950,0
DA:952,0
DA:956,0
DA:957,0
DA:958,0
DA:959,0
DA:960,0
DA:961,0
DA:962,0
DA:970,0
DA:971,0
DA:972,0
DA:973,0
DA:974,0
DA:975,0
DA:976,0
DA:977,0
DA:978,0
DA:979,0
DA:980,0
LF:310
LH:0
BRDA:16,0,0,0
BRDA:16,0,1,0
BRDA:27,1,0,0
BRDA:27,1,1,0
BRDA:27,2,0,0
BRDA:27,2,1,0
BRDA:35,3,0,0
BRDA:35,3,1,0
BRDA:35,4,0,0
BRDA:35,4,1,0
BRDA:47,5,0,0
BRDA:47,5,1,0
BRDA:68,6,0,0
BRDA:68,6,1,0
BRDA:68,7,0,0
BRDA:68,7,1,0
BRDA:80,8,0,0
BRDA:80,8,1,0
BRDA:108,9,0,0
BRDA:108,9,1,0
BRDA:108,10,0,0
BRDA:108,10,1,0
BRDA:128,11,0,0
BRDA:128,11,1,0
BRDA:128,12,0,0
BRDA:128,12,1,0
BRDA:146,13,0,0
BRDA:146,13,1,0
BRDA:146,14,0,0
BRDA:146,14,1,0
BRDA:164,15,0,0
BRDA:164,15,1,0
BRDA:164,16,0,0
BRDA:164,16,1,0
BRDA:168,17,0,0
BRDA:168,17,1,0
BRDA:169,18,0,0
BRDA:169,18,1,0
BRDA:170,19,0,0
BRDA:170,19,1,0
BRDA:195,20,0,0
BRDA:195,20,1,0
BRDA:214,21,0,0
BRDA:214,21,1,0
BRDA:214,22,0,0
BRDA:214,22,1,0
BRDA:218,23,0,0
BRDA:218,23,1,0
BRDA:219,24,0,0
BRDA:219,24,1,0
BRDA:266,25,0,0
BRDA:266,25,1,0
BRDA:291,26,0,0
BRDA:291,26,1,0
BRDA:291,27,0,0
BRDA:291,27,1,0
BRDA:356,28,0,0
BRDA:356,28,1,0
BRDA:367,29,0,0
BRDA:367,29,1,0
BRDA:367,30,0,0
BRDA:367,30,1,0
BRDA:373,31,0,0
BRDA:373,31,1,0
BRDA:384,32,0,0
BRDA:384,32,1,0
BRDA:402,33,0,0
BRDA:402,33,1,0
BRDA:402,34,0,0
BRDA:402,34,1,0
BRDA:448,35,0,0
BRDA:448,35,1,0
BRDA:448,36,0,0
BRDA:448,36,1,0
BRDA:454,37,0,0
BRDA:454,37,1,0
BRDA:465,38,0,0
BRDA:465,38,1,0
BRDA:467,39,0,0
BRDA:467,39,1,0
BRDA:469,40,0,0
BRDA:469,40,1,0
BRDA:471,41,0,0
BRDA:471,41,1,0
BRDA:474,42,0,0
BRDA:474,42,1,0
BRDA:476,43,0,0
BRDA:476,43,1,0
BRDA:477,44,0,0
BRDA:477,44,1,0
BRDA:493,45,0,0
BRDA:493,45,1,0
BRDA:493,46,0,0
BRDA:493,46,1,0
BRDA:520,47,0,0
BRDA:520,47,1,0
BRDA:520,48,0,0
BRDA:520,48,1,0
BRDA:527,49,0,0
BRDA:527,49,1,0
BRDA:551,50,0,0
BRDA:551,50,1,0
BRDA:551,51,0,0
BRDA:551,51,1,0
BRDA:563,52,0,0
BRDA:563,52,1,0
BRDA:570,53,0,0
BRDA:570,53,1,0
BRDA:570,54,0,0
BRDA:570,54,1,0
BRDA:606,55,0,0
BRDA:606,55,1,0
BRDA:606,56,0,0
BRDA:606,56,1,0
BRDA:626,57,0,0
BRDA:626,57,1,0
BRDA:626,58,0,0
BRDA:626,58,1,0
BRDA:656,59,0,0
BRDA:656,59,1,0
BRDA:656,60,0,0
BRDA:656,60,1,0
BRDA:662,61,0,0
BRDA:662,61,1,0
BRDA:662,62,0,0
BRDA:662,62,1,0
BRDA:673,63,0,0
BRDA:673,63,1,0
BRDA:682,64,0,0
BRDA:682,64,1,0
BRDA:682,65,0,0
BRDA:682,65,1,0
BRDA:686,66,0,0
BRDA:686,66,1,0
BRDA:687,67,0,0
BRDA:687,67,1,0
BRDA:688,68,0,0
BRDA:688,68,1,0
BRDA:723,69,0,0
BRDA:723,69,1,0
BRDA:723,70,0,0
BRDA:723,70,1,0
BRDA:724,71,0,0
BRDA:724,71,1,0
BRDA:724,72,0,0
BRDA:724,72,1,0
BRDA:725,73,0,0
BRDA:725,73,1,0
BRDA:725,74,0,0
BRDA:725,74,1,0
BRDA:726,75,0,0
BRDA:726,75,1,0
BRDA:726,76,0,0
BRDA:726,76,1,0
BRDA:783,77,0,0
BRDA:783,77,1,0
BRDA:783,78,0,0
BRDA:783,78,1,0
BRDA:798,79,0,0
BRDA:798,79,1,0
BRDA:798,80,0,0
BRDA:798,80,1,0
BRDA:807,81,0,0
BRDA:807,81,1,0
BRDA:819,82,0,0
BRDA:819,82,1,0
BRDA:820,83,0,0
BRDA:820,83,1,0
BRDA:821,84,0,0
BRDA:821,84,1,0
BRDA:833,85,0,0
BRDA:833,85,1,0
BRDA:833,86,0,0
BRDA:833,86,1,0
BRDA:838,87,0,0
BRDA:838,87,1,0
BRDA:839,88,0,0
BRDA:839,88,1,0
BRDA:839,89,0,0
BRDA:839,89,1,0
BRDA:840,90,0,0
BRDA:840,90,1,0
BRDA:848,91,0,0
BRDA:848,91,1,0
BRDA:849,92,0,0
BRDA:849,92,1,0
BRDA:849,93,0,0
BRDA:849,93,1,0
BRDA:852,94,0,0
BRDA:852,94,1,0
BRDA:877,95,0,0
BRDA:877,95,1,0
BRDA:878,96,0,0
BRDA:878,96,1,0
BRDA:879,97,0,0
BRDA:879,97,1,0
BRDA:891,98,0,0
BRDA:891,98,1,0
BRDA:891,99,0,0
BRDA:891,99,1,0
BRDA:896,100,0,0
BRDA:896,100,1,0
BRDA:897,101,0,0
BRDA:897,101,1,0
BRDA:897,102,0,0
BRDA:897,102,1,0
BRDA:898,103,0,0
BRDA:898,103,1,0
BRDA:906,104,0,0
BRDA:906,104,1,0
BRDA:907,105,0,0
BRDA:907,105,1,0
BRDA:910,106,0,0
BRDA:910,106,1,0
BRDA:935,107,0,0
BRDA:935,107,1,0
BRDA:935,108,0,0
BRDA:935,108,1,0
BRDA:944,109,0,0
BRDA:944,109,1,0
BRF:220
BRH:0
end_of_record
TN:
SF:proxy-server.js
FN:28,(anonymous_0)
FN:48,(anonymous_1)
FN:69,(anonymous_2)
FN:74,(anonymous_3)
FN:107,(anonymous_4)
FNF:5
FNH:0
FNDA:0,(anonymous_0)
FNDA:0,(anonymous_1)
FNDA:0,(anonymous_2)
FNDA:0,(anonymous_3)
FNDA:0,(anonymous_4)
DA:16,0
DA:17,0
DA:18,0
DA:20,0
DA:21,0
DA:22,0
DA:25,0
DA:28,0
DA:29,0
DA:30,0
DA:31,0
DA:33,0
DA:34,0
DA:36,0
DA:41,0
DA:49,0
DA:50,0
DA:53,0
DA:54,0
DA:55,0
DA:56,0
DA:58,0
DA:59,0
DA:60,0
DA:62,0
DA:70,0
DA:71,0
DA:72,0
DA:75,0
DA:84,0
DA:85,0
DA:87,0
DA:88,0
DA:89,0
DA:90,0
DA:91,0
DA:92,0
DA:93,0
DA:94,0
DA:95,0
DA:98,0
DA:107,0
DA:108,0
DA:109,0
DA:110,0
DA:111,0
DA:112,0
DA:113,0
DA:114,0
DA:115,0
DA:116,0
DA:117,0
DA:118,0
DA:119,0
DA:120,0
DA:121,0
LF:56
LH:0
BRDA:21,0,0,0
BRDA:21,0,1,0
BRDA:22,1,0,0
BRDA:22,1,1,0
BRDA:33,2,0,0
BRDA:33,2,1,0
BRDA:53,3,0,0
BRDA:53,3,1,0
BRDA:53,4,0,0
BRDA:53,4,1,0
BRDA:56,5,0,0
BRDA:56,5,1,0
BRDA:56,6,0,0
BRDA:56,6,1,0
BRDA:59,7,0,0
BRDA:59,7,1,0
BRDA:71,8,0,0
BRDA:71,8,1,0
BRDA:87,9,0,0
BRDA:87,9,1,0
BRDA:87,10,0,0
BRDA:87,10,1,0
BRDA:90,11,0,0
BRDA:90,11,1,0
BRDA:93,12,0,0
BRDA:93,12,1,0
BRF:26
BRH:0
end_of_record
TN:
SF:components/ErrorBoundary.js
FN:9,(anonymous_0)
FN:14,(anonymous_1)
FN:19,(anonymous_2)
FN:32,(anonymous_3)
FN:41,(anonymous_4)
FNF:5
FNH:0
FNDA:0,(anonymous_0)
FNDA:0,(anonymous_1)
FNDA:0,(anonymous_2)
FNDA:0,(anonymous_3)
FNDA:0,(anonymous_4)
DA:10,0
DA:11,0
DA:16,0
DA:21,0
DA:23,0
DA:32,0
DA:33,0
DA:36,0
DA:37,0
DA:42,0
DA:44,0
DA:45,0
DA:49,0
DA:100,0
DA:104,0
LF:15
LH:0
BRDA:36,0,0,0
BRDA:36,0,1,0
BRDA:42,1,0,0
BRDA:42,1,1,0
BRDA:44,2,0,0
BRDA:44,2,1,0
BRDA:62,3,0,0
BRDA:62,3,1,0
BRDA:62,3,2,0
BRDA:68,4,0,0
BRDA:68,4,1,0
BRDA:84,5,0,0
BRDA:84,5,1,0
BRF:13
BRH:0
end_of_record
TN:
SF:components/ErrorDisplay.js
FN:8,(anonymous_0)
FN:66,(anonymous_1)
FNF:2
FNH:0
FNDA:0,(anonymous_0)
FNDA:0,(anonymous_1)
DA:8,0
DA:16,0
DA:18,0
DA:66,0
DA:67,0
DA:69,0
DA:77,0
LF:7
LH:0
BRDA:14,0,0,0
BRDA:16,1,0,0
BRDA:16,1,1,0
BRDA:16,1,2,0
BRDA:20,2,0,0
BRDA:20,2,1,0
BRDA:29,3,0,0
BRDA:29,3,1,0
BRDA:36,4,0,0
BRDA:36,4,1,0
BRDA:47,5,0,0
BRDA:47,5,1,0
BRDA:67,6,0,0
BRDA:67,6,1,0
BRF:14
BRH:0
end_of_record
TN:
SF:hooks/useChats.js
FN:18,(anonymous_0)
FN:23,(anonymous_1)
FN:39,(anonymous_2)
FN:44,(anonymous_3)
FN:59,(anonymous_4)
FN:64,(anonymous_5)
FN:73,(anonymous_6)
FN:94,(anonymous_7)
FN:99,(anonymous_8)
FN:127,(anonymous_9)
FN:141,(anonymous_10)
FN:148,(anonymous_11)
FN:152,(anonymous_12)
FN:157,(anonymous_13)
FN:160,(anonymous_14)
FN:179,(anonymous_15)
FN:180,(anonymous_16)
FN:196,(anonymous_17)
FN:212,(anonymous_18)
FN:213,(anonymous_19)
FN:245,(anonymous_20)
FN:256,(anonymous_21)
FN:282,(anonymous_22)
FN:285,(anonymous_23)
FN:290,(anonymous_24)
FN:306,(anonymous_25)
FN:313,(anonymous_26)
FN:326,(anonymous_27)
FN:330,(anonymous_28)
FN:334,(anonymous_29)
FNF:30
FNH:0
FNDA:0,(anonymous_0)
FNDA:0,(anonymous_1)
FNDA:0,(anonymous_2)
FNDA:0,(anonymous_3)
FNDA:0,(anonymous_4)
FNDA:0,(anonymous_5)
FNDA:0,(anonymous_6)
FNDA:0,(anonymous_7)
FNDA:0,(anonymous_8)
FNDA:0,(anonymous_9)
FNDA:0,(anonymous_10)
FNDA:0,(anonymous_11)
FNDA:0,(anonymous_12)
FNDA:0,(anonymous_13)
FNDA:0,(anonymous_14)
FNDA:0,(anonymous_15)
FNDA:0,(anonymous_16)
FNDA:0,(anonymous_17)
FNDA:0,(anonymous_18)
FNDA:0,(anonymous_19)
FNDA:0,(anonymous_20)
FNDA:0,(anonymous_21)
FNDA:0,(anonymous_22)
FNDA:0,(anonymous_23)
FNDA:0,(anonymous_24)
FNDA:0,(anonymous_25)
FNDA:0,(anonymous_26)
FNDA:0,(anonymous_27)
FNDA:0,(anonymous_28)
FNDA:0,(anonymous_29)
DA:18,0
DA:19,0
DA:21,0
DA:24,0
DA:25,0
DA:39,0
DA:40,0
DA:42,0
DA:45,0
DA:46,0
DA:59,0
DA:60,0
DA:62,0
DA:65,0
DA:69,0
DA:70,0
DA:75,0
DA:76,0
DA:78,0
DA:79,0
DA:81,0
DA:94,0
DA:95,0
DA:97,0
DA:101,0
DA:103,0
DA:105,0
DA:108,0
DA:110,0
DA:113,0
DA:114,0
DA:115,0
DA:117,0
DA:128,0
DA:129,0
DA:130,0
DA:132,0
DA:141,0
DA:142,0
DA:145,0
DA:147,0
DA:149,0
DA:150,0
DA:154,0
DA:157,0
DA:158,0
DA:160,0
DA:162,0
DA:163,0
DA:172,0
DA:173,0
DA:175,0
DA:179,0
DA:180,0
DA:182,0
DA:183,0
DA:192,0
DA:195,0
DA:196,0
DA:197,0
DA:198,0
DA:206,0
DA:207,0
DA:209,0
DA:212,0
DA:213,0
DA:215,0
DA:216,0
DA:228,0
DA:232,0
DA:236,0
DA:237,0
DA:240,0
DA:241,0
DA:242,0
DA:245,0
DA:246,0
DA:251,0
DA:253,0
DA:258,0
DA:259,0
DA:262,0
DA:263,0
DA:264,0
DA:268,0
DA:282,0
DA:283,0
DA:285,0
DA:286,0
DA:287,0
DA:289,0
DA:290,0
DA:291,0
DA:292,0
DA:294,0
DA:297,0
DA:298,0
DA:301,0
DA:302,0
DA:303,0
DA:306,0
DA:307,0
DA:311,0
DA:315,0
DA:316,0
DA:317,0
DA:326,0
DA:327,0
DA:329,0
DA:331,0
DA:332,0
DA:336,0
DA:338,0
DA:340,0
LF:114
LH:0
BRDA:18,0,0,0
BRDA:18,1,0,0
BRDA:28,2,0,0
BRDA:28,2,1,0
BRDA:29,3,0,0
BRDA:29,3,1,0
BRDA:32,4,0,0
BRDA:32,4,1,0
BRDA:39,5,0,0
BRDA:48,6,0,0
BRDA:48,6,1,0
BRDA:49,7,0,0
BRDA:49,7,1,0
BRDA:50,8,0,0
BRDA:50,8,1,0
BRDA:59,9,0,0
BRDA:59,10,0,0
BRDA:64,11,0,0
BRDA:72,12,0,0
BRDA:72,12,1,0
BRDA:75,13,0,0
BRDA:75,13,1,0
BRDA:75,14,0,0
BRDA:75,14,1,0
BRDA:78,15,0,0
BRDA:78,15,1,0
BRDA:78,16,0,0
BRDA:78,16,1,0
BRDA:78,16,2,0
BRDA:84,17,0,0
BRDA:84,17,1,0
BRDA:85,18,0,0
BRDA:85,18,1,0
BRDA:94,19,0,0
BRDA:94,20,0,0
BRDA:113,21,0,0
BRDA:113,21,1,0
BRDA:120,22,0,0
BRDA:120,22,1,0
BRDA:121,23,0,0
BRDA:121,23,1,0
BRDA:122,24,0,0
BRDA:122,24,1,0
BRDA:125,25,0,0
BRDA:125,25,1,0
BRDA:141,26,0,0
BRDA:154,27,0,0
BRDA:154,27,1,0
BRDA:158,28,0,0
BRDA:158,28,1,0
BRDA:162,29,0,0
BRDA:162,29,1,0
BRDA:162,30,0,0
BRDA:162,30,1,0
BRDA:165,31,0,0
BRDA:165,31,1,0
BRDA:172,32,0,0
BRDA:172,32,1,0
BRDA:179,33,0,0
BRDA:179,33,1,0
BRDA:182,34,0,0
BRDA:182,34,1,0
BRDA:182,35,0,0
BRDA:182,35,1,0
BRDA:182,35,2,0
BRDA:185,36,0,0
BRDA:185,36,1,0
BRDA:195,37,0,0
BRDA:195,37,1,0
BRDA:195,38,0,0
BRDA:195,38,1,0
BRDA:197,39,0,0
BRDA:197,39,1,0
BRDA:197,40,0,0
BRDA:197,40,1,0
BRDA:200,41,0,0
BRDA:200,41,1,0
BRDA:206,42,0,0
BRDA:206,42,1,0
BRDA:212,43,0,0
BRDA:212,43,1,0
BRDA:215,44,0,0
BRDA:215,44,1,0
BRDA:215,45,0,0
BRDA:215,45,1,0
BRDA:215,45,2,0
BRDA:220,46,0,0
BRDA:220,46,1,0
BRDA:232,47,0,0
BRDA:232,47,1,0
BRDA:241,48,0,0
BRDA:241,48,1,0
BRDA:242,49,0,0
BRDA:242,49,1,0
BRDA:244,50,0,0
BRDA:244,50,1,0
BRDA:263,51,0,0
BRDA:263,51,1,0
BRDA:271,52,0,0
BRDA:271,52,1,0
BRDA:273,53,0,0
BRDA:273,53,1,0
BRDA:283,54,0,0
BRDA:283,54,1,0
BRDA:285,55,0,0
BRDA:285,55,1,0
BRDA:285,55,2,0
BRDA:286,56,0,0
BRDA:286,56,1,0
BRDA:289,57,0,0
BRDA:289,57,1,0
BRDA:289,58,0,0
BRDA:289,58,1,0
BRDA:290,59,0,0
BRDA:290,59,1,0
BRDA:290,59,2,0
BRDA:291,60,0,0
BRDA:291,60,1,0
BRDA:302,61,0,0
BRDA:302,61,1,0
BRDA:303,62,0,0
BRDA:303,62,1,0
BRDA:305,63,0,0
BRDA:305,63,1,0
BRDA:315,64,0,0
BRDA:315,64,1,0
BRDA:316,65,0,0
BRDA:316,65,1,0
BRF:128
BRH:0
end_of_record
TN:
SF:hooks/useDocuments.js
FN:14,(anonymous_0)
FN:19,(anonymous_1)
FN:47,(anonymous_2)
FN:50,(anonymous_3)
FN:78,(anonymous_4)
FN:82,(anonymous_5)
FN:85,(anonymous_6)
FN:93,(anonymous_7)
FN:102,(anonymous_8)
FN:106,(anonymous_9)
FN:109,(anonymous_10)
FN:117,(anonymous_11)
FN:126,(anonymous_12)
FN:130,(anonymous_13)
FN:133,(anonymous_14)
FN:141,(anonymous_15)
FN:142,(anonymous_16)
FN:147,(anonymous_17)
FN:153,(anonymous_18)
FN:159,(anonymous_19)
FNF:20
FNH:0
FNDA:0,(anonymous_0)
FNDA:0,(anonymous_1)
FNDA:0,(anonymous_2)
FNDA:0,(anonymous_3)
FNDA:0,(anonymous_4)
FNDA:0,(anonymous_5)
FNDA:0,(anonymous_6)
FNDA:0,(anonymous_7)
FNDA:0,(anonymous_8)
FNDA:0,(anonymous_9)
FNDA:0,(anonymous_10)
FNDA:0,(anonymous_11)
FNDA:0,(anonymous_12)
FNDA:0,(anonymous_13)
FNDA:0,(anonymous_14)
FNDA:0,(anonymous_15)
FNDA:0,(anonymous_16)
FNDA:0,(anonymous_17)
FNDA:0,(anonymous_18)
FNDA:0,(anonymous_19)
DA:14,0
DA:15,0
DA:17,0
DA:20,0
DA:21,0
DA:22,0
DA:24,0
DA:25,0
DA:29,0
DA:30,0
DA:33,0
DA:47,0
DA:48,0
DA:51,0
DA:52,0
DA:53,0
DA:55,0
DA:56,0
DA:60,0
DA:61,0
DA:64,0
DA:78,0
DA:79,0
DA:81,0
DA:83,0
DA:87,0
DA:89,0
DA:90,0
DA:94,0
DA:102,0
DA:103,0
DA:105,0
DA:107,0
DA:111,0
DA:113,0
DA:114,0
DA:118,0
DA:126,0
DA:127,0
DA:129,0
DA:131,0
DA:135,0
DA:138,0
DA:141,0
DA:142,0
DA:145,0
DA:149,0
DA:150,0
DA:155,0
DA:157,0
DA:161,0
LF:51
LH:0
BRDA:14,0,0,0
BRDA:25,1,0,0
BRDA:25,1,1,0
BRDA:27,2,0,0
BRDA:27,2,1,0
BRDA:29,3,0,0
BRDA:29,3,1,0
BRDA:29,4,0,0
BRDA:29,4,1,0
BRDA:36,5,0,0
BRDA:36,5,1,0
BRDA:37,6,0,0
BRDA:37,6,1,0
BRDA:38,7,0,0
BRDA:38,7,1,0
BRDA:47,8,0,0
BRDA:56,9,0,0
BRDA:56,9,1,0
BRDA:58,10,0,0
BRDA:58,10,1,0
BRDA:60,11,0,0
BRDA:60,11,1,0
BRDA:60,12,0,0
BRDA:60,12,1,0
BRDA:67,13,0,0
BRDA:67,13,1,0
BRDA:67,13,2,0
BRDA:68,14,0,0
BRDA:68,14,1,0
BRDA:69,15,0,0
BRDA:69,15,1,0
BRDA:82,16,0,0
BRDA:89,17,0,0
BRDA:89,17,1,0
BRDA:106,18,0,0
BRDA:113,19,0,0
BRDA:113,19,1,0
BRDA:142,20,0,0
BRDA:142,20,1,0
BRDA:149,21,0,0
BRDA:149,21,1,0
BRF:41
BRH:0
end_of_record
TN:
SF:hooks/useJobs.js
FN:7,(anonymous_0)
FN:12,(anonymous_1)
FN:27,(anonymous_2)
FN:32,(anonymous_3)
FN:47,(anonymous_4)
FN:51,(anonymous_5)
FN:55,(anonymous_6)
FN:69,(anonymous_7)
FN:74,(anonymous_8)
FN:89,(anonymous_9)
FN:94,(anonymous_10)
FNF:11
FNH:0
FNDA:0,(anonymous_0)
FNDA:0,(anonymous_1)
FNDA:0,(anonymous_2)
FNDA:0,(anonymous_3)
FNDA:0,(anonymous_4)
FNDA:0,(anonymous_5)
FNDA:0,(anonymous_6)
FNDA:0,(anonymous_7)
FNDA:0,(anonymous_8)
FNDA:0,(anonymous_9)
FNDA:0,(anonymous_10)
DA:7,0
DA:8,0
DA:10,0
DA:13,0
DA:14,0
DA:27,0
DA:28,0
DA:30,0
DA:33,0
DA:34,0
DA:47,0
DA:48,0
DA:50,0
DA:52,0
DA:53,0
DA:57,0
DA:59,0
DA:61,0
DA:69,0
DA:70,0
DA:72,0
DA:75,0
DA:76,0
DA:89,0
DA:90,0
DA:92,0
DA:95,0
DA:96,0
LF:28
LH:0
BRDA:7,0,0,0
BRDA:7,1,0,0
BRDA:17,2,0,0
BRDA:17,2,1,0
BRDA:18,3,0,0
BRDA:18,3,1,0
BRDA:27,4,0,0
BRDA:36,5,0,0
BRDA:36,5,1,0
BRDA:37,6,0,0
BRDA:37,6,1,0
BRDA:38,7,0,0
BRDA:38,7,1,0
BRDA:69,8,0,0
BRDA:69,9,0,0
BRDA:79,10,0,0
BRDA:79,10,1,0
BRDA:80,11,0,0
BRDA:80,11,1,0
BRDA:89,12,0,0
BRDA:98,13,0,0
BRDA:98,13,1,0
BRDA:99,14,0,0
BRDA:99,14,1,0
BRDA:100,15,0,0
BRDA:100,15,1,0
BRF:26
BRH:0
end_of_record
TN:
SF:hooks/useNotifications.js
FN:7,(anonymous_0)
FN:15,(anonymous_1)
FN:18,(anonymous_2)
FN:50,(anonymous_3)
FN:58,(anonymous_4)
FN:67,(anonymous_5)
FN:76,(anonymous_6)
FN:85,(anonymous_7)
FN:103,(anonymous_8)
FN:109,(anonymous_9)
FN:115,(anonymous_10)
FN:121,(anonymous_11)
FN:127,(anonymous_12)
FNF:13
FNH:0
FNDA:0,(anonymous_0)
FNDA:0,(anonymous_1)
FNDA:0,(anonymous_2)
FNDA:0,(anonymous_3)
FNDA:0,(anonymous_4)
FNDA:0,(anonymous_5)
FNDA:0,(anonymous_6)
FNDA:0,(anonymous_7)
FNDA:0,(anonymous_8)
FNDA:0,(anonymous_9)
FNDA:0,(anonymous_10)
FNDA:0,(anonymous_11)
FNDA:0,(anonymous_12)
DA:7,0
DA:8,0
DA:9,0
DA:10,0
DA:11,0
DA:12,0
DA:15,0
DA:16,0
DA:18,0
DA:19,0
DA:20,0
DA:21,0
DA:24,0
DA:25,0
DA:28,0
DA:30,0
DA:31,0
DA:34,0
DA:35,0
DA:36,0
DA:40,0
DA:42,0
DA:43,0
DA:47,0
DA:50,0
DA:51,0
DA:52,0
DA:58,0
DA:59,0
DA:61,0
DA:62,0
DA:63,0
DA:67,0
DA:68,0
DA:70,0
DA:71,0
DA:72,0
DA:76,0
DA:77,0
DA:79,0
DA:80,0
DA:81,0
DA:85,0
DA:86,0
DA:88,0
DA:89,0
DA:91,0
DA:93,0
DA:94,0
DA:95,0
DA:99,0
DA:103,0
DA:104,0
DA:105,0
DA:109,0
DA:110,0
DA:111,0
DA:115,0
DA:116,0
DA:117,0
DA:121,0
DA:122,0
DA:123,0
DA:127,0
DA:128,0
DA:129,0
DA:132,0
LF:67
LH:0
BRDA:7,0,0,0
BRDA:16,1,0,0
BRDA:16,1,1,0
BRDA:30,2,0,0
BRDA:30,2,1,0
BRDA:35,3,0,0
BRDA:35,3,1,0
BRDA:51,4,0,0
BRDA:51,4,1,0
BRDA:59,5,0,0
BRDA:59,5,1,0
BRDA:68,6,0,0
BRDA:68,6,1,0
BRDA:77,7,0,0
BRDA:77,7,1,0
BRDA:86,8,0,0
BRDA:86,8,1,0
BRDA:91,9,0,0
BRDA:91,9,1,0
BRDA:94,10,0,0
BRDA:94,10,1,0
BRDA:104,11,0,0
BRDA:104,11,1,0
BRDA:110,12,0,0
BRDA:110,12,1,0
BRDA:116,13,0,0
BRDA:116,13,1,0
BRDA:122,14,0,0
BRDA:122,14,1,0
BRDA:128,15,0,0
BRDA:128,15,1,0
BRF:31
BRH:0
end_of_record
TN:
SF:hooks/useProfile.js
FN:12,(anonymous_0)
FN:17,(anonymous_1)
FN:79,(anonymous_2)
FN:83,(anonymous_3)
FN:91,(anonymous_4)
FN:99,(anonymous_5)
FN:106,(anonymous_6)
FN:112,(anonymous_7)
FN:117,(anonymous_8)
FN:127,(anonymous_9)
FN:128,(anonymous_10)
FN:136,(anonymous_11)
FN:146,(anonymous_12)
FN:164,(anonymous_13)
FN:169,(anonymous_14)
FNF:15
FNH:0
FNDA:0,(anonymous_0)
FNDA:0,(anonymous_1)
FNDA:0,(anonymous_2)
FNDA:0,(anonymous_3)
FNDA:0,(anonymous_4)
FNDA:0,(anonymous_5)
FNDA:0,(anonymous_6)
FNDA:0,(anonymous_7)
FNDA:0,(anonymous_8)
FNDA:0,(anonymous_9)
FNDA:0,(anonymous_10)
FNDA:0,(anonymous_11)
FNDA:0,(anonymous_12)
FNDA:0,(anonymous_13)
FNDA:0,(anonymous_14)
DA:7,0
DA:12,0
DA:13,0
DA:15,0
DA:19,0
DA:21,0
DA:23,0
DA:26,0
DA:28,0
DA:32,0
DA:45,0
DA:47,0
DA:49,0
DA:50,0
DA:55,0
DA:56,0
DA:61,0
DA:62,0
DA:65,0
DA:79,0
DA:80,0
DA:82,0
DA:84,0
DA:87,0
DA:89,0
DA:93,0
DA:96,0
DA:99,0
DA:104,0
DA:108,0
DA:109,0
DA:114,0
DA:115,0
DA:119,0
DA:127,0
DA:128,0
DA:129,0
DA:130,0
DA:132,0
DA:136,0
DA:137,0
DA:138,0
DA:139,0
DA:141,0
DA:142,0
DA:146,0
DA:147,0
DA:148,0
DA:150,0
DA:154,0
DA:164,0
DA:165,0
DA:167,0
DA:170,0
DA:171,0
DA:172,0
DA:173,0
DA:176,0
DA:177,0
DA:179,0
DA:180,0
DA:182,0
LF:62
LH:0
BRDA:12,0,0,0
BRDA:32,1,0,0
BRDA:32,1,1,0
BRDA:32,1,2,0
BRDA:32,1,3,0
BRDA:32,1,4,0
BRDA:32,1,5,0
BRDA:32,1,6,0
BRDA:32,1,7,0
BRDA:32,1,8,0
BRDA:32,1,9,0
BRDA:32,1,10,0
BRDA:45,2,0,0
BRDA:45,2,1,0
BRDA:45,3,0,0
BRDA:45,3,1,0
BRDA:56,4,0,0
BRDA:56,4,1,0
BRDA:58,5,0,0
BRDA:58,5,1,0
BRDA:61,6,0,0
BRDA:61,6,1,0
BRDA:61,7,0,0
BRDA:61,7,1,0
BRDA:69,8,0,0
BRDA:69,8,1,0
BRDA:70,9,0,0
BRDA:70,9,1,0
BRDA:108,10,0,0
BRDA:108,10,1,0
BRDA:139,11,0,0
BRDA:139,11,1,0
BRDA:164,12,0,0
BRDA:172,13,0,0
BRDA:172,13,1,0
BRDA:188,14,0,0
BRDA:188,14,1,0
BRF:37
BRH:0
end_of_record
TN:
SF:hooks/useReviews.js
FN:7,(anonymous_0)
FN:12,(anonymous_1)
FN:27,(anonymous_2)
FN:31,(anonymous_3)
FN:35,(anonymous_4)
FN:47,(anonymous_5)
FNF:6
FNH:0
FNDA:0,(anonymous_0)
FNDA:0,(anonymous_1)
FNDA:0,(anonymous_2)
FNDA:0,(anonymous_3)
FNDA:0,(anonymous_4)
FNDA:0,(anonymous_5)
DA:7,0
DA:8,0
DA:10,0
DA:13,0
DA:14,0
DA:27,0
DA:28,0
DA:30,0
DA:32,0
DA:33,0
DA:37,0
DA:39,0
DA:40,0
DA:43,0
DA:44,0
DA:49,0
LF:16
LH:0
BRDA:7,0,0,0
BRDA:7,1,0,0
BRDA:17,2,0,0
BRDA:17,2,1,0
BRDA:18,3,0,0
BRDA:18,3,1,0
BRDA:39,4,0,0
BRDA:39,4,1,0
BRDA:43,5,0,0
BRDA:43,5,1,0
BRF:10
BRH:0
end_of_record
TN:
SF:hooks/useShifts.js
FN:7,(anonymous_0)
FN:12,(anonymous_1)
FN:28,(anonymous_2)
FN:32,(anonymous_3)
FN:36,(anonymous_4)
FN:48,(anonymous_5)
FN:52,(anonymous_6)
FN:56,(anonymous_7)
FNF:8
FNH:0
FNDA:0,(anonymous_0)
FNDA:0,(anonymous_1)
FNDA:0,(anonymous_2)
FNDA:0,(anonymous_3)
FNDA:0,(anonymous_4)
FNDA:0,(anonymous_5)
FNDA:0,(anonymous_6)
FNDA:0,(anonymous_7)
DA:7,0
DA:8,0
DA:10,0
DA:13,0
DA:14,0
DA:28,0
DA:29,0
DA:31,0
DA:33,0
DA:34,0
DA:38,0
DA:40,0
DA:48,0
DA:49,0
DA:51,0
DA:53,0
DA:54,0
DA:58,0
DA:60,0
LF:19
LH:0
BRDA:7,0,0,0
BRDA:7,1,0,0
BRDA:17,2,0,0
BRDA:17,2,1,0
BRDA:18,3,0,0
BRDA:18,3,1,0
BRDA:32,4,0,0
BRDA:52,5,0,0
BRF:8
BRH:0
end_of_record
TN:
SF:services/authService.js
FN:21,(anonymous_0)
FN:42,(anonymous_1)
FN:56,(anonymous_2)
FN:67,(anonymous_3)
FN:127,(anonymous_4)
FN:135,(anonymous_5)
FN:143,(anonymous_6)
FN:205,(anonymous_7)
FN:253,(anonymous_8)
FN:301,(anonymous_9)
FN:314,(anonymous_10)
FN:340,(anonymous_11)
FN:409,(anonymous_12)
FN:449,(anonymous_13)
FN:457,(anonymous_14)
FNF:15
FNH:0
FNDA:0,(anonymous_0)
FNDA:0,(anonymous_1)
FNDA:0,(anonymous_2)
FNDA:0,(anonymous_3)
FNDA:0,(anonymous_4)
FNDA:0,(anonymous_5)
FNDA:0,(anonymous_6)
FNDA:0,(anonymous_7)
FNDA:0,(anonymous_8)
FNDA:0,(anonymous_9)
FNDA:0,(anonymous_10)
FNDA:0,(anonymous_11)
FNDA:0,(anonymous_12)
FNDA:0,(anonymous_13)
FNDA:0,(anonymous_14)
DA:9,1
DA:10,1
DA:11,1
DA:12,1
DA:15,1
DA:16,1
DA:21,1
DA:22,0
DA:23,0
DA:25,0
DA:26,0
DA:28,0
DA:30,0
DA:31,0
DA:32,0
DA:34,0
DA:35,0
DA:42,1
DA:43,0
DA:45,0
DA:46,0
DA:49,0
DA:50,0
DA:56,1
DA:57,0
DA:58,0
DA:59,0
DA:67,1
DA:69,0
DA:70,0
DA:73,0
DA:75,0
DA:76,0
DA:77,0
DA:78,0
DA:84,0
DA:86,0
DA:89,0
DA:90,0
DA:91,0
DA:96,0
DA:100,0
DA:101,0
DA:102,0
DA:103,0
DA:108,0
DA:109,0
DA:110,0
DA:111,0
DA:114,0
DA:115,0
DA:116,0
DA:118,0
DA:119,0
DA:120,0
DA:127,1
DA:128,0
DA:129,0
DA:135,1
DA:136,0
DA:137,0
DA:143,1
DA:145,0
DA:147,0
DA:148,0
DA:150,0
DA:151,0
DA:152,0
DA:156,0
DA:162,0
DA:163,0
DA:165,0
DA:166,0
DA:168,0
DA:169,0
DA:175,0
DA:176,0
DA:177,0
DA:178,0
DA:179,0
DA:182,0
DA:183,0
DA:188,0
DA:189,0
DA:192,0
DA:193,0
DA:194,0
DA:197,0
DA:205,1
DA:207,0
DA:208,0
DA:209,0
DA:210,0
DA:212,0
DA:213,0
DA:217,0
DA:218,0
DA:219,0
DA:222,0
DA:228,0
DA:229,0
DA:231,0
DA:232,0
DA:233,0
DA:235,0
DA:236,0
DA:239,0
DA:241,0
DA:242,0
DA:244,0
DA:245,0
DA:253,1
DA:255,0
DA:256,0
DA:257,0
DA:258,0
DA:260,0
DA:261,0
DA:265,0
DA:266,0
DA:267,0
DA:270,0
DA:276,0
DA:277,0
DA:279,0
DA:280,0
DA:281,0
DA:283,0
DA:284,0
DA:287,0
DA:289,0
DA:290,0
DA:292,0
DA:293,0
DA:301,1
DA:302,0
DA:303,0
DA:304,0
DA:306,0
DA:307,0
DA:314,1
DA:315,0
DA:316,0
DA:319,0
DA:321,0
DA:322,0
DA:323,0
DA:324,0
DA:325,0
DA:327,0
DA:328,0
DA:331,0
DA:334,0
DA:340,1
DA:341,0
DA:342,0
DA:343,0
DA:346,0
DA:348,0
DA:357,0
DA:358,0
DA:359,0
DA:364,0
DA:366,0
DA:368,0
DA:369,0
DA:371,0
DA:372,0
DA:375,0
DA:377,0
DA:378,0
DA:382,0
DA:383,0
DA:388,0
DA:389,0
DA:390,0
DA:391,0
DA:393,0
DA:395,0
DA:396,0
DA:397,0
DA:399,0
DA:402,0
DA:409,1
DA:411,0
DA:413,0
DA:414,0
DA:415,0
DA:416,0
DA:419,0
DA:425,0
DA:426,0
DA:428,0
DA:429,0
DA:431,0
DA:432,0
DA:438,0
DA:439,0
DA:441,0
DA:449,1
DA:450,0
DA:451,0
DA:457,1
DA:458,0
DA:460,0
DA:461,0
DA:465,0
DA:466,0
DA:467,0
DA:468,0
DA:469,0
DA:471,0
DA:472,0
DA:473,0
DA:477,0
DA:478,0
DA:480,0
DA:481,0
DA:482,0
DA:486,0
DA:488,0
DA:490,0
DA:491,0
DA:495,0
DA:496,0
DA:501,0
LF:226
LH:21
BRDA:23,0,0,0
BRDA:23,0,1,0
BRDA:26,1,0,0
BRDA:26,1,1,0
BRDA:43,2,0,0
BRDA:43,2,1,0
BRDA:46,3,0,0
BRDA:46,3,1,0
BRDA:46,4,0,0
BRDA:46,4,1,0
BRDA:58,5,0,0
BRDA:58,5,1,0
BRDA:58,6,0,0
BRDA:58,6,1,0
BRDA:69,7,0,0
BRDA:69,7,1,0
BRDA:75,8,0,0
BRDA:75,8,1,0
BRDA:75,9,0,0
BRDA:75,9,1,0
BRDA:84,10,0,0
BRDA:84,10,1,0
BRDA:86,11,0,0
BRDA:86,11,1,0
BRDA:86,12,0,0
BRDA:86,12,1,0
BRDA:96,13,0,0
BRDA:96,13,1,0
BRDA:96,13,2,0
BRDA:100,14,0,0
BRDA:100,14,1,0
BRDA:108,15,0,0
BRDA:108,15,1,0
BRDA:108,16,0,0
BRDA:108,16,1,0
BRDA:145,17,0,0
BRDA:145,17,1,0
BRDA:147,18,0,0
BRDA:147,18,1,0
BRDA:151,19,0,0
BRDA:151,19,1,0
BRDA:156,20,0,0
BRDA:156,20,1,0
BRDA:156,21,0,0
BRDA:156,21,1,0
BRDA:156,21,2,0
BRDA:156,21,3,0
BRDA:162,22,0,0
BRDA:162,22,1,0
BRDA:162,23,0,0
BRDA:162,23,1,0
BRDA:175,24,0,0
BRDA:175,24,1,0
BRDA:178,25,0,0
BRDA:178,25,1,0
BRDA:193,26,0,0
BRDA:193,26,1,0
BRDA:207,27,0,0
BRDA:207,27,1,0
BRDA:222,28,0,0
BRDA:222,28,1,0
BRDA:222,29,0,0
BRDA:222,29,1,0
BRDA:222,29,2,0
BRDA:222,29,3,0
BRDA:228,30,0,0
BRDA:228,30,1,0
BRDA:228,31,0,0
BRDA:228,31,1,0
BRDA:255,32,0,0
BRDA:255,32,1,0
BRDA:270,33,0,0
BRDA:270,33,1,0
BRDA:270,34,0,0
BRDA:270,34,1,0
BRDA:270,34,2,0
BRDA:270,34,3,0
BRDA:276,35,0,0
BRDA:276,35,1,0
BRDA:276,36,0,0
BRDA:276,36,1,0
BRDA:316,37,0,0
BRDA:316,37,1,0
BRDA:319,38,0,0
BRDA:319,38,1,0
BRDA:322,39,0,0
BRDA:322,39,1,0
BRDA:342,40,0,0
BRDA:342,40,1,0
BRDA:364,41,0,0
BRDA:364,41,1,0
BRDA:366,42,0,0
BRDA:366,42,1,0
BRDA:366,43,0,0
BRDA:366,43,1,0
BRDA:371,44,0,0
BRDA:371,44,1,0
BRDA:377,45,0,0
BRDA:377,45,1,0
BRDA:382,46,0,0
BRDA:382,46,1,0
BRDA:382,47,0,0
BRDA:382,47,1,0
BRDA:389,48,0,0
BRDA:389,48,1,0
BRDA:395,49,0,0
BRDA:395,49,1,0
BRDA:395,50,0,0
BRDA:395,50,1,0
BRDA:395,50,2,0
BRDA:411,51,0,0
BRDA:411,51,1,0
BRDA:413,52,0,0
BRDA:413,52,1,0
BRDA:419,53,0,0
BRDA:419,53,1,0
BRDA:419,54,0,0
BRDA:419,54,1,0
BRDA:419,54,2,0
BRDA:419,54,3,0
BRDA:425,55,0,0
BRDA:425,55,1,0
BRDA:425,56,0,0
BRDA:425,56,1,0
BRDA:460,57,0,0
BRDA:460,57,1,0
BRDA:465,58,0,0
BRDA:465,58,1,0
BRDA:467,59,0,0
BRDA:467,59,1,0
BRDA:471,60,0,0
BRDA:471,60,1,0
BRDA:478,61,0,0
BRDA:478,61,1,0
BRDA:480,62,0,0
BRDA:480,62,1,0
BRF:136
BRH:0
end_of_record
TN:
SF:services/cacheService.js
FN:9,(anonymous_0)
FN:23,(anonymous_1)
FN:36,(anonymous_2)
FN:47,(anonymous_3)
FN:57,(anonymous_4)
FN:76,(anonymous_5)
FN:99,(anonymous_6)
FN:116,(anonymous_7)
FN:143,(anonymous_8)
FN:154,(anonymous_9)
FN:171,(anonymous_10)
FN:197,(anonymous_11)
FN:215,(anonymous_12)
FN:247,(anonymous_13)
FN:259,(anonymous_14)
FN:262,(anonymous_15)
FNF:16
FNH:0
FNDA:0,(anonymous_0)
FNDA:0,(anonymous_1)
FNDA:0,(anonymous_2)
FNDA:0,(anonymous_3)
FNDA:0,(anonymous_4)
FNDA:0,(anonymous_5)
FNDA:0,(anonymous_6)
FNDA:0,(anonymous_7)
FNDA:0,(anonymous_8)
FNDA:0,(anonymous_9)
FNDA:0,(anonymous_10)
FNDA:0,(anonymous_11)
FNDA:0,(anonymous_12)
FNDA:0,(anonymous_13)
FNDA:0,(anonymous_14)
FNDA:0,(anonymous_15)
DA:3,0
DA:4,0
DA:6,0
DA:11,0
DA:23,0
DA:24,0
DA:25,0
DA:26,0
DA:28,0
DA:29,0
DA:36,0
DA:37,0
DA:38,0
DA:40,0
DA:47,0
DA:48,0
DA:49,0
DA:51,0
DA:52,0
DA:56,0
DA:57,0
DA:58,0
DA:62,0
DA:63,0
DA:64,0
DA:65,0
DA:66,0
DA:67,0
DA:70,0
DA:75,0
DA:76,0
DA:77,0
DA:78,0
DA:81,0
DA:82,0
DA:83,0
DA:89,0
DA:90,0
DA:92,0
DA:99,0
DA:100,0
DA:101,0
DA:102,0
DA:107,0
DA:109,0
DA:116,0
DA:117,0
DA:118,0
DA:119,0
DA:121,0
DA:122,0
DA:125,0
DA:126,0
DA:128,0
DA:130,0
DA:133,0
DA:135,0
DA:136,0
DA:143,0
DA:144,0
DA:145,0
DA:147,0
DA:154,0
DA:155,0
DA:156,0
DA:157,0
DA:162,0
DA:164,0
DA:171,0
DA:172,0
DA:173,0
DA:174,0
DA:176,0
DA:177,0
DA:180,0
DA:181,0
DA:183,0
DA:184,0
DA:187,0
DA:189,0
DA:190,0
DA:197,0
DA:198,0
DA:199,0
DA:200,0
DA:206,0
DA:208,0
DA:215,0
DA:216,0
DA:217,0
DA:218,0
DA:220,0
DA:221,0
DA:224,0
DA:227,0
DA:228,0
DA:231,0
DA:233,0
DA:234,0
DA:237,0
DA:239,0
DA:240,0
DA:247,0
DA:248,0
DA:249,0
DA:250,0
DA:252,0
DA:259,0
DA:260,0
DA:261,0
DA:262,0
DA:263,0
DA:264,0
DA:267,0
LF:114
LH:0
BRDA:26,0,0,0
BRDA:26,0,1,0
BRDA:51,1,0,0
BRDA:51,1,1,0
BRDA:58,2,0,0
BRDA:58,2,1,0
BRDA:66,3,0,0
BRDA:66,3,1,0
BRDA:77,4,0,0
BRDA:77,4,1,0
BRDA:82,5,0,0
BRDA:82,5,1,0
BRDA:82,6,0,0
BRDA:82,6,1,0
BRDA:121,7,0,0
BRDA:121,7,1,0
BRDA:128,8,0,0
BRDA:128,8,1,0
BRDA:128,9,0,0
BRDA:128,9,1,0
BRDA:176,10,0,0
BRDA:176,10,1,0
BRDA:183,11,0,0
BRDA:183,11,1,0
BRDA:183,12,0,0
BRDA:183,12,1,0
BRDA:220,13,0,0
BRDA:220,13,1,0
BRDA:227,14,0,0
BRDA:227,14,1,0
BRDA:233,15,0,0
[...]
BRDA:143,29,1,0
BRDA:143,30,0,0
BRDA:143,30,1,0
BRDA:143,30,2,0
BRDA:144,31,0,0
BRDA:144,31,1,0
BRDA:144,32,0,0
BRDA:144,32,1,0
BRDA:152,33,0,0
BRDA:152,33,1,0
BRDA:152,34,0,0
BRDA:152,34,1,0
BRDA:168,35,0,0
BRDA:168,36,0,0
BRDA:172,37,0,0
BRDA:172,37,1,0
BRDA:187,38,0,0
BRDA:187,38,1,0
BRDA:187,39,0,0
BRDA:187,39,1,0
BRDA:189,40,0,0
BRDA:189,40,1,0
BRDA:193,41,0,0
BRDA:193,41,1,0
BRDA:193,42,0,0
BRDA:193,42,1,0
BRDA:201,43,0,0
BRDA:201,43,1,0
BRDA:203,44,0,0
BRDA:203,44,1,0
BRDA:203,45,0,0
BRDA:203,45,1,0
BRDA:203,45,2,0
BRDA:204,46,0,0
BRDA:204,46,1,0
BRDA:204,47,0,0
BRDA:204,47,1,0
BRDA:212,48,0,0
BRDA:212,48,1,0
BRDA:212,49,0,0
BRDA:212,49,1,0
BRF:99
BRH:0
end_of_record
TN:
SF:services/syncService.js
FN:8,(anonymous_0)
FN:24,(anonymous_1)
FN:43,(anonymous_2)
FN:58,(anonymous_3)
FN:68,(anonymous_4)
FN:78,(anonymous_5)
FN:88,(anonymous_6)
FN:118,(anonymous_7)
FN:152,(anonymous_8)
FN:166,(anonymous_9)
FN:204,(anonymous_10)
FN:215,(anonymous_11)
FN:225,(anonymous_12)
FNF:13
FNH:0
FNDA:0,(anonymous_0)
FNDA:0,(anonymous_1)
FNDA:0,(anonymous_2)
FNDA:0,(anonymous_3)
FNDA:0,(anonymous_4)
FNDA:0,(anonymous_5)
FNDA:0,(anonymous_6)
FNDA:0,(anonymous_7)
FNDA:0,(anonymous_8)
FNDA:0,(anonymous_9)
FNDA:0,(anonymous_10)
FNDA:0,(anonymous_11)
FNDA:0,(anonymous_12)
DA:9,0
DA:10,0
DA:11,0
DA:12,0
DA:13,0
DA:14,0
DA:24,0
DA:26,0
DA:32,0
DA:37,0
DA:43,0
DA:44,0
DA:45,0
DA:46,0
DA:49,0
DA:50,0
DA:51,0
DA:58,0
DA:59,0
DA:61,0
DA:68,0
DA:69,0
DA:71,0
DA:78,0
DA:79,0
DA:80,0
DA:81,0
DA:88,0
DA:89,0
DA:90,0
DA:93,0
DA:94,0
DA:96,0
DA:98,0
DA:101,0
DA:104,0
DA:106,0
DA:108,0
DA:109,0
DA:111,0
DA:118,0
DA:119,0
DA:121,0
DA:124,0
DA:125,0
DA:129,0
DA:132,0
DA:135,0
DA:136,0
DA:138,0
DA:140,0
DA:141,0
DA:142,0
DA:145,0
DA:152,0
DA:153,0
DA:154,0
DA:155,0
DA:156,0
DA:157,0
DA:159,0
DA:166,0
DA:167,0
DA:169,0
DA:170,0
DA:171,0
DA:172,0
DA:174,0
DA:175,0
DA:176,0
DA:177,0
DA:178,0
DA:181,0
DA:189,0
DA:195,0
DA:197,0
DA:204,0
DA:205,0
DA:210,0
DA:215,0
DA:216,0
DA:217,0
DA:219,0
DA:225,0
DA:226,0
DA:227,0
LF:86
LH:0
BRDA:44,0,0,0
BRDA:44,0,1,0
BRDA:49,1,0,0
BRDA:49,1,1,0
BRDA:59,2,0,0
BRDA:59,2,1,0
BRDA:69,3,0,0
BRDA:69,3,1,0
BRDA:69,4,0,0
BRDA:69,4,1,0
BRDA:80,5,0,0
BRDA:80,5,1,0
BRDA:80,6,0,0
BRDA:80,6,1,0
BRDA:89,7,0,0
BRDA:89,7,1,0
BRDA:124,8,0,0
BRDA:124,8,1,0
BRDA:141,9,0,0
BRDA:141,9,1,0
BRDA:172,10,0,0
BRDA:172,10,1,0
BRDA:216,11,0,0
BRDA:216,11,1,0
BRF:24
BRH:0
end_of_record
TN:
SF:services/websocketService.js
FN:6,(anonymous_0)
FN:25,(anonymous_1)
FN:61,(anonymous_2)
FN:70,(anonymous_3)
FN:79,(anonymous_4)
FN:106,(anonymous_5)
FN:158,(anonymous_6)
FN:166,(anonymous_7)
FN:190,(anonymous_8)
FN:196,(anonymous_9)
FN:206,(anonymous_10)
FN:211,(anonymous_11)
FN:232,(anonymous_12)
FN:250,(anonymous_13)
FN:253,(anonymous_14)
FN:261,(anonymous_15)
FN:264,(anonymous_16)
FN:272,(anonymous_17)
FN:275,(anonymous_18)
FN:283,(anonymous_19)
FN:286,(anonymous_20)
FN:294,(anonymous_21)
FN:295,(anonymous_22)
FN:307,(anonymous_23)
FN:308,(anonymous_24)
FN:320,(anonymous_25)
FN:321,(anonymous_26)
FN:333,(anonymous_27)
FN:334,(anonymous_28)
FN:346,(anonymous_29)
FN:354,(anonymous_30)
FN:366,(anonymous_31)
FN:388,(anonymous_32)
FN:401,(anonymous_33)
FNF:34
FNH:0
FNDA:0,(anonymous_0)
FNDA:0,(anonymous_1)
FNDA:0,(anonymous_2)
FNDA:0,(anonymous_3)
FNDA:0,(anonymous_4)
FNDA:0,(anonymous_5)
FNDA:0,(anonymous_6)
FNDA:0,(anonymous_7)
FNDA:0,(anonymous_8)
FNDA:0,(anonymous_9)
FNDA:0,(anonymous_10)
FNDA:0,(anonymous_11)
FNDA:0,(anonymous_12)
FNDA:0,(anonymous_13)
FNDA:0,(anonymous_14)
FNDA:0,(anonymous_15)
FNDA:0,(anonymous_16)
FNDA:0,(anonymous_17)
FNDA:0,(anonymous_18)
FNDA:0,(anonymous_19)
FNDA:0,(anonymous_20)
FNDA:0,(anonymous_21)
FNDA:0,(anonymous_22)
FNDA:0,(anonymous_23)
FNDA:0,(anonymous_24)
FNDA:0,(anonymous_25)
FNDA:0,(anonymous_26)
FNDA:0,(anonymous_27)
FNDA:0,(anonymous_28)
FNDA:0,(anonymous_29)
FNDA:0,(anonymous_30)
FNDA:0,(anonymous_31)
FNDA:0,(anonymous_32)
FNDA:0,(anonymous_33)
DA:7,0
DA:8,0
DA:9,0
DA:10,0
DA:11,0
DA:12,0
DA:13,0
DA:14,0
DA:15,0
DA:16,0
DA:17,0
DA:18,0
DA:19,0
DA:25,0
DA:26,0
DA:27,0
DA:32,0
DA:33,0
DA:34,0
DA:35,0
DA:39,0
DA:40,0
DA:41,0
DA:42,0
DA:44,0
DA:45,0
DA:47,0
DA:50,0
DA:51,0
DA:53,0
DA:54,0
DA:58,0
DA:59,0
DA:61,0
DA:62,0
DA:63,0
DA:64,0
DA:65,0
DA:67,0
DA:70,0
DA:71,0
DA:72,0
DA:73,0
DA:75,0
DA:79,0
DA:81,0
DA:88,0
DA:89,0
DA:93,0
DA:94,0
DA:96,0
DA:97,0
DA:99,0
DA:102,0
DA:103,0
DA:106,0
DA:107,0
DA:116,0
DA:117,0
DA:119,0
DA:120,0
DA:121,0
DA:122,0
DA:124,0
DA:127,0
DA:128,0
DA:129,0
DA:130,0
DA:132,0
DA:133,0
DA:134,0
DA:135,0
DA:140,0
DA:141,0
DA:144,0
DA:145,0
DA:146,0
DA:148,0
DA:150,0
DA:151,0
DA:158,0
DA:160,0
DA:161,0
DA:162,0
DA:165,0
DA:166,0
DA:171,0
DA:172,0
DA:173,0
DA:174,0
DA:179,0
DA:180,0
DA:181,0
DA:182,0
DA:190,0
DA:191,0
DA:192,0
DA:194,0
DA:196,0
DA:197,0
DA:198,0
DA:206,0
DA:207,0
DA:208,0
DA:211,0
DA:212,0
DA:214,0
DA:215,0
DA:216,0
DA:217,0
DA:219,0
DA:221,0
DA:222,0
DA:223,0
DA:232,0
DA:233,0
DA:236,0
DA:237,0
DA:238,0
DA:241,0
DA:242,0
DA:243,0
DA:250,0
DA:251,0
DA:253,0
DA:254,0
DA:261,0
DA:262,0
DA:264,0
DA:265,0
DA:272,0
DA:273,0
DA:275,0
DA:276,0
DA:283,0
DA:284,0
DA:286,0
DA:287,0
DA:294,0
DA:295,0
DA:296,0
DA:297,0
DA:299,0
DA:307,0
DA:308,0
DA:309,0
DA:310,0
DA:312,0
DA:320,0
DA:321,0
DA:322,0
DA:323,0
DA:325,0
DA:333,0
DA:334,0
DA:335,0
DA:336,0
DA:338,0
DA:346,0
DA:347,0
DA:348,0
DA:354,0
DA:355,0
DA:356,0
DA:358,0
DA:359,0
DA:366,0
DA:367,0
DA:368,0
DA:369,0
DA:372,0
DA:373,0
DA:374,0
DA:376,0
DA:377,0
DA:383,0
DA:388,0
DA:392,0
DA:393,0
DA:395,0
DA:401,0
DA:405,0
DA:406,0
LF:183
LH:0
BRDA:26,0,0,0
BRDA:26,0,1,0
BRDA:26,1,0,0
BRDA:26,1,1,0
BRDA:32,2,0,0
BRDA:32,2,1,0
BRDA:32,3,0,0
BRDA:32,3,1,0
BRDA:40,4,0,0
BRDA:40,4,1,0
BRDA:40,5,0,0
BRDA:40,5,1,0
BRDA:44,6,0,0
BRDA:44,6,1,0
BRDA:44,7,0,0
BRDA:44,7,1,0
BRDA:54,8,0,0
BRDA:54,8,1,0
BRDA:82,9,0,0
BRDA:82,9,1,0
BRDA:88,10,0,0
BRDA:88,10,1,0
BRDA:88,10,2,0
BRDA:89,11,0,0
BRDA:89,11,1,0
BRDA:89,11,2,0
BRDA:93,12,0,0
BRDA:93,12,1,0
BRDA:109,13,0,0
BRDA:109,13,1,0
BRDA:116,14,0,0
BRDA:116,14,1,0
BRDA:121,15,0,0
BRDA:121,15,1,0
BRDA:129,16,0,0
BRDA:129,16,1,0
BRDA:132,17,0,0
BRDA:132,17,1,0
BRDA:134,18,0,0
BRDA:134,18,1,0
BRDA:140,19,0,0
BRDA:140,19,1,0
BRDA:140,19,2,0
BRDA:141,20,0,0
BRDA:141,20,1,0
BRDA:141,21,0,0
BRDA:141,21,1,0
BRDA:141,21,2,0
BRDA:160,22,0,0
BRDA:160,22,1,0
BRDA:171,23,0,0
BRDA:171,23,1,0
BRDA:171,24,0,0
BRDA:171,24,1,0
BRDA:172,25,0,0
BRDA:172,25,1,0
BRDA:173,26,0,0
BRDA:173,26,1,0
BRDA:179,27,0,0
BRDA:179,27,1,0
BRDA:179,28,0,0
BRDA:179,28,1,0
BRDA:180,29,0,0
BRDA:180,29,1,0
BRDA:181,30,0,0
BRDA:181,30,1,0
BRDA:197,31,0,0
BRDA:197,31,1,0
BRDA:207,32,0,0
BRDA:207,32,1,0
BRDA:212,33,0,0
BRDA:212,33,1,0
BRDA:212,34,0,0
BRDA:212,34,1,0
BRDA:214,35,0,0
BRDA:214,35,1,0
BRDA:214,36,0,0
BRDA:214,36,1,0
BRDA:214,36,2,0
BRDA:219,37,0,0
BRDA:219,37,1,0
BRDA:222,38,0,0
BRDA:222,38,1,0
BRDA:236,39,0,0
BRDA:236,39,1,0
BRDA:241,40,0,0
BRDA:241,40,1,0
BRDA:347,41,0,0
BRDA:347,41,1,0
BRDA:348,42,0,0
BRDA:348,42,1,0
BRDA:356,43,0,0
BRDA:356,43,1,0
BRDA:367,44,0,0
BRDA:367,44,1,0
BRDA:389,45,0,0
BRDA:392,46,0,0
BRDA:392,46,1,0
BRDA:402,47,0,0
BRF:99
BRH:0
end_of_record
TN:
SF:services/workersApi.js
FN:16,(anonymous_0)
FN:23,(anonymous_1)
FN:64,(anonymous_2)
FN:65,(anonymous_3)
FN:87,(anonymous_4)
FNF:5
FNH:0
FNDA:0,(anonymous_0)
FNDA:0,(anonymous_1)
FNDA:0,(anonymous_2)
FNDA:0,(anonymous_3)
FNDA:0,(anonymous_4)
DA:11,0
DA:16,0
DA:17,0
DA:23,0
DA:24,0
DA:25,0
DA:26,0
DA:27,0
DA:28,0
DA:32,0
DA:33,0
DA:35,0
DA:36,0
DA:37,0
DA:38,0
DA:39,0
DA:40,0
DA:42,0
DA:43,0
DA:45,0
DA:48,0
DA:49,0
DA:51,0
DA:54,0
DA:64,0
DA:65,0
DA:66,0
DA:67,0
DA:68,0
DA:72,0
DA:75,0
DA:76,0
DA:79,0
DA:80,0
DA:83,0
DA:84,0
DA:86,0
DA:87,0
DA:89,0
DA:94,0
DA:95,0
DA:96,0
DA:99,0
DA:100,0
DA:101,0
DA:104,0
DA:105,0
DA:106,0
DA:109,0
DA:110,0
DA:113,0
DA:114,0
DA:117,0
DA:118,0
DA:119,0
DA:121,0
DA:122,0
DA:123,0
LF:58
LH:0
BRDA:25,0,0,0
BRDA:25,0,1,0
BRDA:27,1,0,0
BRDA:27,1,1,0
BRDA:27,2,0,0
BRDA:27,2,1,0
BRDA:35,3,0,0
BRDA:35,3,1,0
BRDA:35,4,0,0
BRDA:35,4,1,0
BRDA:35,4,2,0
BRDA:35,4,3,0
BRDA:35,4,4,0
BRDA:37,5,0,0
BRDA:37,5,1,0
BRDA:42,6,0,0
BRDA:42,6,1,0
BRDA:48,7,0,0
BRDA:48,7,1,0
BRDA:64,8,0,0
BRDA:64,9,0,0
BRDA:67,10,0,0
BRDA:67,10,1,0
BRDA:75,11,0,0
BRDA:75,11,1,0
BRDA:76,12,0,0
BRDA:76,12,1,0
BRDA:79,13,0,0
BRDA:79,13,1,0
BRDA:80,14,0,0
BRDA:80,14,1,0
BRDA:83,15,0,0
BRDA:83,15,1,0
BRDA:84,16,0,0
BRDA:84,16,1,0
BRDA:86,17,0,0
BRDA:86,17,1,0
BRDA:94,18,0,0
BRDA:94,18,1,0
BRDA:95,19,0,0
BRDA:95,19,1,0
BRDA:96,20,0,0
BRDA:96,20,1,0
BRDA:99,21,0,0
BRDA:99,21,1,0
BRDA:100,22,0,0
BRDA:100,22,1,0
BRDA:101,23,0,0
BRDA:101,23,1,0
BRDA:104,24,0,0
BRDA:104,24,1,0
BRDA:105,25,0,0
BRDA:105,25,1,0
BRDA:106,26,0,0
BRDA:106,26,1,0
BRDA:109,27,0,0
BRDA:109,27,1,0
BRDA:110,28,0,0
BRDA:110,28,1,0
BRDA:113,29,0,0
BRDA:113,29,1,0
BRDA:114,30,0,0
BRDA:114,30,1,0
BRDA:117,31,0,0
BRDA:117,31,1,0
BRDA:118,32,0,0
BRDA:118,32,1,0
BRDA:119,33,0,0
BRDA:119,33,1,0
BRDA:121,34,0,0
BRDA:121,34,1,0
BRDA:123,35,0,0
BRDA:123,35,1,0
BRF:73
BRH:0
end_of_record
TN:
SF:tests/msw/handlers.js
FN:17,(anonymous_0)
FN:29,(anonymous_1)
FN:42,(anonymous_2)
FN:54,(anonymous_3)
FN:75,(anonymous_4)
FN:94,(anonymous_5)
FN:112,(anonymous_6)
FN:130,(anonymous_7)
FN:164,(anonymous_8)
FN:181,(anonymous_9)
FN:209,(anonymous_10)
FN:257,(anonymous_11)
FN:287,(anonymous_12)
FN:332,(anonymous_13)
FN:360,(anonymous_14)
FN:381,(anonymous_15)
FN:421,(anonymous_16)
FN:443,(anonymous_17)
FN:477,(anonymous_18)
FN:505,(anonymous_19)
FN:548,(anonymous_20)
FN:566,(anonymous_21)
FN:618,(anonymous_22)
FN:679,(anonymous_23)
FN:686,(anonymous_24)
FN:711,(anonymous_25)
FN:718,(anonymous_26)
FN:743,(anonymous_27)
FNF:28
FNH:0
FNDA:0,(anonymous_0)
FNDA:0,(anonymous_1)
FNDA:0,(anonymous_2)
FNDA:0,(anonymous_3)
FNDA:0,(anonymous_4)
FNDA:0,(anonymous_5)
FNDA:0,(anonymous_6)
FNDA:0,(anonymous_7)
FNDA:0,(anonymous_8)
FNDA:0,(anonymous_9)
FNDA:0,(anonymous_10)
FNDA:0,(anonymous_11)
FNDA:0,(anonymous_12)
FNDA:0,(anonymous_13)
FNDA:0,(anonymous_14)
FNDA:0,(anonymous_15)
FNDA:0,(anonymous_16)
FNDA:0,(anonymous_17)
FNDA:0,(anonymous_18)
FNDA:0,(anonymous_19)
FNDA:0,(anonymous_20)
FNDA:0,(anonymous_21)
FNDA:0,(anonymous_22)
FNDA:0,(anonymous_23)
FNDA:0,(anonymous_24)
FNDA:0,(anonymous_25)
FNDA:0,(anonymous_26)
FNDA:0,(anonymous_27)
DA:1,1
DA:5,1
DA:6,1
DA:7,1
DA:8,1
DA:9,1
DA:10,1
DA:11,1
DA:12,1
DA:13,1
DA:14,1
DA:16,1
DA:18,0
DA:20,0
DA:30,0
DA:32,0
DA:43,0
DA:55,0
DA:56,0
DA:57,0
DA:60,0
DA:76,0
DA:77,0
DA:78,0
DA:81,0
DA:83,0
DA:95,0
DA:96,0
DA:97,0
DA:100,0
DA:113,0
DA:115,0
DA:116,0
DA:119,0
DA:131,0
DA:132,0
DA:133,0
DA:136,0
DA:137,0
DA:138,0
DA:139,0
DA:141,0
DA:164,0
DA:166,0
DA:182,0
DA:183,0
DA:184,0
DA:187,0
DA:189,0
DA:190,0
DA:193,0
DA:210,0
DA:211,0
DA:212,0
DA:215,0
DA:248,0
DA:258,0
DA:259,0
DA:260,0
DA:263,0
DA:265,0
DA:278,0
DA:288,0
DA:289,0
DA:290,0
DA:293,0
DA:294,0
DA:297,0
DA:298,0
DA:299,0
DA:300,0
DA:301,0
DA:323,0
DA:333,0
DA:334,0
DA:335,0
DA:338,0
DA:339,0
DA:341,0
DA:342,0
DA:345,0
DA:361,0
DA:362,0
DA:363,0
DA:366,0
DA:367,0
DA:369,0
DA:382,0
DA:383,0
DA:384,0
DA:387,0
DA:412,0
DA:422,0
DA:423,0
DA:424,0
DA:427,0
DA:429,0
DA:444,0
DA:445,0
DA:446,0
DA:449,0
DA:468,0
DA:478,0
DA:479,0
DA:480,0
DA:483,0
DA:485,0
DA:486,0
DA:489,0
DA:506,0
DA:507,0
DA:508,0
DA:511,0
DA:512,0
DA:513,0
DA:514,0
DA:515,0
DA:517,0
DA:549,0
DA:550,0
DA:551,0
DA:552,0
DA:553,0
DA:556,0
DA:567,0
DA:568,0
DA:569,0
DA:572,0
DA:611,0
DA:619,0
DA:620,0
DA:621,0
DA:624,0
DA:625,0
DA:627,0
DA:666,0
DA:668,0
DA:669,0
DA:672,0
DA:680,0
DA:681,0
DA:682,0
DA:686,0
DA:687,0
DA:688,0
DA:689,0
DA:691,0
DA:704,0
DA:712,0
DA:713,0
DA:714,0
DA:718,0
DA:719,0
DA:720,0
DA:721,0
DA:723,0
DA:736,0
DA:744,0
DA:745,0
DA:746,0
DA:749,0
DA:751,0
DA:759,1
LF:163
LH:13
BRDA:5,0,0,1
BRDA:5,0,1,1
BRDA:24,1,0,0
BRDA:24,1,1,0
BRDA:24,2,0,0
BRDA:24,2,1,0
BRDA:56,3,0,0
BRDA:56,3,1,0
BRDA:56,4,0,0
BRDA:56,4,1,0
BRDA:77,5,0,0
BRDA:77,5,1,0
BRDA:77,6,0,0
BRDA:77,6,1,0
BRDA:96,7,0,0
BRDA:96,7,1,0
BRDA:96,8,0,0
BRDA:96,8,1,0
BRDA:115,9,0,0
BRDA:115,9,1,0
BRDA:132,10,0,0
BRDA:132,10,1,0
BRDA:132,11,0,0
BRDA:132,11,1,0
BRDA:137,12,0,0
BRDA:137,12,1,0
BRDA:138,13,0,0
BRDA:138,13,1,0
BRDA:139,14,0,0
BRDA:139,14,1,0
BRDA:164,15,0,0
BRDA:164,15,1,0
BRDA:183,16,0,0
BRDA:183,16,1,0
BRDA:183,17,0,0
BRDA:183,17,1,0
BRDA:189,18,0,0
BRDA:189,18,1,0
BRDA:201,19,0,0
BRDA:201,19,1,0
BRDA:211,20,0,0
BRDA:211,20,1,0
BRDA:211,21,0,0
BRDA:211,21,1,0
BRDA:259,22,0,0
BRDA:259,22,1,0
BRDA:259,23,0,0
BRDA:259,23,1,0
BRDA:289,24,0,0
BRDA:289,24,1,0
BRDA:289,25,0,0
BRDA:289,25,1,0
BRDA:294,26,0,0
BRDA:294,26,1,0
BRDA:304,27,0,0
BRDA:304,27,1,0
BRDA:306,28,0,0
BRDA:306,28,1,0
BRDA:308,29,0,0
BRDA:308,29,1,0
BRDA:310,30,0,0
BRDA:310,30,1,0
BRDA:313,31,0,0
BRDA:313,31,1,0
BRDA:315,32,0,0
BRDA:315,32,1,0
BRDA:316,33,0,0
BRDA:316,33,1,0
BRDA:334,34,0,0
BRDA:334,34,1,0
BRDA:334,35,0,0
BRDA:334,35,1,0
BRDA:341,36,0,0
BRDA:341,36,1,0
BRDA:362,37,0,0
BRDA:362,37,1,0
BRDA:362,38,0,0
BRDA:362,38,1,0
BRDA:375,39,0,0
BRDA:375,39,1,0
BRDA:383,40,0,0
BRDA:383,40,1,0
BRDA:383,41,0,0
BRDA:383,41,1,0
BRDA:423,42,0,0
BRDA:423,42,1,0
BRDA:423,43,0,0
BRDA:423,43,1,0
BRDA:445,44,0,0
BRDA:445,44,1,0
BRDA:445,45,0,0
BRDA:445,45,1,0
BRDA:479,46,0,0
BRDA:479,46,1,0
BRDA:479,47,0,0
BRDA:479,47,1,0
BRDA:485,48,0,0
BRDA:485,48,1,0
BRDA:485,49,0,0
BRDA:485,49,1,0
BRDA:497,50,0,0
BRDA:497,50,1,0
BRDA:507,51,0,0
BRDA:507,51,1,0
BRDA:507,52,0,0
BRDA:507,52,1,0
BRDA:512,53,0,0
BRDA:512,53,1,0
BRDA:513,54,0,0
BRDA:513,54,1,0
BRDA:514,55,0,0
BRDA:514,55,1,0
BRDA:549,56,0,0
BRDA:549,56,1,0
BRDA:549,57,0,0
BRDA:549,57,1,0
BRDA:550,58,0,0
BRDA:550,58,1,0
BRDA:550,59,0,0
BRDA:550,59,1,0
BRDA:551,60,0,0
BRDA:551,60,1,0
BRDA:551,61,0,0
BRDA:551,61,1,0
BRDA:552,62,0,0
BRDA:552,62,1,0
BRDA:552,63,0,0
BRDA:552,63,1,0
BRDA:568,64,0,0
BRDA:568,64,1,0
BRDA:568,65,0,0
BRDA:568,65,1,0
BRDA:620,66,0,0
BRDA:620,66,1,0
BRDA:620,67,0,0
BRDA:620,67,1,0
BRDA:668,68,0,0
BRDA:668,68,1,0
BRDA:681,69,0,0
BRDA:681,69,1,0
BRDA:681,70,0,0
BRDA:681,70,1,0
BRDA:687,71,0,0
BRDA:687,71,1,0
BRDA:688,72,0,0
BRDA:688,72,1,0
BRDA:689,73,0,0
BRDA:689,73,1,0
BRDA:713,74,0,0
BRDA:713,74,1,0
BRDA:713,75,0,0
BRDA:713,75,1,0
BRDA:719,76,0,0
BRDA:719,76,1,0
BRDA:720,77,0,0
BRDA:720,77,1,0
BRDA:721,78,0,0
BRDA:721,78,1,0
BRDA:745,79,0,0
BRDA:745,79,1,0
BRDA:745,80,0,0
BRDA:745,80,1,0
BRF:162
BRH:2
end_of_record
TN:
SF:tests/msw/server.js
FNF:0
FNH:0
DA:1,1
DA:2,1
DA:4,1
DA:6,1
LF:4
LH:4
BRF:0
BRH:0
end_of_record
TN:
SF:utils/errorHandler.js
FN:9,(anonymous_0)
FN:19,(anonymous_1)
FN:27,(anonymous_2)
FN:35,(anonymous_3)
FN:43,(anonymous_4)
FN:51,(anonymous_5)
FN:61,(anonymous_6)
FN:230,(anonymous_7)
FN:328,(anonymous_8)
FN:336,(anonymous_9)
FNF:10
FNH:0
FNDA:0,(anonymous_0)
FNDA:0,(anonymous_1)
FNDA:0,(anonymous_2)
FNDA:0,(anonymous_3)
FNDA:0,(anonymous_4)
FNDA:0,(anonymous_5)
FNDA:0,(anonymous_6)
FNDA:0,(anonymous_7)
FNDA:0,(anonymous_8)
FNDA:0,(anonymous_9)
DA:10,0
DA:11,0
DA:12,0
DA:13,0
DA:14,0
DA:20,0
DA:21,0
DA:22,0
DA:28,0
DA:29,0
DA:30,0
DA:36,0
DA:37,0
DA:38,0
DA:44,0
DA:45,0
DA:46,0
DA:52,0
DA:53,0
DA:54,0
DA:61,1
DA:63,0
DA:69,0
DA:73,0
DA:74,0
DA:76,0
DA:78,0
DA:83,0
DA:88,0
DA:95,0
DA:102,0
DA:109,0
DA:118,0
DA:125,0
DA:135,0
DA:136,0
DA:140,0
DA:141,0
DA:145,0
DA:153,0
DA:154,0
DA:161,0
DA:171,0
DA:172,0
DA:176,0
DA:179,0
DA:180,0
DA:182,0
DA:183,0
DA:188,0
DA:189,0
DA:193,0
DA:194,0
DA:195,0
DA:196,0
DA:197,0
DA:202,0
DA:203,0
DA:204,0
DA:205,0
DA:206,0
DA:207,0
DA:213,0
DA:214,0
DA:219,0
DA:230,1
DA:231,0
DA:232,0
DA:235,0
DA:236,0
DA:239,0
DA:240,0
DA:243,0
DA:244,0
DA:247,0
DA:248,0
DA:251,0
DA:252,0
DA:256,0
DA:257,0
DA:258,0
DA:261,0
DA:267,0
DA:271,0
DA:272,0
DA:276,0
DA:277,0
DA:278,0
DA:280,0
DA:281,0
DA:283,0
DA:284,0
DA:286,0
DA:287,0
DA:289,0
DA:290,0
DA:292,0
DA:296,0
DA:297,0
DA:300,0
DA:304,0
DA:305,0
DA:309,0
DA:311,0
DA:312,0
DA:314,0
DA:315,0
DA:317,0
DA:318,0
DA:322,0
DA:328,1
DA:329,0
DA:336,1
DA:337,0
DA:338,0
DA:341,0
DA:342,0
DA:345,0
DA:346,0
LF:119
LH:4
BRDA:20,0,0,0
BRDA:20,0,1,0
BRDA:28,1,0,0
BRDA:28,1,1,0
BRDA:36,2,0,0
BRDA:36,2,1,0
BRDA:44,3,0,0
BRDA:44,3,1,0
BRDA:52,4,0,0
BRDA:52,4,1,0
BRDA:63,5,0,0
BRDA:63,5,1,0
BRDA:63,6,0,0
BRDA:63,6,1,0
BRDA:63,6,2,0
BRDA:63,6,3,0
BRDA:63,6,4,0
BRDA:63,6,5,0
BRDA:73,7,0,0
BRDA:73,7,1,0
BRDA:76,8,0,0
BRDA:76,8,1,0
BRDA:76,8,2,0
BRDA:76,8,3,0
BRDA:76,8,4,0
BRDA:76,8,5,0
BRDA:76,8,6,0
BRDA:76,8,7,0
BRDA:76,8,8,0
BRDA:76,8,9,0
BRDA:135,9,0,0
BRDA:135,9,1,0
BRDA:135,10,0,0
BRDA:135,10,1,0
BRDA:140,11,0,0
BRDA:140,11,1,0
BRDA:141,12,0,0
BRDA:141,12,1,0
BRDA:145,13,0,0
BRDA:145,13,1,0
BRDA:145,13,2,0
BRDA:145,13,3,0
BRDA:145,13,4,0
BRDA:145,13,5,0
BRDA:145,13,6,0
BRDA:145,13,7,0
BRDA:145,13,8,0
BRDA:153,14,0,0
BRDA:153,14,1,0
BRDA:161,15,0,0
BRDA:161,15,1,0
BRDA:161,15,2,0
BRDA:161,15,3,0
BRDA:161,15,4,0
BRDA:161,15,5,0
BRDA:161,15,6,0
BRDA:161,15,7,0
BRDA:161,15,8,0
BRDA:161,15,9,0
BRDA:161,15,10,0
BRDA:171,16,0,0
BRDA:171,16,1,0
BRDA:179,17,0,0
BRDA:179,17,1,0
BRDA:179,18,0,0
BRDA:179,18,1,0
BRDA:179,18,2,0
BRDA:182,19,0,0
BRDA:182,19,1,0
BRDA:182,20,0,0
BRDA:182,20,1,0
BRDA:182,20,2,0
BRDA:182,20,3,0
BRDA:188,21,0,0
BRDA:188,21,1,0
BRDA:193,22,0,0
BRDA:193,22,1,0
BRDA:193,23,0,0
BRDA:193,23,1,0
BRDA:193,23,2,0
BRDA:194,24,0,0
BRDA:194,24,1,0
BRDA:196,25,0,0
BRDA:196,25,1,0
BRDA:196,26,0,0
BRDA:196,26,1,0
BRDA:196,26,2,0
BRDA:202,27,0,0
BRDA:202,27,1,0
BRDA:202,28,0,0
BRDA:202,28,1,0
BRDA:203,29,0,0
BRDA:203,29,1,0
BRDA:206,30,0,0
BRDA:206,30,1,0
BRDA:206,31,0,0
BRDA:206,31,1,0
BRDA:207,32,0,0
BRDA:207,32,1,0
BRDA:213,33,0,0
BRDA:213,33,1,0
BRDA:213,34,0,0
BRDA:213,34,1,0
BRDA:213,34,2,0
BRDA:214,35,0,0
BRDA:214,35,1,0
BRDA:231,36,0,0
BRDA:231,36,1,0
BRDA:235,37,0,0
BRDA:235,37,1,0
BRDA:239,38,0,0
BRDA:239,38,1,0
BRDA:240,39,0,0
BRDA:240,39,1,0
BRDA:243,40,0,0
BRDA:243,40,1,0
BRDA:247,41,0,0
BRDA:247,41,1,0
BRDA:251,42,0,0
BRDA:251,42,1,0
BRDA:252,43,0,0
BRDA:252,43,1,0
BRDA:256,44,0,0
BRDA:256,44,1,0
BRDA:261,45,0,0
BRDA:261,45,1,0
BRDA:261,46,0,0
BRDA:261,46,1,0
BRDA:261,46,2,0
BRDA:261,46,3,0
BRDA:261,46,4,0
BRDA:261,46,5,0
BRDA:261,46,6,0
BRDA:271,47,0,0
BRDA:271,47,1,0
BRDA:271,48,0,0
BRDA:271,48,1,0
BRDA:276,49,0,0
BRDA:276,49,1,0
BRDA:277,50,0,0
BRDA:277,50,1,0
BRDA:280,51,0,0
BRDA:280,51,1,0
BRDA:283,52,0,0
BRDA:283,52,1,0
BRDA:286,53,0,0
BRDA:286,53,1,0
BRDA:289,54,0,0
BRDA:289,54,1,0
BRDA:289,55,0,0
BRDA:289,55,1,0
BRDA:289,55,2,0
BRDA:292,56,0,0
BRDA:292,56,1,0
BRDA:296,57,0,0
BRDA:296,57,1,0
BRDA:304,58,0,0
BRDA:304,58,1,0
BRDA:309,59,0,0
BRDA:309,59,1,0
BRDA:309,60,0,0
BRDA:309,60,1,0
BRDA:311,61,0,0
BRDA:311,61,1,0
BRDA:314,62,0,0
BRDA:314,62,1,0
BRDA:315,63,0,0
BRDA:315,63,1,0
BRDA:317,64,0,0
BRDA:317,64,1,0
BRDA:317,65,0,0
BRDA:317,65,1,0
BRDA:329,66,0,0
BRDA:329,66,1,0
BRDA:329,66,2,0
BRDA:337,67,0,0
BRDA:337,67,1,0
BRDA:341,68,0,0
BRDA:341,68,1,0
BRDA:346,69,0,0
BRDA:346,69,1,0
BRDA:346,69,2,0
BRDA:346,69,3,0
BRDA:346,69,4,0
BRDA:346,69,5,0
BRDA:346,69,6,0
BRDA:346,69,7,0
BRF:187
BRH:0
end_of_record
TN:
SF:utils/pointerEvents.js
FN:11,(anonymous_0)
FN:64,(anonymous_1)
FN:74,(anonymous_2)
FN:84,(anonymous_3)
FN:94,(anonymous_4)
FN:95,(anonymous_5)
FNF:6
FNH:0
FNDA:0,(anonymous_0)
FNDA:0,(anonymous_1)
FNDA:0,(anonymous_2)
FNDA:0,(anonymous_3)
FNDA:0,(anonymous_4)
FNDA:0,(anonymous_5)
DA:11,0
DA:13,0
DA:14,0
DA:18,0
DA:19,0
DA:22,0
DA:23,0
DA:31,0
DA:32,0
DA:36,0
DA:37,0
DA:42,0
DA:43,0
DA:47,0
DA:48,0
DA:52,0
DA:53,0
DA:56,0
DA:64,0
DA:65,0
DA:66,0
DA:74,0
DA:75,0
DA:76,0
DA:84,0
DA:85,0
DA:86,0
DA:94,0
DA:95,0
DA:96,0
DA:97,0
LF:31
LH:0
BRDA:13,0,0,0
BRDA:13,0,1,0
BRDA:14,1,0,0
BRDA:14,1,1,0
BRDA:18,2,0,0
BRDA:18,2,1,0
BRDA:22,3,0,0
BRDA:22,3,1,0
BRDA:23,4,0,0
BRDA:23,4,1,0
BRDA:31,5,0,0
BRDA:31,5,1,0
BRDA:36,6,0,0
BRDA:36,6,1,0
BRDA:36,7,0,0
BRDA:36,7,1,0
BRDA:42,8,0,0
BRDA:42,8,1,0
BRDA:42,9,0,0
BRDA:42,9,1,0
BRDA:42,9,2,0
BRDA:47,10,0,0
BRDA:47,10,1,0
BRDA:47,11,0,0
BRDA:47,11,1,0
BRDA:52,12,0,0
BRDA:52,12,1,0
BRDA:52,13,0,0
BRDA:52,13,1,0
BRF:29
BRH:0
end_of_record
TN:
SF:utils/viewProps.js
FN:11,(anonymous_0)
FNF:1
FNH:0
FNDA:0,(anonymous_0)
DA:11,0
DA:12,0
DA:14,0
DA:17,0
DA:18,0
DA:21,0
LF:6
LH:0
BRDA:17,0,0,0
BRDA:17,0,1,0
BRDA:22,1,0,0
BRDA:22,1,1,0
BRF:4
BRH:0
end_of_record
